Log file open, 03/16/20 17:24:02
LogWindows: Failed to load 'aqProf.dll' (GetLastError=126)
LogWindows: File 'aqProf.dll' does not exist
LogWindows: Failed to load 'VtuneApi.dll' (GetLastError=126)
LogWindows: File 'VtuneApi.dll' does not exist
LogWindows: Failed to load 'VtuneApi32e.dll' (GetLastError=126)
LogWindows: File 'VtuneApi32e.dll' does not exist
LogConsoleResponse: Display: Failed to find resolution value strings in scalability ini. Falling back to default.
LogInit: Display: Running engine for game: IsolationUE4
LogPlatformFile: Not using cached read wrapper
LogTaskGraph: Started task graph with 5 named threads and 20 total threads with 3 sets of task threads.
LogStats: Stats thread started at 0.065368
LogD3D11RHI: Loaded GFSDK_Aftermath_Lib.x64.dll
LogICUInternationalization: ICU TimeZone Detection - Raw Offset: +1:00, Platform Override: ''
LogPluginManager: Mounting plugin Paper2D
LogPluginManager: Mounting plugin AISupport
LogPluginManager: Mounting plugin LightPropagationVolume
LogPluginManager: Mounting plugin ActorLayerUtilities
LogPluginManager: Mounting plugin AnimationSharing
LogPluginManager: Mounting plugin CLionSourceCodeAccess
LogPluginManager: Mounting plugin CodeLiteSourceCodeAccess
LogPluginManager: Mounting plugin GitSourceControl
LogPluginManager: Mounting plugin KDevelopSourceCodeAccess
LogPluginManager: Mounting plugin NullSourceCodeAccess
LogPluginManager: Mounting plugin PerforceSourceControl
LogPluginManager: Mounting plugin SubversionSourceControl
LogPluginManager: Mounting plugin UObjectPlugin
LogPluginManager: Mounting plugin VisualStudioCodeSourceCodeAccess
LogPluginManager: Mounting plugin VisualStudioSourceCodeAccess
LogPluginManager: Mounting plugin XCodeSourceCodeAccess
LogPluginManager: Mounting plugin AssetManagerEditor
LogPluginManager: Mounting plugin CryptoKeys
LogPluginManager: Mounting plugin CurveEditorTools
LogPluginManager: Mounting plugin DataValidation
LogPluginManager: Mounting plugin FacialAnimation
LogPluginManager: Mounting plugin GameplayTagsEditor
LogPluginManager: Mounting plugin MacGraphicsSwitching
LogPluginManager: Mounting plugin MaterialAnalyzer
LogPluginManager: Mounting plugin MobileLauncherProfileWizard
LogPluginManager: Mounting plugin PluginBrowser
LogPluginManager: Mounting plugin SpeedTreeImporter
LogPluginManager: Mounting plugin DatasmithContent
LogPluginManager: Mounting plugin VariantManagerContent
LogPluginManager: Mounting plugin AlembicImporter
LogPluginManager: Mounting plugin AutomationUtils
LogPluginManager: Mounting plugin BackChannel
LogPluginManager: Mounting plugin CharacterAI
LogPluginManager: Mounting plugin GeometryCache
LogPluginManager: Mounting plugin HTML5Networking
LogPluginManager: Mounting plugin PlatformCrypto
LogPluginManager: Mounting plugin ProxyLODPlugin
LogPluginManager: Mounting plugin SkeletalReduction
LogPluginManager: Mounting plugin MagicLeap
LogPluginManager: Mounting plugin MagicLeapMedia
LogPluginManager: Mounting plugin AndroidMedia
LogPluginManager: Mounting plugin AvfMedia
LogPluginManager: Mounting plugin ImgMedia
LogPluginManager: Mounting plugin MediaCompositing
LogPluginManager: Mounting plugin MediaPlayerEditor
LogPluginManager: Mounting plugin WebMMedia
LogPluginManager: Mounting plugin WmfMedia
LogPluginManager: Mounting plugin TcpMessaging
LogPluginManager: Mounting plugin UdpMessaging
LogPluginManager: Mounting plugin ActorSequence
LogPluginManager: Mounting plugin LevelSequenceEditor
LogPluginManager: Mounting plugin MatineeToLevelSequence
LogPluginManager: Mounting plugin NetcodeUnitTest
LogPluginManager: Mounting plugin NUTUnrealEngine4
LogPluginManager: Mounting plugin OnlineSubsystemGooglePlay
LogPluginManager: Mounting plugin OnlineSubsystemIOS
LogPluginManager: Mounting plugin OnlineSubsystem
LogPluginManager: Mounting plugin OnlineSubsystemNull
LogPluginManager: Mounting plugin OnlineSubsystemUtils
LogPluginManager: Mounting plugin LauncherChunkInstaller
LogPluginManager: Mounting plugin AndroidDeviceProfileSelector
LogPluginManager: Mounting plugin AndroidMoviePlayer
LogPluginManager: Mounting plugin AndroidPermission
LogPluginManager: Mounting plugin AppleImageUtils
LogPluginManager: Mounting plugin AppleMoviePlayer
LogPluginManager: Mounting plugin ArchVisCharacter
LogPluginManager: Mounting plugin AudioCapture
LogPluginManager: Mounting plugin CableComponent
LogPluginManager: Mounting plugin CustomMeshComponent
LogPluginManager: Mounting plugin EditableMesh
LogPluginManager: Mounting plugin ExampleDeviceProfileSelector
LogPluginManager: Mounting plugin GoogleCloudMessaging
LogPluginManager: Mounting plugin IOSDeviceProfileSelector
LogPluginManager: Mounting plugin LinuxDeviceProfileSelector
LogPluginManager: Mounting plugin LocationServicesBPLibrary
LogPluginManager: Mounting plugin MobilePatchingUtils
LogPluginManager: Mounting plugin PhysXVehicles
LogPluginManager: Mounting plugin ProceduralMeshComponent
LogPluginManager: Mounting plugin RuntimePhysXCooking
LogPluginManager: Mounting plugin SignificanceManager
LogPluginManager: Mounting plugin WebMMoviePlayer
LogPluginManager: Mounting plugin WindowsMoviePlayer
LogPluginManager: Mounting plugin ScreenshotTools
LogInit: Using libcurl 7.55.1-DEV
LogInit:  - built for x86_64-pc-win32
LogInit:  - supports SSL with OpenSSL/1.1.1
LogInit:  - supports HTTP deflate (compression) using libz 1.2.8
LogInit:  - other features:
LogInit:      CURL_VERSION_SSL
LogInit:      CURL_VERSION_LIBZ
LogInit:      CURL_VERSION_IPV6
LogInit:      CURL_VERSION_ASYNCHDNS
LogInit:      CURL_VERSION_LARGEFILE
LogInit:      CURL_VERSION_IDN
LogInit:  CurlRequestOptions (configurable via config and command line):
LogInit:  - bVerifyPeer = true  - Libcurl will verify peer certificate
LogInit:  - bUseHttpProxy = false  - Libcurl will NOT use HTTP proxy
LogInit:  - bDontReuseConnections = false  - Libcurl will reuse connections
LogInit:  - MaxHostConnections = 16  - Libcurl will limit the number of connections to a host
LogInit:  - LocalHostAddr = Default
LogInit:  - BufferSize = 65536
LogOnline: OSS: Creating online subsystem instance for: NULL
LogInit: WinSock: version 1.1 (2.2), MaxSocks=32767, MaxUdp=65467
LogInit: Build: ++UE4+Release-4.23-CL-9631420
LogInit: Engine Version: 4.23.1-9631420+++UE4+Release-4.23
LogInit: Compatible Engine Version: 4.23.0-8386587+++UE4+Release-4.23
LogInit: Net CL: 8386587
LogInit: OS: Windows 10 (Release 1903) (), CPU: Intel(R) Core(TM) i5-8400 CPU @ 2.80GHz, GPU: NVIDIA GeForce GTX 1070
LogInit: Compiled (64-bit): Oct 18 2019 02:07:44
LogInit: Compiled with Visual C++: 19.16.27030.01
LogInit: Build Configuration: Development
LogInit: Branch Name: ++UE4+Release-4.23
LogInit: Command Line:  -skipcompile
LogInit: Base Directory: C:/Program Files/UE_4.23/Engine/Binaries/Win64/
LogInit: Installed Engine Build: 1
LogDevObjectVersion: Number of dev versions registered: 23
LogDevObjectVersion:   Dev-Blueprints (B0D832E4-1F89-4F0D-ACCF-7EB736FD4AA2): 10
LogDevObjectVersion:   Dev-Build (E1C64328-A22C-4D53-A36C-8E866417BD8C): 0
LogDevObjectVersion:   Dev-Core (375EC13C-06E4-48FB-B500-84F0262A717E): 3
LogDevObjectVersion:   Dev-Editor (E4B068ED-F494-42E9-A231-DA0B2E46BB41): 34
LogDevObjectVersion:   Dev-Framework (CFFC743F-43B0-4480-9391-14DF171D2073): 35
LogDevObjectVersion:   Dev-Mobile (B02B49B5-BB20-44E9-A304-32B752E40360): 2
LogDevObjectVersion:   Dev-Networking (A4E4105C-59A1-49B5-A7C5-40C4547EDFEE): 0
LogDevObjectVersion:   Dev-Online (39C831C9-5AE6-47DC-9A44-9C173E1C8E7C): 0
LogDevObjectVersion:   Dev-Physics (78F01B33-EBEA-4F98-B9B4-84EACCB95AA2): 0
LogDevObjectVersion:   Dev-Platform (6631380F-2D4D-43E0-8009-CF276956A95A): 0
LogDevObjectVersion:   Dev-Rendering (12F88B9F-8875-4AFC-A67C-D90C383ABD29): 31
LogDevObjectVersion:   Dev-Sequencer (7B5AE74C-D270-4C10-A958-57980B212A5A): 11
LogDevObjectVersion:   Dev-VR (D7296918-1DD6-4BDD-9DE2-64A83CC13884): 2
LogDevObjectVersion:   Dev-LoadTimes (C2A15278-BFE7-4AFE-6C17-90FF531DF755): 1
LogDevObjectVersion:   Private-Geometry (6EACA3D4-40EC-4CC1-B786-8BED09428FC5): 3
LogDevObjectVersion:   Dev-AnimPhys (29E575DD-E0A3-4627-9D10-D276232CDCEA): 17
LogDevObjectVersion:   Dev-Anim (AF43A65D-7FD3-4947-9873-3E8ED9C1BB05): 2
LogDevObjectVersion:   Dev-ReflectionCapture (6B266CEC-1EC7-4B8F-A30B-E4D90942FC07): 1
LogDevObjectVersion:   Dev-Automation (0DF73D61-A23F-47EA-B727-89E90C41499A): 1
LogDevObjectVersion:   FortniteMain (601D1886-AC64-4F84-AA16-D3DE0DEAC7D6): 27
LogDevObjectVersion:   Dev-Enterprise (9DFFBCD6-494F-0158-E221-12823C92A888): 6
LogDevObjectVersion:   Dev-Niagara (F2AED0AC-9AFE-416F-8664-AA7FFA26D6FC): 1
LogDevObjectVersion:   Dev-Destruction (174F1F0B-B4C6-45A5-B13F-2EE8D0FB917D): 9
LogInit: Presizing for max 16777216 objects, including 0 objects not considered by GC, pre-allocating 0 bytes for permanent pool.
LogInit: Object subsystem initialized
LogConfig: Setting CVar [[con.DebugEarlyDefault:1]]
LogConfig: Setting CVar [[r.setres:1280x720]]
[2020.03.16-16.24.03:145][  0]LogConfig: Setting CVar [[r.VSync:0]]
[2020.03.16-16.24.03:145][  0]LogConfig: Setting CVar [[r.RHICmdBypass:0]]
[2020.03.16-16.24.03:145][  0]LogConfig: Applying CVar settings from Section [/Script/Engine.RendererSettings] File [D:/UE4/CONTAGIOSOS/Isolation/IsolationUE4/Saved/Config/Windows/Engine.ini]
[2020.03.16-16.24.03:145][  0]LogConfig: Setting CVar [[r.GPUCrashDebugging:0]]
[2020.03.16-16.24.03:145][  0]LogConfig: Applying CVar settings from Section [/Script/Engine.RendererOverrideSettings] File [D:/UE4/CONTAGIOSOS/Isolation/IsolationUE4/Saved/Config/Windows/Engine.ini]
[2020.03.16-16.24.03:145][  0]LogConfig: Applying CVar settings from Section [/Script/Engine.StreamingSettings] File [D:/UE4/CONTAGIOSOS/Isolation/IsolationUE4/Saved/Config/Windows/Engine.ini]
[2020.03.16-16.24.03:145][  0]LogConfig: Setting CVar [[s.MinBulkDataSizeForAsyncLoading:131072]]
[2020.03.16-16.24.03:145][  0]LogConfig: Setting CVar [[s.AsyncLoadingThreadEnabled:0]]
[2020.03.16-16.24.03:145][  0]LogConfig: Setting CVar [[s.EventDrivenLoaderEnabled:1]]
[2020.03.16-16.24.03:145][  0]LogConfig: Setting CVar [[s.WarnIfTimeLimitExceeded:0]]
[2020.03.16-16.24.03:145][  0]LogConfig: Setting CVar [[s.TimeLimitExceededMultiplier:1.5]]
[2020.03.16-16.24.03:145][  0]LogConfig: Setting CVar [[s.TimeLimitExceededMinTime:0.005]]
[2020.03.16-16.24.03:145][  0]LogConfig: Setting CVar [[s.UseBackgroundLevelStreaming:1]]
[2020.03.16-16.24.03:145][  0]LogConfig: Setting CVar [[s.PriorityAsyncLoadingExtraTime:15.0]]
[2020.03.16-16.24.03:145][  0]LogConfig: Setting CVar [[s.LevelStreamingActorsUpdateTimeLimit:5.0]]
[2020.03.16-16.24.03:146][  0]LogConfig: Setting CVar [[s.PriorityLevelStreamingActorsUpdateExtraTime:5.0]]
[2020.03.16-16.24.03:146][  0]LogConfig: Setting CVar [[s.LevelStreamingComponentsRegistrationGranularity:10]]
[2020.03.16-16.24.03:146][  0]LogConfig: Setting CVar [[s.UnregisterComponentsTimeLimit:1.0]]
[2020.03.16-16.24.03:146][  0]LogConfig: Setting CVar [[s.LevelStreamingComponentsUnregistrationGranularity:5]]
[2020.03.16-16.24.03:146][  0]LogConfig: Applying CVar settings from Section [/Script/Engine.GarbageCollectionSettings] File [D:/UE4/CONTAGIOSOS/Isolation/IsolationUE4/Saved/Config/Windows/Engine.ini]
[2020.03.16-16.24.03:146][  0]LogConfig: Setting CVar [[gc.MaxObjectsNotConsideredByGC:1]]
[2020.03.16-16.24.03:146][  0]LogConfig: Setting CVar [[gc.SizeOfPermanentObjectPool:0]]
[2020.03.16-16.24.03:146][  0]LogConfig: Setting CVar [[gc.FlushStreamingOnGC:0]]
[2020.03.16-16.24.03:146][  0]LogConfig: Setting CVar [[gc.NumRetriesBeforeForcingGC:10]]
[2020.03.16-16.24.03:146][  0]LogConfig: Setting CVar [[gc.AllowParallelGC:1]]
[2020.03.16-16.24.03:146][  0]LogConfig: Setting CVar [[gc.TimeBetweenPurgingPendingKillObjects:61.1]]
[2020.03.16-16.24.03:146][  0]LogConfig: Setting CVar [[gc.MaxObjectsInEditor:16777216]]
[2020.03.16-16.24.03:146][  0]LogConfig: Setting CVar [[gc.IncrementalBeginDestroyEnabled:1]]
[2020.03.16-16.24.03:146][  0]LogConfig: Setting CVar [[gc.CreateGCClusters:1]]
[2020.03.16-16.24.03:146][  0]LogConfig: Setting CVar [[gc.MinGCClusterSize:5]]
[2020.03.16-16.24.03:146][  0]LogConfig: Setting CVar [[gc.ActorClusteringEnabled:0]]
[2020.03.16-16.24.03:146][  0]LogConfig: Setting CVar [[gc.BlueprintClusteringEnabled:0]]
[2020.03.16-16.24.03:146][  0]LogConfig: Setting CVar [[gc.UseDisregardForGCOnDedicatedServers:0]]
[2020.03.16-16.24.03:146][  0]LogConfig: Applying CVar settings from Section [/Script/Engine.NetworkSettings] File [D:/UE4/CONTAGIOSOS/Isolation/IsolationUE4/Saved/Config/Windows/Engine.ini]
[2020.03.16-16.24.03:146][  0]LogConfig: Applying CVar settings from Section [/Script/UnrealEd.CookerSettings] File [D:/UE4/CONTAGIOSOS/Isolation/IsolationUE4/Saved/Config/Windows/Engine.ini]
[2020.03.16-16.24.03:151][  0]LogConfig: Applying CVar settings from Section [ViewDistanceQuality@3] File [D:/UE4/CONTAGIOSOS/Isolation/IsolationUE4/Saved/Config/Windows/Scalability.ini]
[2020.03.16-16.24.03:151][  0]LogConfig: Setting CVar [[r.SkeletalMeshLODBias:0]]
[2020.03.16-16.24.03:151][  0]LogConfig: Setting CVar [[r.ViewDistanceScale:1.0]]
[2020.03.16-16.24.03:151][  0]LogConfig: Applying CVar settings from Section [AntiAliasingQuality@3] File [D:/UE4/CONTAGIOSOS/Isolation/IsolationUE4/Saved/Config/Windows/Scalability.ini]
[2020.03.16-16.24.03:151][  0]LogConfig: Setting CVar [[r.PostProcessAAQuality:4]]
[2020.03.16-16.24.03:151][  0]LogConfig: Applying CVar settings from Section [ShadowQuality@3] File [D:/UE4/CONTAGIOSOS/Isolation/IsolationUE4/Saved/Config/Windows/Scalability.ini]
[2020.03.16-16.24.03:151][  0]LogConfig: Setting CVar [[r.LightFunctionQuality:1]]
[2020.03.16-16.24.03:151][  0]LogConfig: Setting CVar [[r.ShadowQuality:5]]
[2020.03.16-16.24.03:151][  0]LogConfig: Setting CVar [[r.Shadow.CSM.MaxCascades:10]]
[2020.03.16-16.24.03:151][  0]LogConfig: Setting CVar [[r.Shadow.MaxResolution:2048]]
[2020.03.16-16.24.03:151][  0]LogConfig: Setting CVar [[r.Shadow.MaxCSMResolution:2048]]
[2020.03.16-16.24.03:151][  0]LogConfig: Setting CVar [[r.Shadow.RadiusThreshold:0.01]]
[2020.03.16-16.24.03:151][  0]LogConfig: Setting CVar [[r.Shadow.DistanceScale:1.0]]
[2020.03.16-16.24.03:151][  0]LogConfig: Setting CVar [[r.Shadow.CSM.TransitionScale:1.0]]
[2020.03.16-16.24.03:151][  0]LogConfig: Setting CVar [[r.Shadow.PreShadowResolutionFactor:1.0]]
[2020.03.16-16.24.03:151][  0]LogConfig: Setting CVar [[r.DistanceFieldShadowing:1]]
[2020.03.16-16.24.03:151][  0]LogConfig: Setting CVar [[r.DistanceFieldAO:1]]
[2020.03.16-16.24.03:151][  0]LogConfig: Setting CVar [[r.AOQuality:2]]
[2020.03.16-16.24.03:151][  0]LogConfig: Setting CVar [[r.VolumetricFog:1]]
[2020.03.16-16.24.03:151][  0]LogConfig: Setting CVar [[r.VolumetricFog.GridPixelSize:8]]
[2020.03.16-16.24.03:151][  0]LogConfig: Setting CVar [[r.VolumetricFog.GridSizeZ:128]]
[2020.03.16-16.24.03:151][  0]LogConfig: Setting CVar [[r.VolumetricFog.HistoryMissSupersampleCount:4]]
[2020.03.16-16.24.03:151][  0]LogConfig: Setting CVar [[r.LightMaxDrawDistanceScale:1]]
[2020.03.16-16.24.03:151][  0]LogConfig: Setting CVar [[r.CapsuleShadows:1]]
[2020.03.16-16.24.03:151][  0]LogConfig: Applying CVar settings from Section [PostProcessQuality@3] File [D:/UE4/CONTAGIOSOS/Isolation/IsolationUE4/Saved/Config/Windows/Scalability.ini]
[2020.03.16-16.24.03:151][  0]LogConfig: Setting CVar [[r.MotionBlurQuality:4]]
[2020.03.16-16.24.03:151][  0]LogConfig: Setting CVar [[r.AmbientOcclusionMipLevelFactor:0.4]]
[2020.03.16-16.24.03:151][  0]LogConfig: Setting CVar [[r.AmbientOcclusionMaxQuality:100]]
[2020.03.16-16.24.03:151][  0]LogConfig: Setting CVar [[r.AmbientOcclusionLevels:-1]]
[2020.03.16-16.24.03:151][  0]LogConfig: Setting CVar [[r.AmbientOcclusionRadiusScale:1.0]]
[2020.03.16-16.24.03:151][  0]LogConfig: Setting CVar [[r.DepthOfFieldQuality:2]]
[2020.03.16-16.24.03:151][  0]LogConfig: Setting CVar [[r.RenderTargetPoolMin:400]]
[2020.03.16-16.24.03:151][  0]LogConfig: Setting CVar [[r.LensFlareQuality:2]]
[2020.03.16-16.24.03:151][  0]LogConfig: Setting CVar [[r.SceneColorFringeQuality:1]]
[2020.03.16-16.24.03:151][  0]LogConfig: Setting CVar [[r.EyeAdaptationQuality:2]]
[2020.03.16-16.24.03:151][  0]LogConfig: Setting CVar [[r.BloomQuality:5]]
[2020.03.16-16.24.03:151][  0]LogConfig: Setting CVar [[r.FastBlurThreshold:100]]
[2020.03.16-16.24.03:151][  0]LogConfig: Setting CVar [[r.Upscale.Quality:3]]
[2020.03.16-16.24.03:151][  0]LogConfig: Setting CVar [[r.Tonemapper.GrainQuantization:1]]
[2020.03.16-16.24.03:151][  0]LogConfig: Setting CVar [[r.LightShaftQuality:1]]
[2020.03.16-16.24.03:151][  0]LogConfig: Setting CVar [[r.Filter.SizeScale:1]]
[2020.03.16-16.24.03:151][  0]LogConfig: Setting CVar [[r.Tonemapper.Quality:5]]
[2020.03.16-16.24.03:151][  0]LogConfig: Setting CVar [[r.DOF.Gather.AccumulatorQuality:1        ; higher gathering accumulator quality]]
[2020.03.16-16.24.03:151][  0]LogConfig: Setting CVar [[r.DOF.Gather.PostfilterMethod:1          ; Median3x3 postfilering method]]
[2020.03.16-16.24.03:151][  0]LogConfig: Setting CVar [[r.DOF.Gather.EnableBokehSettings:0       ; no bokeh simulation when gathering]]
[2020.03.16-16.24.03:151][  0]LogConfig: Setting CVar [[r.DOF.Gather.RingCount:4                 ; medium number of samples when gathering]]
[2020.03.16-16.24.03:151][  0]LogConfig: Setting CVar [[r.DOF.Scatter.ForegroundCompositing:1    ; additive foreground scattering]]
[2020.03.16-16.24.03:151][  0]LogConfig: Setting CVar [[r.DOF.Scatter.BackgroundCompositing:2    ; additive background scattering]]
[2020.03.16-16.24.03:151][  0]LogConfig: Setting CVar [[r.DOF.Scatter.EnableBokehSettings:1      ; bokeh simulation when scattering]]
[2020.03.16-16.24.03:151][  0]LogConfig: Setting CVar [[r.DOF.Scatter.MaxSpriteRatio:0.1         ; only a maximum of 10% of scattered bokeh]]
[2020.03.16-16.24.03:151][  0]LogConfig: Setting CVar [[r.DOF.Recombine.Quality:1                ; cheap slight out of focus]]
[2020.03.16-16.24.03:151][  0]LogConfig: Setting CVar [[r.DOF.Recombine.EnableBokehSettings:0    ; no bokeh simulation on slight out of focus]]
[2020.03.16-16.24.03:151][  0]LogConfig: Setting CVar [[r.DOF.TemporalAAQuality:1                ; more stable temporal accumulation]]
[2020.03.16-16.24.03:151][  0]LogConfig: Setting CVar [[r.DOF.Kernel.MaxForegroundRadius:0.025]]
[2020.03.16-16.24.03:151][  0]LogConfig: Setting CVar [[r.DOF.Kernel.MaxBackgroundRadius:0.025]]
[2020.03.16-16.24.03:151][  0]LogConfig: Applying CVar settings from Section [TextureQuality@3] File [D:/UE4/CONTAGIOSOS/Isolation/IsolationUE4/Saved/Config/Windows/Scalability.ini]
[2020.03.16-16.24.03:151][  0]LogConfig: Setting CVar [[r.Streaming.MipBias:0]]
[2020.03.16-16.24.03:151][  0]LogConfig: Setting CVar [[r.Streaming.AmortizeCPUToGPUCopy:0]]
[2020.03.16-16.24.03:151][  0]LogConfig: Setting CVar [[r.Streaming.MaxNumTexturesToStreamPerFrame:0]]
[2020.03.16-16.24.03:151][  0]LogConfig: Setting CVar [[r.Streaming.Boost:1]]
[2020.03.16-16.24.03:151][  0]LogConfig: Setting CVar [[r.MaxAnisotropy:8]]
[2020.03.16-16.24.03:151][  0]LogConfig: Setting CVar [[r.Streaming.LimitPoolSizeToVRAM:0]]
[2020.03.16-16.24.03:151][  0]LogConfig: Setting CVar [[r.Streaming.PoolSize:1000]]
[2020.03.16-16.24.03:151][  0]LogConfig: Setting CVar [[r.Streaming.MaxEffectiveScreenSize:0]]
[2020.03.16-16.24.03:151][  0]LogConfig: Applying CVar settings from Section [EffectsQuality@3] File [D:/UE4/CONTAGIOSOS/Isolation/IsolationUE4/Saved/Config/Windows/Scalability.ini]
[2020.03.16-16.24.03:151][  0]LogConfig: Setting CVar [[r.TranslucencyLightingVolumeDim:64]]
[2020.03.16-16.24.03:151][  0]LogConfig: Setting CVar [[r.RefractionQuality:2]]
[2020.03.16-16.24.03:151][  0]LogConfig: Setting CVar [[r.SSR.Quality:3]]
[2020.03.16-16.24.03:151][  0]LogConfig: Setting CVar [[r.SceneColorFormat:4]]
[2020.03.16-16.24.03:151][  0]LogConfig: Setting CVar [[r.DetailMode:2]]
[2020.03.16-16.24.03:151][  0]LogConfig: Setting CVar [[r.TranslucencyVolumeBlur:1]]
[2020.03.16-16.24.03:151][  0]LogConfig: Setting CVar [[r.MaterialQualityLevel:1 ; High quality]]
[2020.03.16-16.24.03:151][  0]LogConfig: Setting CVar [[r.SSS.Scale:1]]
[2020.03.16-16.24.03:151][  0]LogConfig: Setting CVar [[r.SSS.SampleSet:2]]
[2020.03.16-16.24.03:151][  0]LogConfig: Setting CVar [[r.SSS.Quality:1]]
[2020.03.16-16.24.03:151][  0]LogConfig: Setting CVar [[r.SSS.HalfRes:1]]
[2020.03.16-16.24.03:151][  0]LogConfig: Setting CVar [[r.EmitterSpawnRateScale:1.0]]
[2020.03.16-16.24.03:151][  0]LogConfig: Setting CVar [[r.ParticleLightQuality:2]]
[2020.03.16-16.24.03:152][  0]LogConfig: Applying CVar settings from Section [FoliageQuality@3] File [D:/UE4/CONTAGIOSOS/Isolation/IsolationUE4/Saved/Config/Windows/Scalability.ini]
[2020.03.16-16.24.03:152][  0]LogConfig: Setting CVar [[foliage.DensityScale:1.0]]
[2020.03.16-16.24.03:152][  0]LogConfig: Setting CVar [[grass.DensityScale:1.0]]
[2020.03.16-16.24.03:152][  0]LogInit: Selected Device Profile: [Windows]
[2020.03.16-16.24.03:152][  0]LogInit: Applying CVar settings loaded from the selected device profile: [Windows]
[2020.03.16-16.24.03:154][  0]LogHAL: Display: Platform has ~ 16 GB [17106812928 / 17179869184 / 16], which maps to Larger [LargestMinGB=32, LargerMinGB=12, DefaultMinGB=8, SmallerMinGB=6, SmallestMinGB=0)
[2020.03.16-16.24.03:154][  0]LogInit: Going up to parent DeviceProfile []
[2020.03.16-16.24.03:154][  0]LogConfig: Applying CVar settings from Section [ViewDistanceQuality@3] File [D:/UE4/CONTAGIOSOS/Isolation/IsolationUE4/Saved/Config/Windows/Scalability.ini]
[2020.03.16-16.24.03:154][  0]LogConfig: Setting CVar [[r.SkeletalMeshLODBias:0]]
[2020.03.16-16.24.03:154][  0]LogConfig: Setting CVar [[r.ViewDistanceScale:1.0]]
[2020.03.16-16.24.03:154][  0]LogConfig: Applying CVar settings from Section [AntiAliasingQuality@3] File [D:/UE4/CONTAGIOSOS/Isolation/IsolationUE4/Saved/Config/Windows/Scalability.ini]
[2020.03.16-16.24.03:154][  0]LogConfig: Setting CVar [[r.PostProcessAAQuality:4]]
[2020.03.16-16.24.03:154][  0]LogConfig: Applying CVar settings from Section [ShadowQuality@3] File [D:/UE4/CONTAGIOSOS/Isolation/IsolationUE4/Saved/Config/Windows/Scalability.ini]
[2020.03.16-16.24.03:154][  0]LogConfig: Setting CVar [[r.LightFunctionQuality:1]]
[2020.03.16-16.24.03:154][  0]LogConfig: Setting CVar [[r.ShadowQuality:5]]
[2020.03.16-16.24.03:154][  0]LogConfig: Setting CVar [[r.Shadow.CSM.MaxCascades:10]]
[2020.03.16-16.24.03:154][  0]LogConfig: Setting CVar [[r.Shadow.MaxResolution:2048]]
[2020.03.16-16.24.03:154][  0]LogConfig: Setting CVar [[r.Shadow.MaxCSMResolution:2048]]
[2020.03.16-16.24.03:154][  0]LogConfig: Setting CVar [[r.Shadow.RadiusThreshold:0.01]]
[2020.03.16-16.24.03:154][  0]LogConfig: Setting CVar [[r.Shadow.DistanceScale:1.0]]
[2020.03.16-16.24.03:154][  0]LogConfig: Setting CVar [[r.Shadow.CSM.TransitionScale:1.0]]
[2020.03.16-16.24.03:154][  0]LogConfig: Setting CVar [[r.Shadow.PreShadowResolutionFactor:1.0]]
[2020.03.16-16.24.03:154][  0]LogConfig: Setting CVar [[r.DistanceFieldShadowing:1]]
[2020.03.16-16.24.03:154][  0]LogConfig: Setting CVar [[r.DistanceFieldAO:1]]
[2020.03.16-16.24.03:154][  0]LogConfig: Setting CVar [[r.AOQuality:2]]
[2020.03.16-16.24.03:154][  0]LogConfig: Setting CVar [[r.VolumetricFog:1]]
[2020.03.16-16.24.03:154][  0]LogConfig: Setting CVar [[r.VolumetricFog.GridPixelSize:8]]
[2020.03.16-16.24.03:154][  0]LogConfig: Setting CVar [[r.VolumetricFog.GridSizeZ:128]]
[2020.03.16-16.24.03:154][  0]LogConfig: Setting CVar [[r.VolumetricFog.HistoryMissSupersampleCount:4]]
[2020.03.16-16.24.03:154][  0]LogConfig: Setting CVar [[r.LightMaxDrawDistanceScale:1]]
[2020.03.16-16.24.03:154][  0]LogConfig: Setting CVar [[r.CapsuleShadows:1]]
[2020.03.16-16.24.03:154][  0]LogConfig: Applying CVar settings from Section [PostProcessQuality@3] File [D:/UE4/CONTAGIOSOS/Isolation/IsolationUE4/Saved/Config/Windows/Scalability.ini]
[2020.03.16-16.24.03:154][  0]LogConfig: Setting CVar [[r.MotionBlurQuality:4]]
[2020.03.16-16.24.03:154][  0]LogConfig: Setting CVar [[r.AmbientOcclusionMipLevelFactor:0.4]]
[2020.03.16-16.24.03:154][  0]LogConfig: Setting CVar [[r.AmbientOcclusionMaxQuality:100]]
[2020.03.16-16.24.03:154][  0]LogConfig: Setting CVar [[r.AmbientOcclusionLevels:-1]]
[2020.03.16-16.24.03:154][  0]LogConfig: Setting CVar [[r.AmbientOcclusionRadiusScale:1.0]]
[2020.03.16-16.24.03:154][  0]LogConfig: Setting CVar [[r.DepthOfFieldQuality:2]]
[2020.03.16-16.24.03:154][  0]LogConfig: Setting CVar [[r.RenderTargetPoolMin:400]]
[2020.03.16-16.24.03:154][  0]LogConfig: Setting CVar [[r.LensFlareQuality:2]]
[2020.03.16-16.24.03:154][  0]LogConfig: Setting CVar [[r.SceneColorFringeQuality:1]]
[2020.03.16-16.24.03:154][  0]LogConfig: Setting CVar [[r.EyeAdaptationQuality:2]]
[2020.03.16-16.24.03:154][  0]LogConfig: Setting CVar [[r.BloomQuality:5]]
[2020.03.16-16.24.03:154][  0]LogConfig: Setting CVar [[r.FastBlurThreshold:100]]
[2020.03.16-16.24.03:154][  0]LogConfig: Setting CVar [[r.Upscale.Quality:3]]
[2020.03.16-16.24.03:154][  0]LogConfig: Setting CVar [[r.Tonemapper.GrainQuantization:1]]
[2020.03.16-16.24.03:154][  0]LogConfig: Setting CVar [[r.LightShaftQuality:1]]
[2020.03.16-16.24.03:154][  0]LogConfig: Setting CVar [[r.Filter.SizeScale:1]]
[2020.03.16-16.24.03:154][  0]LogConfig: Setting CVar [[r.Tonemapper.Quality:5]]
[2020.03.16-16.24.03:154][  0]LogConfig: Setting CVar [[r.DOF.Gather.AccumulatorQuality:1        ; higher gathering accumulator quality]]
[2020.03.16-16.24.03:154][  0]LogConfig: Setting CVar [[r.DOF.Gather.PostfilterMethod:1          ; Median3x3 postfilering method]]
[2020.03.16-16.24.03:154][  0]LogConfig: Setting CVar [[r.DOF.Gather.EnableBokehSettings:0       ; no bokeh simulation when gathering]]
[2020.03.16-16.24.03:154][  0]LogConfig: Setting CVar [[r.DOF.Gather.RingCount:4                 ; medium number of samples when gathering]]
[2020.03.16-16.24.03:154][  0]LogConfig: Setting CVar [[r.DOF.Scatter.ForegroundCompositing:1    ; additive foreground scattering]]
[2020.03.16-16.24.03:154][  0]LogConfig: Setting CVar [[r.DOF.Scatter.BackgroundCompositing:2    ; additive background scattering]]
[2020.03.16-16.24.03:154][  0]LogConfig: Setting CVar [[r.DOF.Scatter.EnableBokehSettings:1      ; bokeh simulation when scattering]]
[2020.03.16-16.24.03:154][  0]LogConfig: Setting CVar [[r.DOF.Scatter.MaxSpriteRatio:0.1         ; only a maximum of 10% of scattered bokeh]]
[2020.03.16-16.24.03:154][  0]LogConfig: Setting CVar [[r.DOF.Recombine.Quality:1                ; cheap slight out of focus]]
[2020.03.16-16.24.03:154][  0]LogConfig: Setting CVar [[r.DOF.Recombine.EnableBokehSettings:0    ; no bokeh simulation on slight out of focus]]
[2020.03.16-16.24.03:154][  0]LogConfig: Setting CVar [[r.DOF.TemporalAAQuality:1                ; more stable temporal accumulation]]
[2020.03.16-16.24.03:154][  0]LogConfig: Setting CVar [[r.DOF.Kernel.MaxForegroundRadius:0.025]]
[2020.03.16-16.24.03:154][  0]LogConfig: Setting CVar [[r.DOF.Kernel.MaxBackgroundRadius:0.025]]
[2020.03.16-16.24.03:154][  0]LogConfig: Applying CVar settings from Section [TextureQuality@3] File [D:/UE4/CONTAGIOSOS/Isolation/IsolationUE4/Saved/Config/Windows/Scalability.ini]
[2020.03.16-16.24.03:154][  0]LogConfig: Setting CVar [[r.Streaming.MipBias:0]]
[2020.03.16-16.24.03:154][  0]LogConfig: Setting CVar [[r.Streaming.AmortizeCPUToGPUCopy:0]]
[2020.03.16-16.24.03:154][  0]LogConfig: Setting CVar [[r.Streaming.MaxNumTexturesToStreamPerFrame:0]]
[2020.03.16-16.24.03:154][  0]LogConfig: Setting CVar [[r.Streaming.Boost:1]]
[2020.03.16-16.24.03:154][  0]LogConfig: Setting CVar [[r.MaxAnisotropy:8]]
[2020.03.16-16.24.03:155][  0]LogConfig: Setting CVar [[r.Streaming.LimitPoolSizeToVRAM:0]]
[2020.03.16-16.24.03:155][  0]LogConfig: Setting CVar [[r.Streaming.PoolSize:1000]]
[2020.03.16-16.24.03:155][  0]LogConfig: Setting CVar [[r.Streaming.MaxEffectiveScreenSize:0]]
[2020.03.16-16.24.03:155][  0]LogConfig: Applying CVar settings from Section [EffectsQuality@3] File [D:/UE4/CONTAGIOSOS/Isolation/IsolationUE4/Saved/Config/Windows/Scalability.ini]
[2020.03.16-16.24.03:155][  0]LogConfig: Setting CVar [[r.TranslucencyLightingVolumeDim:64]]
[2020.03.16-16.24.03:155][  0]LogConfig: Setting CVar [[r.RefractionQuality:2]]
[2020.03.16-16.24.03:155][  0]LogConfig: Setting CVar [[r.SSR.Quality:3]]
[2020.03.16-16.24.03:155][  0]LogConfig: Setting CVar [[r.SceneColorFormat:4]]
[2020.03.16-16.24.03:155][  0]LogConfig: Setting CVar [[r.DetailMode:2]]
[2020.03.16-16.24.03:155][  0]LogConfig: Setting CVar [[r.TranslucencyVolumeBlur:1]]
[2020.03.16-16.24.03:155][  0]LogConfig: Setting CVar [[r.MaterialQualityLevel:1 ; High quality]]
[2020.03.16-16.24.03:155][  0]LogConfig: Setting CVar [[r.SSS.Scale:1]]
[2020.03.16-16.24.03:155][  0]LogConfig: Setting CVar [[r.SSS.SampleSet:2]]
[2020.03.16-16.24.03:155][  0]LogConfig: Setting CVar [[r.SSS.Quality:1]]
[2020.03.16-16.24.03:155][  0]LogConfig: Setting CVar [[r.SSS.HalfRes:1]]
[2020.03.16-16.24.03:155][  0]LogConfig: Setting CVar [[r.EmitterSpawnRateScale:1.0]]
[2020.03.16-16.24.03:155][  0]LogConfig: Setting CVar [[r.ParticleLightQuality:2]]
[2020.03.16-16.24.03:155][  0]LogConfig: Applying CVar settings from Section [FoliageQuality@3] File [D:/UE4/CONTAGIOSOS/Isolation/IsolationUE4/Saved/Config/Windows/Scalability.ini]
[2020.03.16-16.24.03:155][  0]LogConfig: Setting CVar [[foliage.DensityScale:1.0]]
[2020.03.16-16.24.03:155][  0]LogConfig: Setting CVar [[grass.DensityScale:1.0]]
[2020.03.16-16.24.03:155][  0]LogConfig: Applying CVar settings from Section [Startup] File [../../../Engine/Config/ConsoleVariables.ini]
[2020.03.16-16.24.03:155][  0]LogConfig: Setting CVar [[net.UseAdaptiveNetUpdateFrequency:0]]
[2020.03.16-16.24.03:155][  0]LogConfig: Setting CVar [[p.chaos.AllowCreatePhysxBodies:1]]
[2020.03.16-16.24.03:155][  0]LogConfig: Applying CVar settings from Section [ConsoleVariables] File [D:/UE4/CONTAGIOSOS/Isolation/IsolationUE4/Saved/Config/Windows/Engine.ini]
[2020.03.16-16.24.03:155][  0]LogInit: Computer: DESKTOP-05VDUJJ
[2020.03.16-16.24.03:155][  0]LogInit: User: Usuario
[2020.03.16-16.24.03:155][  0]LogInit: CPU Page size=4096, Cores=6
[2020.03.16-16.24.03:155][  0]LogInit: High frequency timer resolution =10.000000 MHz
[2020.03.16-16.24.03:155][  0]LogMemory: Memory total: Physical=15.9GB (16GB approx)
[2020.03.16-16.24.03:155][  0]LogMemory: Platform Memory Stats for Windows
[2020.03.16-16.24.03:155][  0]LogMemory: Process Physical Memory: 99.93 MB used, 99.93 MB peak
[2020.03.16-16.24.03:155][  0]LogMemory: Process Virtual Memory: 88.19 MB used, 88.19 MB peak
[2020.03.16-16.24.03:155][  0]LogMemory: Physical Memory: 8858.73 MB used,  7455.59 MB free, 16314.33 MB total
[2020.03.16-16.24.03:155][  0]LogMemory: Virtual Memory: 4651.14 MB used,  134213080.00 MB free, 134217728.00 MB total
[2020.03.16-16.24.03:157][  0]LogWindows: WindowsPlatformFeatures enabled
[2020.03.16-16.24.03:177][  0]LogInit: Overriding language with editor language configuration option (en).
[2020.03.16-16.24.03:177][  0]LogInit: Overriding locale with editor culture configuration option ().
[2020.03.16-16.24.03:177][  0]LogInit: Using OS detected locale (es-ES).
[2020.03.16-16.24.03:317][  0]LogInit: Setting process to per monitor DPI aware
[2020.03.16-16.24.03:347][  0]LogSlate: New Slate User Created.  User Index 0, Is Virtual User: 0
[2020.03.16-16.24.03:347][  0]LogSlate: Slate User Registered.  User Index 0, Is Virtual User: 0
[2020.03.16-16.24.03:480][  0]LogD3D11RHI: D3D11 adapters:
[2020.03.16-16.24.03:544][  0]LogD3D11RHI:    0. 'NVIDIA GeForce GTX 1070' (Feature Level 11_0)
[2020.03.16-16.24.03:544][  0]LogD3D11RHI:       8088/0/8157 MB DedicatedVideo/DedicatedSystem/SharedSystem, Outputs:2, VendorId:0x10de
[2020.03.16-16.24.03:546][  0]LogD3D11RHI:    1. 'Microsoft Basic Render Driver' (Feature Level 11_0)
[2020.03.16-16.24.03:546][  0]LogD3D11RHI:       0/0/8157 MB DedicatedVideo/DedicatedSystem/SharedSystem, Outputs:0, VendorId:0x1414
[2020.03.16-16.24.03:546][  0]LogD3D11RHI: Chosen D3D11 Adapter: 0
[2020.03.16-16.24.03:553][  0]LogD3D11RHI: Creating new Direct3DDevice
[2020.03.16-16.24.03:553][  0]LogD3D11RHI:     GPU DeviceId: 0x1b81 (for the marketing name, search the web for "GPU Device Id")
[2020.03.16-16.24.03:553][  0]LogWindows: EnumDisplayDevices:
[2020.03.16-16.24.03:553][  0]LogWindows:    0. 'NVIDIA GeForce GTX 1070' (P:1 D:1)
[2020.03.16-16.24.03:553][  0]LogWindows:    1. 'NVIDIA GeForce GTX 1070' (P:0 D:1)
[2020.03.16-16.24.03:553][  0]LogWindows:    2. 'NVIDIA GeForce GTX 1070' (P:0 D:0)
[2020.03.16-16.24.03:554][  0]LogWindows:    3. 'NVIDIA GeForce GTX 1070' (P:0 D:0)
[2020.03.16-16.24.03:554][  0]LogWindows: DebugString: FoundDriverCount:4 
[2020.03.16-16.24.03:554][  0]LogD3D11RHI:     Adapter Name: NVIDIA GeForce GTX 1070
[2020.03.16-16.24.03:554][  0]LogD3D11RHI:   Driver Version: 442.59 (internal:26.21.14.4259, unified:442.59)
[2020.03.16-16.24.03:554][  0]LogD3D11RHI:      Driver Date: 3-4-2020
[2020.03.16-16.24.03:554][  0]LogRHI: Texture pool is 5661 MB (70% of 8088 MB)
[2020.03.16-16.24.03:589][  0]LogD3D11RHI: Async texture creation enabled
[2020.03.16-16.24.03:600][  0]LogD3D11RHI: GPU Timing Frequency: 1000.000000 (Debug: 2 1)
[2020.03.16-16.24.03:845][  0]LogTemp: Display: Module 'AllDesktopTargetPlatform' loaded TargetPlatform 'AllDesktop'
[2020.03.16-16.24.03:853][  0]LogTemp: Display: Module 'MacClientTargetPlatform' loaded TargetPlatform 'MacClient'
[2020.03.16-16.24.03:860][  0]LogTemp: Display: Module 'MacNoEditorTargetPlatform' loaded TargetPlatform 'MacNoEditor'
[2020.03.16-16.24.03:868][  0]LogTemp: Display: Module 'MacServerTargetPlatform' loaded TargetPlatform 'MacServer'
[2020.03.16-16.24.03:876][  0]LogTemp: Display: Module 'MacTargetPlatform' loaded TargetPlatform 'Mac'
[2020.03.16-16.24.03:884][  0]LogTemp: Display: Module 'WindowsClientTargetPlatform' loaded TargetPlatform 'WindowsClient'
[2020.03.16-16.24.03:892][  0]LogTemp: Display: Module 'WindowsNoEditorTargetPlatform' loaded TargetPlatform 'WindowsNoEditor'
[2020.03.16-16.24.03:899][  0]LogTemp: Display: Module 'WindowsServerTargetPlatform' loaded TargetPlatform 'WindowsServer'
[2020.03.16-16.24.03:903][  0]LogTemp: Display: Module 'WindowsTargetPlatform' loaded TargetPlatform 'Windows'
[2020.03.16-16.24.03:931][  0]LogTemp: Display: Module 'AndroidTargetPlatform' loaded TargetPlatform 'Android'
[2020.03.16-16.24.03:931][  0]LogTemp: Display: Module 'AndroidTargetPlatform' loaded TargetPlatform 'Android_ASTC'
[2020.03.16-16.24.03:931][  0]LogTemp: Display: Module 'AndroidTargetPlatform' loaded TargetPlatform 'Android_ATC'
[2020.03.16-16.24.03:931][  0]LogTemp: Display: Module 'AndroidTargetPlatform' loaded TargetPlatform 'Android_DXT'
[2020.03.16-16.24.03:931][  0]LogTemp: Display: Module 'AndroidTargetPlatform' loaded TargetPlatform 'Android_ETC1'
[2020.03.16-16.24.03:932][  0]LogTemp: Display: Module 'AndroidTargetPlatform' loaded TargetPlatform 'Android_ETC1a'
[2020.03.16-16.24.03:932][  0]LogTemp: Display: Module 'AndroidTargetPlatform' loaded TargetPlatform 'Android_ETC2'
[2020.03.16-16.24.03:932][  0]LogTemp: Display: Module 'AndroidTargetPlatform' loaded TargetPlatform 'Android_PVRTC'
[2020.03.16-16.24.03:932][  0]LogTemp: Display: Module 'AndroidTargetPlatform' loaded TargetPlatform 'AndroidClient'
[2020.03.16-16.24.03:932][  0]LogTemp: Display: Module 'AndroidTargetPlatform' loaded TargetPlatform 'Android_ASTCClient'
[2020.03.16-16.24.03:932][  0]LogTemp: Display: Module 'AndroidTargetPlatform' loaded TargetPlatform 'Android_ATCClient'
[2020.03.16-16.24.03:932][  0]LogTemp: Display: Module 'AndroidTargetPlatform' loaded TargetPlatform 'Android_DXTClient'
[2020.03.16-16.24.03:932][  0]LogTemp: Display: Module 'AndroidTargetPlatform' loaded TargetPlatform 'Android_ETC1Client'
[2020.03.16-16.24.03:932][  0]LogTemp: Display: Module 'AndroidTargetPlatform' loaded TargetPlatform 'Android_ETC1aClient'
[2020.03.16-16.24.03:932][  0]LogTemp: Display: Module 'AndroidTargetPlatform' loaded TargetPlatform 'Android_ETC2Client'
[2020.03.16-16.24.03:932][  0]LogTemp: Display: Module 'AndroidTargetPlatform' loaded TargetPlatform 'Android_PVRTCClient'
[2020.03.16-16.24.03:932][  0]LogTemp: Display: Module 'AndroidTargetPlatform' loaded TargetPlatform 'Android_Multi'
[2020.03.16-16.24.03:932][  0]LogTemp: Display: Module 'AndroidTargetPlatform' loaded TargetPlatform 'Android_MultiClient'
[2020.03.16-16.24.03:933][  0]LogTemp: Display: Module 'HTML5TargetPlatform' loaded TargetPlatform 'HTML5'
[2020.03.16-16.24.03:948][  0]LogTemp: Display: Module 'IOSTargetPlatform' loaded TargetPlatform 'IOSClient'
[2020.03.16-16.24.03:948][  0]LogTemp: Display: Module 'IOSTargetPlatform' loaded TargetPlatform 'IOS'
[2020.03.16-16.24.03:960][  0]LogTemp: Display: Module 'TVOSTargetPlatform' loaded TargetPlatform 'TVOSClient'
[2020.03.16-16.24.03:960][  0]LogTemp: Display: Module 'TVOSTargetPlatform' loaded TargetPlatform 'TVOS'
[2020.03.16-16.24.03:967][  0]LogTemp: Display: Module 'LinuxClientTargetPlatform' loaded TargetPlatform 'LinuxClient'
[2020.03.16-16.24.03:973][  0]LogTemp: Display: Module 'LinuxNoEditorTargetPlatform' loaded TargetPlatform 'LinuxNoEditor'
[2020.03.16-16.24.03:979][  0]LogTemp: Display: Module 'LinuxServerTargetPlatform' loaded TargetPlatform 'LinuxServer'
[2020.03.16-16.24.03:985][  0]LogTemp: Display: Module 'LinuxTargetPlatform' loaded TargetPlatform 'Linux'
[2020.03.16-16.24.04:005][  0]LogTemp: Display: Module 'LuminTargetPlatform' loaded TargetPlatform 'Lumin'
[2020.03.16-16.24.04:005][  0]LogTemp: Display: Module 'LuminTargetPlatform' loaded TargetPlatform 'LuminClient'
[2020.03.16-16.24.04:005][  0]LogTargetPlatformManager: Display: Building Assets For Windows
[2020.03.16-16.24.04:013][  0]LogAudioDebug: Display: Lib vorbis DLL was dynamically loaded.
[2020.03.16-16.24.04:059][  0]LogShaderCompilers: Guid format shader working directory is 6 characters bigger than the processId version (D:/UE4/CONTAGIOSOS/Isolation/IsolationUE4/Intermediate/Shaders/WorkingDirectory/18212/).
[2020.03.16-16.24.04:059][  0]LogShaderCompilers: Cleaned the shader compiler working directory 'C:/Users/Usuario/AppData/Local/Temp/UnrealShaderWorkingDir/0B336D6F4CCFFEE22EF3E0947486599E/'.
[2020.03.16-16.24.04:062][  0]LogXGEController: Cannot use XGE Controller as Incredibuild is not installed on this machine.
[2020.03.16-16.24.04:062][  0]LogShaderCompilers: Cannot use XGE Shader Compiler as Incredibuild is not installed on this machine.
[2020.03.16-16.24.04:062][  0]LogShaderCompilers: Display: Using Local Shader Compiler.
[2020.03.16-16.24.04:594][  0]LogDerivedDataCache: Display: Max Cache Size: 512 MB
[2020.03.16-16.24.04:639][  0]LogDerivedDataCache: Loaded boot cache 0.04s 80MB C:/Users/Usuario/AppData/Local/UnrealEngine/4.23/DerivedDataCache/Boot.ddc.
[2020.03.16-16.24.04:639][  0]LogDerivedDataCache: Display: Loaded Boot cache: C:/Users/Usuario/AppData/Local/UnrealEngine/4.23/DerivedDataCache/Boot.ddc
[2020.03.16-16.24.04:639][  0]LogDerivedDataCache: FDerivedDataBackendGraph:  Pak pak cache file D:/UE4/CONTAGIOSOS/Isolation/IsolationUE4/DerivedDataCache/DDC.ddp not found, will not use a pak cache.
[2020.03.16-16.24.04:639][  0]LogDerivedDataCache: Unable to find inner node Pak for hierarchical cache Hierarchy.
[2020.03.16-16.24.04:639][  0]LogDerivedDataCache: FDerivedDataBackendGraph:  CompressedPak pak cache file D:/UE4/CONTAGIOSOS/Isolation/IsolationUE4/DerivedDataCache/Compressed.ddp not found, will not use a pak cache.
[2020.03.16-16.24.04:639][  0]LogDerivedDataCache: Unable to find inner node CompressedPak for hierarchical cache Hierarchy.
[2020.03.16-16.24.04:649][  0]LogDerivedDataCache: Display: Pak cache opened for reading ../../../Engine/DerivedDataCache/Compressed.ddp.
[2020.03.16-16.24.04:649][  0]LogDerivedDataCache: FDerivedDataBackendGraph:  EnterprisePak pak cache file ../../../Enterprise/DerivedDataCache/Compressed.ddp not found, will not use a pak cache.
[2020.03.16-16.24.04:649][  0]LogDerivedDataCache: Unable to find inner node EnterprisePak for hierarchical cache Hierarchy.
[2020.03.16-16.24.04:650][  0]LogDerivedDataCache: Using Local data cache path C:/Users/Usuario/AppData/Local/UnrealEngine/Common/DerivedDataCache: Writable
[2020.03.16-16.24.04:650][  0]LogDerivedDataCache: Shared data cache path not found in *engine.ini, will not use an Shared cache.
[2020.03.16-16.24.04:650][  0]LogDerivedDataCache: Unable to find inner node Shared for hierarchical cache Hierarchy.
[2020.03.16-16.24.04:667][  0]LogMaterial: Verifying Global Shaders for PCD3D_SM5
[2020.03.16-16.24.04:669][  0]LogSlate: Using FreeType 2.6.0
[2020.03.16-16.24.04:670][  0]LogSlate: SlateFontServices - WITH_FREETYPE: 1, WITH_HARFBUZZ: 1
[2020.03.16-16.24.04:717][  0]LogAssetRegistry: FAssetRegistry took 0.0021 seconds to start up
[2020.03.16-16.24.04:935][  0]LogInit: Selected Device Profile: [Windows]
[2020.03.16-16.24.05:061][  0]LogMeshReduction: Using QuadricMeshReduction for automatic static mesh reduction
[2020.03.16-16.24.05:061][  0]LogMeshReduction: Using SimplygonMeshReduction for automatic skeletal mesh reduction
[2020.03.16-16.24.05:061][  0]LogMeshReduction: Using ProxyLODMeshReduction for automatic mesh merging
[2020.03.16-16.24.05:061][  0]LogMeshReduction: No distributed automatic mesh merging module available
[2020.03.16-16.24.05:061][  0]LogMeshMerging: No distributed automatic mesh merging module available
[2020.03.16-16.24.05:069][  0]LogNetVersion: IsolationUE4 1.0.0, NetCL: 8386587, EngineNetVer: 11, GameNetVer: 0 (Checksum: 3818486625)
[2020.03.16-16.24.05:409][  0]LogPackageLocalizationCache: Processed 10 localized package path(s) for 1 prioritized culture(s) in 0.033957 seconds
[2020.03.16-16.24.05:416][  0]LogUObjectArray: 43008 objects as part of root set at end of initial load.
[2020.03.16-16.24.05:416][  0]LogUObjectAllocator: 7476840 out of 0 bytes used by permanent object pool.
[2020.03.16-16.24.05:416][  0]LogUObjectArray: CloseDisregardForGC: 0/0 objects in disregard for GC pool
[2020.03.16-16.24.06:129][  0]LogTcpMessaging: Initializing TcpMessaging bridge
[2020.03.16-16.24.06:132][  0]LogUdpMessaging: Initializing bridge on interface 0.0.0.0:0 to multicast group 230.0.0.1:6666.
[2020.03.16-16.24.06:290][  0]SourceControl: Source control is disabled
[2020.03.16-16.24.06:290][  0]SourceControl: Source control is disabled
[2020.03.16-16.24.06:291][  0]SourceControl: Source control is disabled
[2020.03.16-16.24.06:292][  0]SourceControl: Source control is disabled
[2020.03.16-16.24.06:364][  0]LogAndroidPermission: UAndroidPermissionCallbackProxy::GetInstance
[2020.03.16-16.24.06:663][  0]LogEngine: Initializing Engine...
[2020.03.16-16.24.06:663][  0]LogStats: UGameplayTagsManager::InitializeManager -  0.000 s
[2020.03.16-16.24.06:848][  0]LogInit: Initializing FReadOnlyCVARCache
[2020.03.16-16.24.06:860][  0]LogAIModule: Creating AISystem for world Untitled
[2020.03.16-16.24.06:925][  0]LogInit: XAudio2 using 'Los Kraken de toa la vida (Razer Kraken 7.1)' : 2 channels at 48 kHz using 16 bits per sample (channel mask 0x3)
[2020.03.16-16.24.06:958][  0]LogInit: FAudioDevice initialized.
[2020.03.16-16.24.06:958][  0]LogNetVersion: Set ProjectVersion to 1.0.0.0. Version Checksum will be recalculated on next use.
[2020.03.16-16.24.07:050][  0]LogDerivedDataCache: Saved boot cache 0.09s 80MB C:/Users/Usuario/AppData/Local/UnrealEngine/4.23/DerivedDataCache/Boot.ddc.
[2020.03.16-16.24.07:057][  0]LogInit: Texture streaming: Enabled
[2020.03.16-16.24.07:074][  0]LogEngineSessionManager: EngineSessionManager initialized
[2020.03.16-16.24.07:074][  0]LogEditorSessionSummary: Verbose: Initializing EditorSessionSummaryWriter for editor session tracking
[2020.03.16-16.24.07:076][  0]LogEditorSessionSummary: EditorSessionSummaryWriter initialized
[2020.03.16-16.24.07:124][  0]LogInit: Transaction tracking system initialized
[2020.03.16-16.24.07:155][  0]BlueprintLog: New page: Editor Load
[2020.03.16-16.24.07:223][  0]LocalizationService: Localization service is disabled
[2020.03.16-16.24.07:275][  0]LogLinker: Warning: Failed to load '/Game/FirstPersonBP/FirstPersonOverview': Can't find file.
[2020.03.16-16.24.07:275][  0]LogLinker: Warning: Failed to load '/Game/FirstPersonBP/FirstPersonOverview': Can't find file.
[2020.03.16-16.24.07:275][  0]LogUObjectGlobals: Warning: Failed to find object 'Class /Game/FirstPersonBP/FirstPersonOverview.FirstPersonOverview_C'
[2020.03.16-16.24.07:436][  0]LogFileCache: Scanning file cache for directory 'D:/UE4/CONTAGIOSOS/Isolation/IsolationUE4/Content/' took 0.00s
[2020.03.16-16.24.07:436][  0]LogCook: Display: Max memory allowance for cook 16384mb min free memory 0mb
[2020.03.16-16.24.07:436][  0]LogCook: Display: Mobile HDR setting 1
[2020.03.16-16.24.07:546][  0]SourceControl: Source control is disabled
[2020.03.16-16.24.07:546][  0]Cmd: MAP LOAD FILE="D:/UE4/CONTAGIOSOS/Isolation/IsolationUE4/Content/TopDownCPP/Maps/TopDownExampleMap.umap" TEMPLATE=0 SHOWPROGRESS=1 FEATURELEVEL=3
[2020.03.16-16.24.07:547][  0]LightingResults: New page: Lighting Build
[2020.03.16-16.24.07:549][  0]LogWorld: UWorld::CleanupWorld for Untitled, bSessionEnded=true, bCleanupResources=true
[2020.03.16-16.24.07:549][  0]MapCheck: New page: Map Check
[2020.03.16-16.24.07:549][  0]LightingResults: New page: Lighting Build
[2020.03.16-16.24.07:574][  0]LogUObjectHash: Compacting FUObjectHashTables data took   1.73ms
[2020.03.16-16.24.07:635][  0]LogAIModule: Creating AISystem for world TopDownExampleMap
[2020.03.16-16.24.07:639][  0]LogEditorServer: Finished looking for orphan Actors (0.000 secs)
[2020.03.16-16.24.07:663][  0]LogUObjectHash: Compacting FUObjectHashTables data took   1.63ms
[2020.03.16-16.24.07:663][  0]Cmd: MAP CHECKDEP NOCLEARLOG
[2020.03.16-16.24.07:663][  0]MapCheck: Map check complete: 0 Error(s), 0 Warning(s), took 0,075ms to complete.
[2020.03.16-16.24.07:663][  0]LogFileHelpers: Loading map 'TopDownExampleMap' took 0.117
[2020.03.16-16.24.07:766][  0]LogSlate: Updating window title bar state: overlay mode, drag disabled, window buttons hidden, title bar hidden
[2020.03.16-16.24.07:771][  0]LogSlate: Updating window title bar state: overlay mode, drag disabled, window buttons hidden, title bar hidden
[2020.03.16-16.24.07:777][  0]LogSlate: Updating window title bar state: overlay mode, drag disabled, window buttons hidden, title bar hidden
[2020.03.16-16.24.07:783][  0]LogSlate: Updating window title bar state: overlay mode, drag disabled, window buttons hidden, title bar hidden
[2020.03.16-16.24.07:789][  0]LogCollectionManager: Loaded 0 collections in 0.001803 seconds
[2020.03.16-16.24.07:795][  0]LogFileCache: Scanning file cache for directory 'D:/UE4/CONTAGIOSOS/Isolation/IsolationUE4/Saved/Collections/' took 0.00s
[2020.03.16-16.24.07:795][  0]LogFileCache: Scanning file cache for directory 'D:/UE4/CONTAGIOSOS/Isolation/IsolationUE4/Content/Developers/Usuario/Collections/' took 0.00s
[2020.03.16-16.24.07:795][  0]LogFileCache: Scanning file cache for directory 'D:/UE4/CONTAGIOSOS/Isolation/IsolationUE4/Content/Collections/' took 0.00s
[2020.03.16-16.24.07:795][  0]LogCollectionManager: Rebuilt the GUID cache for 0 collections in 0.000001 seconds
[2020.03.16-16.24.07:803][  0]LogContentBrowser: Native class hierarchy populated in 0.0073 seconds. Added 2851 classes and 668 folders.
[2020.03.16-16.24.07:810][  0]LogContentBrowser: Native class hierarchy updated for 'WidgetCarousel' in 0.0003 seconds. Added 0 classes and 0 folders.
[2020.03.16-16.24.07:845][  0]LogContentBrowser: Native class hierarchy updated for 'AddContentDialog' in 0.0003 seconds. Added 0 classes and 0 folders.
[2020.03.16-16.24.07:851][  0]LogContentBrowser: Native class hierarchy updated for 'SceneOutliner' in 0.0003 seconds. Added 1 classes and 2 folders.
[2020.03.16-16.24.07:858][  0]LogContentBrowser: Native class hierarchy updated for 'WorldBrowser' in 0.0003 seconds. Added 2 classes and 3 folders.
[2020.03.16-16.24.08:764][  0]LogSlate: Only BGRA pngs, bmps or icos are supported in by External Image Picker
[2020.03.16-16.24.08:784][  0]LogSlate: Took 0.000134 seconds to synchronously load lazily loaded font '../../../Engine/Content/Slate/Fonts/Roboto-Regular.ttf' (155K)
[2020.03.16-16.24.08:786][  0]LogSlate: Took 0.000202 seconds to synchronously load lazily loaded font '../../../Engine/Content/Slate/Fonts/Roboto-Bold.ttf' (160K)
[2020.03.16-16.24.08:852][  0]LogRenderer: Reallocating scene render targets to support 1132x636 Format 10 NumSamples 1 (Frame:1).
[2020.03.16-16.24.08:939][  0]LogContentBrowser: Native class hierarchy updated for 'HierarchicalLODOutliner' in 0.0003 seconds. Added 0 classes and 0 folders.
[2020.03.16-16.24.08:939][  0]LogLoad: (Engine Initialization) Total time: 6.57 seconds
[2020.03.16-16.24.08:939][  0]LogLoad: (Engine Initialization) Total Blueprint compile time: 0.00 seconds
[2020.03.16-16.24.08:985][  0]LogAssetRegistry: Asset discovery search completed in 4.2691 seconds
[2020.03.16-16.24.08:988][  0]LogCollectionManager: Rebuilt the object cache for 0 collections in 0.000003 seconds (found 0 objects)
[2020.03.16-16.24.08:988][  0]LogCollectionManager: Fixed up redirectors for 0 collections in 0.000048 seconds (updated 0 objects)
[2020.03.16-16.24.08:989][  0]LogContentStreaming: Texture pool size now 1000 MB
[2020.03.16-16.24.09:965][112]LogSlate: Took 0.000146 seconds to synchronously load lazily loaded font '../../../Engine/Content/Slate/Fonts/Roboto-Light.ttf' (167K)
[2020.03.16-16.24.11:358][278]LogSlate: FSceneViewport::OnFocusLost() reason 0
[2020.03.16-16.24.11:476][290]LogAssetEditorManager: Opening Asset editor for Blueprint /Game/TopDownCPP/Blueprints/TopDownCharacter.TopDownCharacter
[2020.03.16-16.24.11:679][290]LogContentBrowser: Native class hierarchy updated for 'BlueprintGraph' in 0.0006 seconds. Added 121 classes and 0 folders.
[2020.03.16-16.24.13:810][442]LogSlate: Window 'TopDownCharacter' being destroyed
[2020.03.16-16.24.14:201][489]LogSlate: FSceneViewport::OnFocusLost() reason 0
[2020.03.16-16.24.14:969][581]LogTemp: Repeating last play command: Selected Viewport
[2020.03.16-16.24.14:985][581]LogBlueprintUserMessages: Early PlayInEditor Detection: Level '/Game/TopDownCPP/Maps/TopDownExampleMap.TopDownExampleMap:PersistentLevel' has LevelScriptBlueprint '/Game/TopDownCPP/Maps/TopDownExampleMap.TopDownExampleMap:PersistentLevel.TopDownExampleMap' with GeneratedClass '/Game/TopDownCPP/Maps/TopDownExampleMap.TopDownExampleMap_C' with ClassGeneratedBy '/Game/TopDownCPP/Maps/TopDownExampleMap.TopDownExampleMap:PersistentLevel.TopDownExampleMap'
[2020.03.16-16.24.14:985][581]LogPlayLevel: PlayLevel: No blueprints needed recompiling
[2020.03.16-16.24.14:985][581]PIE: New page: PIE session: TopDownExampleMap (16/3/2020 18:24:14)
[2020.03.16-16.24.14:986][581]LogOnline: OSS: Creating online subsystem instance for: NULL
[2020.03.16-16.24.14:986][581]LogPlayLevel: Creating play world package: /Game/TopDownCPP/Maps/UEDPIE_0_TopDownExampleMap
[2020.03.16-16.24.15:001][581]LogPlayLevel: PIE: StaticDuplicateObject took: (0.014217s)
[2020.03.16-16.24.15:002][581]LogAIModule: Creating AISystem for world TopDownExampleMap
[2020.03.16-16.24.15:002][581]LogPlayLevel: PIE: World Init took: (0.001049s)
[2020.03.16-16.24.15:002][581]LogPlayLevel: PIE: Created PIE world by copying editor world from /Game/TopDownCPP/Maps/TopDownExampleMap.TopDownExampleMap to /Game/TopDownCPP/Maps/UEDPIE_0_TopDownExampleMap.TopDownExampleMap (0.015495s)
[2020.03.16-16.24.15:033][581]LogUObjectHash: Compacting FUObjectHashTables data took   2.75ms
[2020.03.16-16.24.15:079][581]LogInit: XAudio2 using 'Los Kraken de toa la vida (Razer Kraken 7.1)' : 2 channels at 48 kHz using 16 bits per sample (channel mask 0x3)
[2020.03.16-16.24.15:108][581]LogInit: FAudioDevice initialized.
[2020.03.16-16.24.15:119][581]LogLoad: Game class is 'IsolationGM_C'
[2020.03.16-16.24.15:121][581]LogWorld: Bringing World /Game/TopDownCPP/Maps/UEDPIE_0_TopDownExampleMap.TopDownExampleMap up for play (max tick rate 0) at 2020.03.16-17.24.15
[2020.03.16-16.24.15:121][581]LogWorld: Bringing up level for play took: 0.000940
[2020.03.16-16.24.15:122][581]LogOnline: OSS: Creating online subsystem instance for: :Context_4
[2020.03.16-16.24.15:128][581]LogContentBrowser: Native class hierarchy updated for 'MovieSceneCapture' in 0.0004 seconds. Added 20 classes and 0 folders.
[2020.03.16-16.24.15:130][581]PIE: Play in editor start time for /Game/TopDownCPP/Maps/UEDPIE_0_TopDownExampleMap 0,67
[2020.03.16-16.24.15:130][581]LogBlueprintUserMessages: Late PlayInEditor Detection: Level '/Game/TopDownCPP/Maps/TopDownExampleMap.TopDownExampleMap:PersistentLevel' has LevelScriptBlueprint '/Game/TopDownCPP/Maps/TopDownExampleMap.TopDownExampleMap:PersistentLevel.TopDownExampleMap' with GeneratedClass '/Game/TopDownCPP/Maps/TopDownExampleMap.TopDownExampleMap_C' with ClassGeneratedBy '/Game/TopDownCPP/Maps/TopDownExampleMap.TopDownExampleMap:PersistentLevel.TopDownExampleMap'
[2020.03.16-16.24.26:433][906]LogBlueprintUserMessages: Early EndPlayMap Detection: Level '/Game/TopDownCPP/Maps/TopDownExampleMap.TopDownExampleMap:PersistentLevel' has LevelScriptBlueprint '/Game/TopDownCPP/Maps/TopDownExampleMap.TopDownExampleMap:PersistentLevel.TopDownExampleMap' with GeneratedClass '/Game/TopDownCPP/Maps/TopDownExampleMap.TopDownExampleMap_C' with ClassGeneratedBy '/Game/TopDownCPP/Maps/TopDownExampleMap.TopDownExampleMap:PersistentLevel.TopDownExampleMap'
[2020.03.16-16.24.26:434][906]LogSlate: Updating window title bar state: overlay mode, drag disabled, window buttons hidden, title bar hidden
[2020.03.16-16.24.26:434][906]LogWorld: BeginTearingDown for /Game/TopDownCPP/Maps/UEDPIE_0_TopDownExampleMap
[2020.03.16-16.24.26:434][906]LogWorld: UWorld::CleanupWorld for TopDownExampleMap, bSessionEnded=true, bCleanupResources=true
[2020.03.16-16.24.26:443][906]LogPlayLevel: Display: Shutting down PIE online subsystems
[2020.03.16-16.24.26:443][906]LogBlueprintUserMessages: Late EndPlayMap Detection: Level '/Game/TopDownCPP/Maps/TopDownExampleMap.TopDownExampleMap:PersistentLevel' has LevelScriptBlueprint '/Game/TopDownCPP/Maps/TopDownExampleMap.TopDownExampleMap:PersistentLevel.TopDownExampleMap' with GeneratedClass '/Game/TopDownCPP/Maps/TopDownExampleMap.TopDownExampleMap_C' with ClassGeneratedBy '/Game/TopDownCPP/Maps/TopDownExampleMap.TopDownExampleMap:PersistentLevel.TopDownExampleMap'
[2020.03.16-16.24.26:478][906]LogSlate: Updating window title bar state: overlay mode, drag disabled, window buttons hidden, title bar hidden
[2020.03.16-16.24.26:499][906]LogUObjectHash: Compacting FUObjectHashTables data took   3.37ms
[2020.03.16-16.24.26:540][909]LogPlayLevel: Display: Destroying online subsystem :Context_4
[2020.03.16-16.24.39:415][735]LogSlate: FSceneViewport::OnFocusLost() reason 0
[2020.03.16-16.24.54:426][368]LogSlate: Took 0.000149 seconds to synchronously load lazily loaded font '../../../Engine/Content/Editor/Slate/Fonts/FontAwesome.ttf' (139K)
[2020.03.16-16.24.54:434][368]LogSlate: Took 0.000114 seconds to synchronously load lazily loaded font '../../../Engine/Content/Slate/Fonts/Roboto-Light.ttf' (167K)
[2020.03.16-16.24.55:374][476]LogUObjectHash: Compacting FUObjectHashTables data took   2.33ms
[2020.03.16-16.31.00:213][148]LogSlate: Window 'Save Level As' being destroyed
[2020.03.16-16.31.00:282][148]LogUObjectHash: Compacting FUObjectHashTables data took   2.97ms
[2020.03.16-16.31.00:418][148]LogAIModule: Creating AISystem for world MapaPruebas
[2020.03.16-16.31.00:423][148]Cmd: OBJ SAVEPACKAGE PACKAGE="/Game/TopDownCPP/Maps/MapaPruebas" FILE="D:/UE4/CONTAGIOSOS/Isolation/IsolationUE4/Content/TopDownCPP/Maps/MapaPruebas.umap" SILENT=true AUTOSAVING=false KEEPDIRTY=false
[2020.03.16-16.31.00:458][148]LogUObjectHash: Compacting FUObjectHashTables data took   2.59ms
[2020.03.16-16.31.00:620][148]LogSavePackage: Moving 'D:/UE4/CONTAGIOSOS/Isolation/IsolationUE4/Saved/MapaPruebas535BBE9F4877296CE81CBE8FD9BC3794.tmp' to 'D:/UE4/CONTAGIOSOS/Isolation/IsolationUE4/Content/TopDownCPP/Maps/MapaPruebas.umap'
[2020.03.16-16.31.00:631][148]LogFileHelpers: Saving map 'MapaPruebas' took 0.414
[2020.03.16-16.31.00:633][148]Cmd: MAP LOAD FILE="D:/UE4/CONTAGIOSOS/Isolation/IsolationUE4/Content/TopDownCPP/Maps/MapaPruebas.umap" TEMPLATE=0 SHOWPROGRESS=1 FEATURELEVEL=3
[2020.03.16-16.31.00:647][148]LightingResults: New page: Lighting Build
[2020.03.16-16.31.00:648][148]LoadErrors: New page: Loading map: MapaPruebas.umap
[2020.03.16-16.31.00:648][148]LogWorld: UWorld::CleanupWorld for TopDownExampleMap, bSessionEnded=true, bCleanupResources=true
[2020.03.16-16.31.00:650][148]MapCheck: New page: Map Check
[2020.03.16-16.31.00:650][148]LightingResults: New page: Lighting Build
[2020.03.16-16.31.00:683][148]LogUObjectHash: Compacting FUObjectHashTables data took   2.78ms
[2020.03.16-16.31.00:760][148]LogEditorServer: Finished looking for orphan Actors (0.000 secs)
[2020.03.16-16.31.00:792][148]LogUObjectHash: Compacting FUObjectHashTables data took   2.52ms
[2020.03.16-16.31.00:816][148]Cmd: MAP CHECKDEP NOCLEARLOG
[2020.03.16-16.31.00:816][148]MapCheck: Map check complete: 0 Error(s), 0 Warning(s), took 0,069ms to complete.
[2020.03.16-16.31.00:816][148]LogFileHelpers: Loading map 'MapaPruebas' took 0.184
[2020.03.16-16.31.06:259][759]LogSlate: FSceneViewport::OnFocusLost() reason 0
[2020.03.16-16.33.57:308][534]LogUObjectHash: Compacting FUObjectHashTables data took   3.84ms
[2020.03.16-16.33.57:376][534]LogWorld: UWorld::CleanupWorld for World_1, bSessionEnded=true, bCleanupResources=true
[2020.03.16-16.33.57:412][534]LogSlate: Window 'IsolationUE4 - Unreal Editor' being destroyed
[2020.03.16-16.33.57:532][535]Cmd: QUIT_EDITOR
[2020.03.16-16.33.58:241][535]LogWindowsTextInputMethodSystem: Display: IME system now deactivated.
[2020.03.16-16.33.58:250][535]LogExit: Preparing to exit.
[2020.03.16-16.33.58:451][535]LogWorld: UWorld::CleanupWorld for World_3, bSessionEnded=true, bCleanupResources=true
[2020.03.16-16.33.58:454][535]LogActorComponent: UnregisterComponent: (None.None) Not registered. Aborting.
[2020.03.16-16.33.58:454][535]LogActorComponent: UnregisterComponent: (None.None) Not registered. Aborting.
[2020.03.16-16.33.58:454][535]LogActorComponent: UnregisterComponent: (None.None) Not registered. Aborting.
[2020.03.16-16.33.58:454][535]LogActorComponent: UnregisterComponent: (None.None) Not registered. Aborting.
[2020.03.16-16.33.58:454][535]LogActorComponent: UnregisterComponent: (None.None) Not registered. Aborting.
[2020.03.16-16.33.58:454][535]LogActorComponent: UnregisterComponent: (None.None) Not registered. Aborting.
[2020.03.16-16.33.58:454][535]LogActorComponent: UnregisterComponent: (None.None) Not registered. Aborting.
[2020.03.16-16.33.58:454][535]LogWorld: UWorld::CleanupWorld for None, bSessionEnded=true, bCleanupResources=true
[2020.03.16-16.33.58:457][535]LogWorld: UWorld::CleanupWorld for World_2, bSessionEnded=true, bCleanupResources=true
[2020.03.16-16.33.58:487][535]LogDemo: Cleaned up 0 splitscreen connections with owner deletion
[2020.03.16-16.33.58:494][535]LogExit: Editor shut down
[2020.03.16-16.33.58:495][535]LogExit: Transaction tracking system shut down
[2020.03.16-16.33.58:703][535]LogExit: Object subsystem successfully closed.
[2020.03.16-16.33.58:720][535]LogShaderCompilers: Display: Shaders left to compile 0
[2020.03.16-16.33.58:742][535]LogModuleManager: Shutting down and abandoning module HierarchicalLODUtilities (670)
[2020.03.16-16.33.58:743][535]LogModuleManager: Shutting down and abandoning module MovieSceneCapture (668)
[2020.03.16-16.33.58:743][535]LogModuleManager: Shutting down and abandoning module Voice (666)
[2020.03.16-16.33.58:743][535]LogModuleManager: Shutting down and abandoning module BlueprintGraph (664)
[2020.03.16-16.33.58:743][535]LogModuleManager: Shutting down and abandoning module HierarchicalLODOutliner (662)
[2020.03.16-16.33.58:743][535]LogModuleManager: Shutting down and abandoning module ExternalImagePicker (660)
[2020.03.16-16.33.58:743][535]LogModuleManager: Shutting down and abandoning module WorldBrowser (658)
[2020.03.16-16.33.58:743][535]LogModuleManager: Shutting down and abandoning module SceneOutliner (656)
[2020.03.16-16.33.58:743][535]LogModuleManager: Shutting down and abandoning module AddContentDialog (654)
[2020.03.16-16.33.58:743][535]LogModuleManager: Shutting down and abandoning module WidgetCarousel (653)
[2020.03.16-16.33.58:743][535]LogModuleManager: Shutting down and abandoning module EditorWidgets (650)
[2020.03.16-16.33.58:743][535]LogModuleManager: Shutting down and abandoning module CollectionManager (648)
[2020.03.16-16.33.58:743][535]LogModuleManager: Shutting down and abandoning module StatsViewer (646)
[2020.03.16-16.33.58:743][535]LogModuleManager: Shutting down and abandoning module VirtualTexturingEditor (644)
[2020.03.16-16.33.58:743][535]LogModuleManager: Shutting down and abandoning module FoliageEdit (642)
[2020.03.16-16.33.58:743][535]LogModuleManager: Shutting down and abandoning module LandscapeEditor (640)
[2020.03.16-16.33.58:743][535]LogModuleManager: Shutting down and abandoning module MeshPaintMode (638)
[2020.03.16-16.33.58:743][535]LogModuleManager: Shutting down and abandoning module SceneDepthPickerMode (636)
[2020.03.16-16.33.58:743][535]LogModuleManager: Shutting down and abandoning module ActorPickerMode (634)
[2020.03.16-16.33.58:743][535]LogModuleManager: Shutting down and abandoning module GeometryMode (632)
[2020.03.16-16.33.58:743][535]LogModuleManager: Shutting down and abandoning module TextureAlignMode (630)
[2020.03.16-16.33.58:743][535]LogModuleManager: Shutting down and abandoning module BspMode (628)
[2020.03.16-16.33.58:743][535]LogModuleManager: Shutting down and abandoning module PIEPreviewDeviceProfileSelector (626)
[2020.03.16-16.33.58:743][535]LogModuleManager: Shutting down and abandoning module SequenceRecorderSections (624)
[2020.03.16-16.33.58:743][535]LogModuleManager: Shutting down and abandoning module AutomationWorker (622)
[2020.03.16-16.33.58:743][535]LogModuleManager: Shutting down and abandoning module AudioCaptureEditor (620)
[2020.03.16-16.33.58:743][535]LogModuleManager: Shutting down and abandoning module MatineeToLevelSequence (618)
[2020.03.16-16.33.58:743][535]LogModuleManager: Shutting down and abandoning module LevelSequenceEditor (616)
[2020.03.16-16.33.58:743][535]LogModuleManager: Shutting down and abandoning module PlacementMode (615)
[2020.03.16-16.33.58:744][535]LogModuleManager: Shutting down and abandoning module MaterialEditor (614)
[2020.03.16-16.33.58:744][535]LogModuleManager: Shutting down and abandoning module ActorSequenceEditor (610)
[2020.03.16-16.33.58:744][535]LogModuleManager: Shutting down and abandoning module WmfMediaFactory (608)
[2020.03.16-16.33.58:744][535]LogModuleManager: Shutting down and abandoning module WmfMediaEditor (606)
[2020.03.16-16.33.58:744][535]LogModuleManager: Shutting down and abandoning module WebMMediaFactory (604)
[2020.03.16-16.33.58:744][535]LogModuleManager: Shutting down and abandoning module WebMMediaEditor (602)
[2020.03.16-16.33.58:744][535]LogModuleManager: Shutting down and abandoning module WebMMedia (600)
[2020.03.16-16.33.58:744][535]LogModuleManager: Shutting down and abandoning module MediaPlayerEditor (598)
[2020.03.16-16.33.58:744][535]LogModuleManager: Shutting down and abandoning module MediaCompositingEditor (596)
[2020.03.16-16.33.58:744][535]LogModuleManager: Shutting down and abandoning module SequenceRecorder (595)
[2020.03.16-16.33.58:744][535]LogModuleManager: Shutting down and abandoning module OpenExrWrapper (592)
[2020.03.16-16.33.58:744][535]LogModuleManager: Shutting down and abandoning module ImgMediaFactory (590)
[2020.03.16-16.33.58:744][535]LogModuleManager: Shutting down and abandoning module ImgMediaEditor (588)
[2020.03.16-16.33.58:744][535]LogModuleManager: Shutting down and abandoning module AvfMediaFactory (586)
[2020.03.16-16.33.58:744][535]LogModuleManager: Shutting down and abandoning module AvfMediaEditor (584)
[2020.03.16-16.33.58:744][535]LogModuleManager: Shutting down and abandoning module AndroidMediaFactory (582)
[2020.03.16-16.33.58:744][535]LogModuleManager: Shutting down and abandoning module AndroidMediaEditor (580)
[2020.03.16-16.33.58:744][535]LogModuleManager: Shutting down and abandoning module MagicLeapCameraPreviewFactory (578)
[2020.03.16-16.33.58:744][535]LogModuleManager: Shutting down and abandoning module MagicLeapMediaCodecFactory (576)
[2020.03.16-16.33.58:744][535]LogModuleManager: Shutting down and abandoning module MagicLeapMediaFactory (574)
[2020.03.16-16.33.58:744][535]LogModuleManager: Shutting down and abandoning module MagicLeapMediaEditor (572)
[2020.03.16-16.33.58:744][535]LogModuleManager: Shutting down and abandoning module CharacterAI (570)
[2020.03.16-16.33.58:744][535]LogModuleManager: Shutting down and abandoning module SmartSnapping (568)
[2020.03.16-16.33.58:744][535]LogModuleManager: Shutting down and abandoning module SessionServices (566)
[2020.03.16-16.33.58:744][535]LogModuleManager: Shutting down and abandoning module MeshPaint (564)
[2020.03.16-16.33.58:744][535]LogModuleManager: Shutting down and abandoning module ViewportSnapping (562)
[2020.03.16-16.33.58:744][535]LogModuleManager: Shutting down and abandoning module ViewportInteraction (560)
[2020.03.16-16.33.58:744][535]LogModuleManager: Shutting down and abandoning module ClothPainter (558)
[2020.03.16-16.33.58:744][535]LogModuleManager: Shutting down and abandoning module SkeletalMeshEditor (557)
[2020.03.16-16.33.58:744][535]LogModuleManager: Shutting down and abandoning module LogVisualizer (554)
[2020.03.16-16.33.58:744][535]LogModuleManager: Shutting down and abandoning module IntroTutorials (552)
[2020.03.16-16.33.58:744][535]LogModuleManager: Shutting down and abandoning module GameProjectGeneration (551)
[2020.03.16-16.33.58:744][535]LogModuleManager: Shutting down and abandoning module LuminPlatformEditor (548)
[2020.03.16-16.33.58:744][535]LogModuleManager: Shutting down and abandoning module IOSPlatformEditor (546)
[2020.03.16-16.33.58:744][535]LogModuleManager: Shutting down and abandoning module HTML5PlatformEditor (544)
[2020.03.16-16.33.58:744][535]LogModuleManager: Shutting down and abandoning module AndroidPlatformEditor (542)
[2020.03.16-16.33.58:744][535]LogModuleManager: Shutting down and abandoning module AndroidDeviceDetection (541)
[2020.03.16-16.33.59:595][535]LogModuleManager: Shutting down and abandoning module WindowsPlatformEditor (538)
[2020.03.16-16.33.59:595][535]LogModuleManager: Shutting down and abandoning module LuminRuntimeSettings (536)
[2020.03.16-16.33.59:595][535]LogModuleManager: Shutting down and abandoning module IOSRuntimeSettings (534)
[2020.03.16-16.33.59:595][535]LogModuleManager: Shutting down and abandoning module AndroidRuntimeSettings (532)
[2020.03.16-16.33.59:595][535]LogModuleManager: Shutting down and abandoning module TimeManagementEditor (530)
[2020.03.16-16.33.59:595][535]LogModuleManager: Shutting down and abandoning module InputBindingEditor (528)
[2020.03.16-16.33.59:595][535]LogModuleManager: Shutting down and abandoning module MergeActors (526)
[2020.03.16-16.33.59:595][535]LogModuleManager: Shutting down and abandoning module LocalizationDashboard (524)
[2020.03.16-16.33.59:595][535]LogModuleManager: Shutting down and abandoning module LocalizationService (523)
[2020.03.16-16.33.59:595][535]LogModuleManager: Shutting down and abandoning module HardwareTargeting (520)
[2020.03.16-16.33.59:595][535]LogModuleManager: Shutting down and abandoning module DeviceProfileEditor (518)
[2020.03.16-16.33.59:595][535]LogModuleManager: Shutting down and abandoning module UndoHistory (516)
[2020.03.16-16.33.59:595][535]LogModuleManager: Shutting down and abandoning module XmlParser (514)
[2020.03.16-16.33.59:595][535]LogModuleManager: Shutting down and abandoning module Blutility (512)
[2020.03.16-16.33.59:595][535]LogModuleManager: Shutting down and abandoning module ProjectSettingsViewer (510)
[2020.03.16-16.33.59:595][535]LogModuleManager: Shutting down and abandoning module ProjectTargetPlatformEditor (509)
[2020.03.16-16.33.59:596][535]LogModuleManager: Shutting down and abandoning module EditorSettingsViewer (506)
[2020.03.16-16.33.59:596][535]LogModuleManager: Shutting down and abandoning module SettingsEditor (504)
[2020.03.16-16.33.59:596][535]LogModuleManager: Shutting down and abandoning module ProjectLauncher (502)
[2020.03.16-16.33.59:596][535]LogModuleManager: Shutting down and abandoning module SessionFrontend (500)
[2020.03.16-16.33.59:596][535]LogModuleManager: Shutting down and abandoning module ProfilerClient (498)
[2020.03.16-16.33.59:596][535]LogModuleManager: Shutting down and abandoning module DeviceManager (496)
[2020.03.16-16.33.59:596][535]LogModuleManager: Shutting down and abandoning module TargetDeviceServices (495)
[2020.03.16-16.33.59:640][535]LogModuleManager: Shutting down and abandoning module AutomationController (492)
[2020.03.16-16.33.59:640][535]LogModuleManager: Shutting down and abandoning module AutomationWindow (490)
[2020.03.16-16.33.59:640][535]LogModuleManager: Shutting down and abandoning module Layers (488)
[2020.03.16-16.33.59:640][535]LogModuleManager: Shutting down and abandoning module ComponentVisualizers (486)
[2020.03.16-16.33.59:640][535]LogModuleManager: Shutting down and abandoning module DetailCustomizations (484)
[2020.03.16-16.33.59:640][535]LogModuleManager: Shutting down and abandoning module PackagesDialog (482)
[2020.03.16-16.33.59:640][535]LogModuleManager: Shutting down and abandoning module AnimationBlueprintEditor (480)
[2020.03.16-16.33.59:640][535]LogModuleManager: Shutting down and abandoning module Persona (478)
[2020.03.16-16.33.59:640][535]LogModuleManager: Shutting down and abandoning module AdvancedPreviewScene (477)
[2020.03.16-16.33.59:640][535]LogModuleManager: Shutting down and abandoning module AnimGraph (475)
[2020.03.16-16.33.59:640][535]LogModuleManager: Shutting down and abandoning module Kismet (472)
[2020.03.16-16.33.59:647][535]LogModuleManager: Shutting down and abandoning module KismetWidgets (471)
[2020.03.16-16.33.59:647][535]LogModuleManager: Shutting down and abandoning module GraphEditor (468)
[2020.03.16-16.33.59:647][535]LogModuleManager: Shutting down and abandoning module StructViewer (466)
[2020.03.16-16.33.59:648][535]LogModuleManager: Shutting down and abandoning module ClassViewer (464)
[2020.03.16-16.33.59:648][535]LogModuleManager: Shutting down and abandoning module Toolbox (462)
[2020.03.16-16.33.59:648][535]LogModuleManager: Shutting down and abandoning module DesktopPlatform (461)
[2020.03.16-16.33.59:648][535]LogModuleManager: Shutting down and abandoning module ModuleUI (458)
[2020.03.16-16.33.59:648][535]LogModuleManager: Shutting down and abandoning module MovieSceneTools (456)
[2020.03.16-16.33.59:648][535]LogModuleManager: Shutting down and abandoning module OutputLog (454)
[2020.03.16-16.33.59:649][535]LogModuleManager: Shutting down and abandoning module GammaUI (452)
[2020.03.16-16.33.59:649][535]LogModuleManager: Shutting down and abandoning module Documentation (450)
[2020.03.16-16.33.59:649][535]LogModuleManager: Shutting down and abandoning module LiveCoding (448)
[2020.03.16-16.33.59:649][535]LogModuleManager: Shutting down and abandoning module LevelSequence (446)
[2020.03.16-16.33.59:649][535]LogModuleManager: Shutting down and abandoning module MovieSceneTracks (444)
[2020.03.16-16.33.59:649][535]LogModuleManager: Shutting down and abandoning module MovieScene (442)
[2020.03.16-16.33.59:649][535]LogModuleManager: Shutting down and abandoning module StreamingPauseRendering (440)
[2020.03.16-16.33.59:649][535]LogModuleManager: Shutting down and abandoning module LauncherPlatform (438)
[2020.03.16-16.33.59:649][535]LogModuleManager: Shutting down and abandoning module AnalyticsET (436)
[2020.03.16-16.33.59:649][535]LogModuleManager: Shutting down and abandoning module PortalServices (434)
[2020.03.16-16.33.59:649][535]LogModuleManager: Shutting down and abandoning module PortalRpc (432)
[2020.03.16-16.33.59:649][535]LogModuleManager: Shutting down and abandoning module MessagingRpc (430)
[2020.03.16-16.33.59:649][535]LogModuleManager: Shutting down and abandoning module AIModule (428)
[2020.03.16-16.33.59:649][535]LogModuleManager: Shutting down and abandoning module GameplayDebugger (427)
[2020.03.16-16.33.59:649][535]LogModuleManager: Shutting down and abandoning module AITestSuite (425)
[2020.03.16-16.33.59:649][535]LogModuleManager: Shutting down and abandoning module NavigationSystem (423)
[2020.03.16-16.33.59:649][535]LogModuleManager: Shutting down and abandoning module ImageWriteQueue (420)
[2020.03.16-16.33.59:652][535]LogModuleManager: Shutting down and abandoning module ProfilerService (418)
[2020.03.16-16.33.59:699][535]LogModuleManager: Shutting down and abandoning module TaskGraph (416)
[2020.03.16-16.33.59:699][535]LogModuleManager: Shutting down and abandoning module ScreenshotTools (414)
[2020.03.16-16.33.59:699][535]LogModuleManager: Shutting down and abandoning module ProceduralMeshComponentEditor (412)
[2020.03.16-16.33.59:699][535]LogModuleManager: Shutting down and abandoning module ProceduralMeshComponent (410)
[2020.03.16-16.33.59:699][535]LogModuleManager: Shutting down and abandoning module MobilePatchingUtils (408)
[2020.03.16-16.33.59:699][535]LogModuleManager: Shutting down and abandoning module EditableMesh (406)
[2020.03.16-16.33.59:699][535]LogModuleManager: Shutting down and abandoning module CustomMeshComponent (404)
[2020.03.16-16.33.59:699][535]LogModuleManager: Shutting down and abandoning module CableComponent (402)
[2020.03.16-16.33.59:699][535]LogModuleManager: Shutting down and abandoning module AudioCapture (400)
[2020.03.16-16.33.59:699][535]LogModuleManager: Shutting down and abandoning module ArchVisCharacter (398)
[2020.03.16-16.33.59:699][535]LogModuleManager: Shutting down and abandoning module AppleImageUtilsBlueprintSupport (396)
[2020.03.16-16.33.59:699][535]LogModuleManager: Shutting down and abandoning module AppleImageUtils (394)
[2020.03.16-16.33.59:699][535]LogModuleManager: Shutting down and abandoning module AndroidPermission (392)
[2020.03.16-16.33.59:699][535]LogModuleManager: Shutting down and abandoning module NUTUnrealEngine4 (390)
[2020.03.16-16.33.59:699][535]LogModuleManager: Shutting down and abandoning module NetcodeUnitTest (388)
[2020.03.16-16.33.59:699][535]LogModuleManager: Shutting down and abandoning module MediaCompositing (386)
[2020.03.16-16.33.59:699][535]LogModuleManager: Shutting down and abandoning module ImgMedia (384)
[2020.03.16-16.33.59:699][535]LogModuleManager: Shutting down and abandoning module MagicLeapHelperVulkan (382)
[2020.03.16-16.33.59:700][535]LogModuleManager: Shutting down and abandoning module MagicLeapHelperOpenGL (380)
[2020.03.16-16.33.59:700][535]LogModuleManager: Shutting down and abandoning module MagicLeapAudio (378)
[2020.03.16-16.33.59:700][535]LogModuleManager: Shutting down and abandoning module HTML5Networking (376)
[2020.03.16-16.33.59:700][535]LogModuleManager: Shutting down and abandoning module GeometryCacheTracks (374)
[2020.03.16-16.33.59:700][535]LogModuleManager: Shutting down and abandoning module GeometryCacheSequencer (372)
[2020.03.16-16.33.59:700][535]LogModuleManager: Shutting down and abandoning module BackChannel (370)
[2020.03.16-16.33.59:700][535]LogModuleManager: Shutting down and abandoning module AutomationUtilsEditor (368)
[2020.03.16-16.33.59:700][535]LogModuleManager: Shutting down and abandoning module AutomationUtils (366)
[2020.03.16-16.33.59:700][535]LogModuleManager: Shutting down and abandoning module AlembicImporter (364)
[2020.03.16-16.33.59:700][535]LogModuleManager: Shutting down and abandoning module AlembicLibrary (363)
[2020.03.16-16.33.59:700][535]LogModuleManager: Shutting down and abandoning module GeometryCache (362)
[2020.03.16-16.33.59:700][535]LogModuleManager: Shutting down and abandoning module GeometryCacheEd (361)
[2020.03.16-16.33.59:700][535]LogModuleManager: Shutting down and abandoning module VariantManagerContent (356)
[2020.03.16-16.33.59:700][535]LogModuleManager: Shutting down and abandoning module DatasmithContentEditor (354)
[2020.03.16-16.33.59:700][535]LogModuleManager: Shutting down and abandoning module SpeedTreeImporter (352)
[2020.03.16-16.33.59:700][535]LogModuleManager: Shutting down and abandoning module PluginBrowser (350)
[2020.03.16-16.33.59:700][535]LogModuleManager: Shutting down and abandoning module MobileLauncherProfileWizard (348)
[2020.03.16-16.33.59:700][535]LogModuleManager: Shutting down and abandoning module MaterialAnalyzer (346)
[2020.03.16-16.33.59:700][535]LogModuleManager: Shutting down and abandoning module CurveEditorTools (344)
[2020.03.16-16.33.59:700][535]LogModuleManager: Shutting down and abandoning module CurveEditor (343)
[2020.03.16-16.33.59:700][535]LogModuleManager: Shutting down and abandoning module CryptoKeysOpenSSL (340)
[2020.03.16-16.33.59:700][535]LogModuleManager: Shutting down and abandoning module CryptoKeys (338)
[2020.03.16-16.33.59:700][535]LogModuleManager: Shutting down and abandoning module VisualStudioSourceCodeAccess (336)
[2020.03.16-16.33.59:700][535]LogModuleManager: Shutting down and abandoning module VisualStudioCodeSourceCodeAccess (334)
[2020.03.16-16.33.59:700][535]LogModuleManager: Shutting down and abandoning module UObjectPlugin (332)
[2020.03.16-16.33.59:700][535]LogModuleManager: Shutting down and abandoning module SubversionSourceControl (330)
[2020.03.16-16.33.59:700][535]LogModuleManager: Shutting down and abandoning module PerforceSourceControl (328)
[2020.03.16-16.33.59:700][535]LogModuleManager: Shutting down and abandoning module GitSourceControl (326)
[2020.03.16-16.33.59:700][535]LogModuleManager: Shutting down and abandoning module SourceControl (325)
[2020.03.16-16.33.59:700][535]LogModuleManager: Shutting down and abandoning module CLionSourceCodeAccess (322)
[2020.03.16-16.33.59:700][535]LogModuleManager: Shutting down and abandoning module AnimationSharingEd (320)
[2020.03.16-16.33.59:700][535]LogModuleManager: Shutting down and abandoning module ActorLayerUtilitiesEditor (318)
[2020.03.16-16.33.59:700][535]LogModuleManager: Shutting down and abandoning module ActorLayerUtilities (316)
[2020.03.16-16.33.59:700][535]LogModuleManager: Shutting down and abandoning module LightPropagationVolumeEditor (314)
[2020.03.16-16.33.59:700][535]LogModuleManager: Shutting down and abandoning module PaperTiledImporter (312)
[2020.03.16-16.33.59:700][535]LogModuleManager: Shutting down and abandoning module PaperSpriteSheetImporter (310)
[2020.03.16-16.33.59:700][535]LogModuleManager: Shutting down and abandoning module Paper2DEditor (308)
[2020.03.16-16.33.59:700][535]LogModuleManager: Shutting down and abandoning module IsolationUE4 (306)
[2020.03.16-16.33.59:700][535]LogModuleManager: Shutting down and abandoning module SignificanceManager (304)
[2020.03.16-16.33.59:700][535]LogModuleManager: Shutting down and abandoning module RuntimePhysXCooking (302)
[2020.03.16-16.33.59:700][535]LogModuleManager: Shutting down and abandoning module PhysXVehiclesEditor (300)
[2020.03.16-16.33.59:700][535]LogModuleManager: Shutting down and abandoning module LocationServicesBPLibrary (296)
[2020.03.16-16.33.59:700][535]LogModuleManager: Shutting down and abandoning module ActorSequence (294)
[2020.03.16-16.33.59:700][535]LogModuleManager: Shutting down and abandoning module UdpMessaging (292)
[2020.03.16-16.33.59:801][535]LogModuleManager: Shutting down and abandoning module TcpMessaging (290)
[2020.03.16-16.33.59:901][535]LogModuleManager: Shutting down and abandoning module MagicLeapIdentity (288)
[2020.03.16-16.33.59:901][535]LogModuleManager: Shutting down and abandoning module MagicLeapSecureStorage (286)
[2020.03.16-16.33.59:901][535]LogModuleManager: Shutting down and abandoning module MagicLeapHandTracking (284)
[2020.03.16-16.33.59:901][535]LogModuleManager: Shutting down and abandoning module MagicLeapEyeTracker (282)
[2020.03.16-16.33.59:901][535]LogModuleManager: Shutting down and abandoning module MagicLeapController (280)
[2020.03.16-16.33.59:901][535]LogSlate: Slate User Destroyed.  User Index 0, Is Virtual User: 0
[2020.03.16-16.33.59:901][535]LogModuleManager: Shutting down and abandoning module MagicLeapAR (278)
[2020.03.16-16.33.59:901][535]LogModuleManager: Shutting down and abandoning module AugmentedReality (277)
[2020.03.16-16.33.59:901][535]LogModuleManager: Shutting down and abandoning module GameplayTagsEditor (274)
[2020.03.16-16.33.59:901][535]LogModuleManager: Shutting down and abandoning module FacialAnimationEditor (272)
[2020.03.16-16.33.59:901][535]LogModuleManager: Shutting down and abandoning module FacialAnimation (270)
[2020.03.16-16.33.59:901][535]LogModuleManager: Shutting down and abandoning module DataValidation (268)
[2020.03.16-16.33.59:901][535]LogModuleManager: Shutting down and abandoning module AssetManagerEditor (266)
[2020.03.16-16.33.59:901][535]LogModuleManager: Shutting down and abandoning module LevelEditor (265)
[2020.03.16-16.33.59:901][535]LogModuleManager: Shutting down and abandoning module PixelInspectorModule (264)
[2020.03.16-16.33.59:901][535]LogModuleManager: Shutting down and abandoning module CommonMenuExtensions (262)
[2020.03.16-16.33.59:902][535]LogModuleManager: Shutting down and abandoning module MainFrame (260)
[2020.03.16-16.33.59:902][535]LogModuleManager: Shutting down and abandoning module HotReload (259)
[2020.03.16-16.33.59:902][535]LogModuleManager: Shutting down and abandoning module ContentBrowser (255)
[2020.03.16-16.33.59:902][535]LogModuleManager: Shutting down and abandoning module TreeMap (253)
[2020.03.16-16.33.59:903][535]LogModuleManager: Shutting down and abandoning module AnimationSharing (250)
[2020.03.16-16.33.59:903][535]LogModuleManager: Shutting down and abandoning module LightPropagationVolumeRuntime (248)
[2020.03.16-16.33.59:903][535]LogModuleManager: Shutting down and abandoning module Paper2D (246)
[2020.03.16-16.33.59:903][535]LogModuleManager: Shutting down and abandoning module WindowsMoviePlayer (244)
[2020.03.16-16.33.59:904][535]LogModuleManager: Shutting down and abandoning module WebMMoviePlayer (242)
[2020.03.16-16.33.59:904][535]LogModuleManager: Shutting down and abandoning module NetworkReplayStreaming (240)
[2020.03.16-16.33.59:904][535]LogModuleManager: Shutting down and abandoning module PacketHandler (238)
[2020.03.16-16.33.59:904][535]LogModuleManager: Shutting down and abandoning module ClothingSystemEditor (236)
[2020.03.16-16.33.59:904][535]LogModuleManager: Shutting down and abandoning module ClothingSystemRuntime (234)
[2020.03.16-16.33.59:904][535]LogModuleManager: Shutting down and abandoning module MediaAssets (232)
[2020.03.16-16.33.59:904][535]LogModuleManager: Shutting down and abandoning module Overlay (230)
[2020.03.16-16.33.59:904][535]LogModuleManager: Shutting down and abandoning module OverlayEditor (229)
[2020.03.16-16.33.59:904][535]LogModuleManager: Shutting down and abandoning module VREditor (226)
[2020.03.16-16.33.59:904][535]LogModuleManager: Shutting down and abandoning module StringTableEditor (224)
[2020.03.16-16.33.59:904][535]LogModuleManager: Shutting down and abandoning module GameplayTasksEditor (222)
[2020.03.16-16.33.59:904][535]LogModuleManager: Shutting down and abandoning module BehaviorTreeEditor (220)
[2020.03.16-16.33.59:904][535]LogModuleManager: Shutting down and abandoning module FunctionalTesting (218)
[2020.03.16-16.33.59:904][535]LogModuleManager: Shutting down and abandoning module CollisionAnalyzer (216)
[2020.03.16-16.33.59:904][535]LogModuleManager: Shutting down and abandoning module WorkspaceMenuStructure (215)
[2020.03.16-16.33.59:904][535]LogModuleManager: Shutting down and abandoning module UMG (212)
[2020.03.16-16.33.59:904][535]LogModuleManager: Shutting down and abandoning module UMGEditor (211)
[2020.03.16-16.33.59:904][535]LogModuleManager: Shutting down and abandoning module Sequencer (210)
[2020.03.16-16.33.59:904][535]LogModuleManager: Shutting down and abandoning module MessageLog (207)
[2020.03.16-16.33.59:904][535]LogModuleManager: Shutting down and abandoning module SlateReflector (202)
[2020.03.16-16.33.59:904][535]LogModuleManager: Shutting down and abandoning module Slate (200)
[2020.03.16-16.33.59:905][535]LogModuleManager: Shutting down and abandoning module LandscapeEditorUtilities (198)
[2020.03.16-16.33.59:905][535]LogModuleManager: Shutting down and abandoning module EditorStyle (196)
[2020.03.16-16.33.59:905][535]LogModuleManager: Shutting down and abandoning module UnrealEd (194)
[2020.03.16-16.33.59:905][535]LogModuleManager: Shutting down and abandoning module MRMesh (192)
[2020.03.16-16.33.59:905][535]LogModuleManager: Shutting down and abandoning module SourceCodeAccess (190)
[2020.03.16-16.33.59:905][535]LogModuleManager: Shutting down and abandoning module HeadMountedDisplay (188)
[2020.03.16-16.33.59:905][535]LogModuleManager: Shutting down and abandoning module XAudio2 (186)
[2020.03.16-16.33.59:905][535]LogModuleManager: Shutting down and abandoning module Networking (184)
[2020.03.16-16.33.59:905][535]LogModuleManager: Shutting down and abandoning module Core (182)
[2020.03.16-16.33.59:905][535]LogModuleManager: Shutting down and abandoning module KismetCompiler (180)
[2020.03.16-16.33.59:905][535]LogModuleManager: Shutting down and abandoning module MeshUtilities (178)
[2020.03.16-16.33.59:905][535]LogModuleManager: Shutting down and abandoning module MeshMergeUtilities (177)
[2020.03.16-16.33.59:905][535]LogModuleManager: Shutting down and abandoning module MeshReductionInterface (176)
[2020.03.16-16.33.59:905][535]LogModuleManager: Shutting down and abandoning module SkeletalMeshReduction (175)
[2020.03.16-16.33.59:905][535]LogModuleManager: Shutting down and abandoning module ProxyLODMeshReduction (173)
[2020.03.16-16.33.59:905][535]LogModuleManager: Shutting down and abandoning module QuadricMeshReduction (171)
[2020.03.16-16.33.59:905][535]LogModuleManager: Shutting down and abandoning module MaterialBaking (167)
[2020.03.16-16.33.59:906][535]LogModuleManager: Shutting down and abandoning module NullInstallBundleManager (162)
[2020.03.16-16.33.59:906][535]LogModuleManager: Shutting down and abandoning module DerivedDataCache (160)
[2020.03.16-16.33.59:931][535]LogDerivedDataCache: Shutdown
[2020.03.16-16.33.59:931][535]LogModuleManager: Shutting down and abandoning module XGEController (158)
[2020.03.16-16.33.59:931][535]LogModuleManager: Shutting down and abandoning module TargetPlatform (156)
[2020.03.16-16.33.59:931][535]LogModuleManager: Shutting down and abandoning module VulkanShaderFormat (155)
[2020.03.16-16.33.59:931][535]LogModuleManager: Shutting down and abandoning module ShaderFormatVectorVM (153)
[2020.03.16-16.33.59:931][535]LogModuleManager: Shutting down and abandoning module ShaderFormatOpenGL (151)
[2020.03.16-16.33.59:931][535]LogModuleManager: Shutting down and abandoning module ShaderFormatD3D (149)
[2020.03.16-16.33.59:931][535]LogModuleManager: Shutting down and abandoning module MetalShaderFormat (147)
[2020.03.16-16.33.59:931][535]LogModuleManager: Shutting down and abandoning module TextureFormatUncompressed (145)
[2020.03.16-16.33.59:931][535]LogModuleManager: Shutting down and abandoning module TextureFormatPVR (143)
[2020.03.16-16.33.59:931][535]LogModuleManager: Shutting down and abandoning module TextureFormatDXT (141)
[2020.03.16-16.33.59:931][535]LogModuleManager: Shutting down and abandoning module TextureFormatIntelISPCTexComp (139)
[2020.03.16-16.33.59:931][535]LogModuleManager: Shutting down and abandoning module TextureFormatASTC (137)
[2020.03.16-16.33.59:931][535]LogModuleManager: Shutting down and abandoning module ImageWrapper (136)
[2020.03.16-16.33.59:931][535]LogModuleManager: Shutting down and abandoning module TextureFormatAndroid (133)
[2020.03.16-16.33.59:931][535]LogModuleManager: Shutting down and abandoning module AudioFormatOpus (131)
[2020.03.16-16.33.59:931][535]LogModuleManager: Shutting down and abandoning module AudioFormatOgg (129)
[2020.03.16-16.33.59:931][535]LogModuleManager: Shutting down and abandoning module AudioFormatADPCM (127)
[2020.03.16-16.33.59:931][535]LogModuleManager: Shutting down and abandoning module LuminTargetPlatform (125)
[2020.03.16-16.33.59:932][535]LogModuleManager: Shutting down and abandoning module LinuxTargetPlatform (123)
[2020.03.16-16.33.59:932][535]LogModuleManager: Shutting down and abandoning module LinuxServerTargetPlatform (121)
[2020.03.16-16.33.59:932][535]LogModuleManager: Shutting down and abandoning module LinuxNoEditorTargetPlatform (119)
[2020.03.16-16.33.59:932][535]LogModuleManager: Shutting down and abandoning module LinuxClientTargetPlatform (117)
[2020.03.16-16.33.59:932][535]LogModuleManager: Shutting down and abandoning module TVOSTargetPlatform (115)
[2020.03.16-16.33.59:933][535]LogModuleManager: Shutting down and abandoning module Messaging (113)
[2020.03.16-16.33.59:933][535]LogModuleManager: Shutting down and abandoning module IOSTargetPlatform (111)
[2020.03.16-16.33.59:933][535]LogModuleManager: Shutting down and abandoning module HTML5TargetPlatform (109)
[2020.03.16-16.33.59:933][535]LogModuleManager: Shutting down and abandoning module AndroidTargetPlatform (107)
[2020.03.16-16.33.59:937][535]LogModuleManager: Shutting down and abandoning module WindowsTargetPlatform (105)
[2020.03.16-16.33.59:937][535]LogModuleManager: Shutting down and abandoning module WindowsServerTargetPlatform (103)
[2020.03.16-16.33.59:937][535]LogModuleManager: Shutting down and abandoning module WindowsNoEditorTargetPlatform (101)
[2020.03.16-16.33.59:937][535]LogModuleManager: Shutting down and abandoning module WindowsClientTargetPlatform (99)
[2020.03.16-16.33.59:937][535]LogModuleManager: Shutting down and abandoning module MacTargetPlatform (97)
[2020.03.16-16.33.59:938][535]LogModuleManager: Shutting down and abandoning module MacServerTargetPlatform (95)
[2020.03.16-16.33.59:938][535]LogModuleManager: Shutting down and abandoning module MacNoEditorTargetPlatform (93)
[2020.03.16-16.33.59:938][535]LogModuleManager: Shutting down and abandoning module MacClientTargetPlatform (91)
[2020.03.16-16.33.59:938][535]LogModuleManager: Shutting down and abandoning module AllDesktopTargetPlatform (89)
[2020.03.16-16.33.59:938][535]LogModuleManager: Shutting down and abandoning module InputCore (86)
[2020.03.16-16.33.59:938][535]LogModuleManager: Shutting down and abandoning module Settings (84)
[2020.03.16-16.33.59:938][535]LogModuleManager: Shutting down and abandoning module DirectoryWatcher (82)
[2020.03.16-16.33.59:938][535]LogModuleManager: Shutting down and abandoning module PhysXCooking (80)
[2020.03.16-16.33.59:938][535]LogModuleManager: Shutting down and abandoning module WindowsPlatformFeatures (78)
[2020.03.16-16.33.59:938][535]LogModuleManager: Shutting down and abandoning module GameplayMediaEncoder (77)
[2020.03.16-16.33.59:938][535]LogModuleManager: Shutting down and abandoning module ExampleDeviceProfileSelector (74)
[2020.03.16-16.33.59:938][535]LogModuleManager: Shutting down and abandoning module LauncherChunkInstaller (72)
[2020.03.16-16.33.59:938][535]LogModuleManager: Shutting down and abandoning module OnlineBlueprintSupport (70)
[2020.03.16-16.33.59:938][535]LogModuleManager: Shutting down and abandoning module OnlineSubsystem (66)
[2020.03.16-16.33.59:938][535]LogModuleManager: Shutting down and abandoning module XMPP (61)
[2020.03.16-16.33.59:939][535]LogModuleManager: Shutting down and abandoning module WebSockets (60)
[2020.03.16-16.33.59:960][535]LogModuleManager: Shutting down and abandoning module HTTP (57)
[2020.03.16-16.33.59:960][535]LogHttp: Display: Http module shutting down, but needs to wait on 1 outstanding Http requests:
[2020.03.16-16.33.59:960][535]LogHttp: Display: 	verb=[POST] url=[https://datarouter.ol.epicgames.com/datarouter/api/v1/public/data?SessionID=%7BC6FE81D2-4E18-7933-719C-A8A7D1B89D7A%7D&AppID=UEEditor.Rocket.Release&AppVersion=4.23.1-9631420%2B%2B%2BUE4%2BRelease-4.23&UserID=fd80b7484c49cebce9ca7bbb20cab1a7%7C83b172cb5e9940848a7baedddc2a6e48%7Ca7edd6be-0a62-40e7-a8ab-4042590a48eb&AppEnvironment=datacollector-binary&UploadType=eteventstream] status=Processing
[2020.03.16-16.33.59:990][535]LogModuleManager: Shutting down and abandoning module SSL (56)
[2020.03.16-16.33.59:991][535]LogModuleManager: Shutting down and abandoning module WmfMedia (52)
[2020.03.16-16.33.59:992][535]LogModuleManager: Shutting down and abandoning module Media (51)
[2020.03.16-16.33.59:993][535]LogModuleManager: Shutting down and abandoning module MagicLeap (48)
[2020.03.16-16.33.59:993][535]LogModuleManager: Shutting down and abandoning module DatasmithContent (46)
[2020.03.16-16.33.59:993][535]LogModuleManager: Shutting down and abandoning module AISupportModule (44)
[2020.03.16-16.33.59:993][535]LogModuleManager: Shutting down and abandoning module PlatformCryptoOpenSSL (42)
[2020.03.16-16.33.59:993][535]LogModuleManager: Shutting down and abandoning module PlatformCrypto (40)
[2020.03.16-16.33.59:993][535]LogModuleManager: Shutting down and abandoning module AnimationModifiers (38)
[2020.03.16-16.33.59:993][535]LogModuleManager: Shutting down and abandoning module PropertyEditor (37)
[2020.03.16-16.33.59:993][535]LogModuleManager: Shutting down and abandoning module AudioEditor (34)
[2020.03.16-16.33.59:993][535]LogModuleManager: Shutting down and abandoning module TextureCompressor (32)
[2020.03.16-16.33.59:994][535]LogModuleManager: Shutting down and abandoning module RenderCore (30)
[2020.03.16-16.33.59:994][535]LogModuleManager: Shutting down and abandoning module Landscape (28)
[2020.03.16-16.33.59:994][535]LogModuleManager: Shutting down and abandoning module SlateRHIRenderer (26)
[2020.03.16-16.33.59:995][535]LogModuleManager: Shutting down and abandoning module OpenGLDrv (24)
[2020.03.16-16.33.59:995][535]LogModuleManager: Shutting down and abandoning module D3D11RHI (22)
[2020.03.16-16.33.59:995][535]LogModuleManager: Shutting down and abandoning module AnimGraphRuntime (20)
[2020.03.16-16.33.59:995][535]LogModuleManager: Shutting down and abandoning module Renderer (18)
[2020.03.16-16.33.59:995][535]LogModuleManager: Shutting down and abandoning module Engine (16)
[2020.03.16-16.33.59:995][535]LogModuleManager: Shutting down and abandoning module CoreUObject (14)
[2020.03.16-16.33.59:995][535]LogModuleManager: Shutting down and abandoning module NetworkFile (12)
[2020.03.16-16.33.59:995][535]LogModuleManager: Shutting down and abandoning module CookedIterativeFile (10)
[2020.03.16-16.33.59:995][535]LogModuleManager: Shutting down and abandoning module StreamingFile (8)
[2020.03.16-16.33.59:995][535]LogModuleManager: Shutting down and abandoning module SandboxFile (6)
[2020.03.16-16.33.59:995][535]LogModuleManager: Shutting down and abandoning module PakFile (4)
[2020.03.16-16.33.59:995][535]LogModuleManager: Shutting down and abandoning module RSA (3)
[2020.03.16-16.33.59:996][535]LogD3D11RHI: Shutdown
[2020.03.16-16.33.59:996][535]LogD3D11RHI: CleanupD3DDevice
[2020.03.16-16.33.59:996][535]LogRendererCore: FGlobalDynamicReadBuffer::Cleanup()
[2020.03.16-16.33.59:996][535]LogRendererCore: FGlobalDynamicReadBuffer::Cleanup()
[2020.03.16-16.33.59:996][535]LogRendererCore: FGlobalDynamicReadBuffer::Cleanup()
[2020.03.16-16.34.00:070][535]LogD3D11RHI: ~FD3D11DynamicRHI
[2020.03.16-16.34.00:077][535]LogExit: Exiting.
[2020.03.16-16.34.00:093][535]Log file closed, 03/16/20 17:34:00
