Log file open, 03/20/20 17:14:05
LogWindows: Failed to load 'aqProf.dll' (GetLastError=126)
LogWindows: File 'aqProf.dll' does not exist
LogWindows: Failed to load 'VtuneApi.dll' (GetLastError=126)
LogWindows: File 'VtuneApi.dll' does not exist
LogWindows: Failed to load 'VtuneApi32e.dll' (GetLastError=126)
LogWindows: File 'VtuneApi32e.dll' does not exist
LogConsoleResponse: Display: Failed to find resolution value strings in scalability ini. Falling back to default.
LogInit: Display: Running engine for game: IsolationUE4
LogPlatformFile: Not using cached read wrapper
LogTaskGraph: Started task graph with 5 named threads and 20 total threads with 3 sets of task threads.
LogStats: Stats thread started at 0.069078
LogD3D11RHI: Loaded GFSDK_Aftermath_Lib.x64.dll
LogICUInternationalization: ICU TimeZone Detection - Raw Offset: +1:00, Platform Override: ''
LogPluginManager: Mounting plugin Paper2D
LogPluginManager: Mounting plugin AISupport
LogPluginManager: Mounting plugin LightPropagationVolume
LogPluginManager: Mounting plugin ActorLayerUtilities
LogPluginManager: Mounting plugin AnimationSharing
LogPluginManager: Mounting plugin CLionSourceCodeAccess
LogPluginManager: Mounting plugin CodeLiteSourceCodeAccess
LogPluginManager: Mounting plugin GitSourceControl
LogPluginManager: Mounting plugin KDevelopSourceCodeAccess
LogPluginManager: Mounting plugin NullSourceCodeAccess
LogPluginManager: Mounting plugin PerforceSourceControl
LogPluginManager: Mounting plugin SubversionSourceControl
LogPluginManager: Mounting plugin UObjectPlugin
LogPluginManager: Mounting plugin VisualStudioCodeSourceCodeAccess
LogPluginManager: Mounting plugin VisualStudioSourceCodeAccess
LogPluginManager: Mounting plugin XCodeSourceCodeAccess
LogPluginManager: Mounting plugin AssetManagerEditor
LogPluginManager: Mounting plugin CryptoKeys
LogPluginManager: Mounting plugin CurveEditorTools
LogPluginManager: Mounting plugin DataValidation
LogPluginManager: Mounting plugin FacialAnimation
LogPluginManager: Mounting plugin GameplayTagsEditor
LogPluginManager: Mounting plugin MacGraphicsSwitching
LogPluginManager: Mounting plugin MaterialAnalyzer
LogPluginManager: Mounting plugin MobileLauncherProfileWizard
LogPluginManager: Mounting plugin PluginBrowser
LogPluginManager: Mounting plugin SpeedTreeImporter
LogPluginManager: Mounting plugin DatasmithContent
LogPluginManager: Mounting plugin VariantManagerContent
LogPluginManager: Mounting plugin AlembicImporter
LogPluginManager: Mounting plugin AutomationUtils
LogPluginManager: Mounting plugin BackChannel
LogPluginManager: Mounting plugin CharacterAI
LogPluginManager: Mounting plugin GeometryCache
LogPluginManager: Mounting plugin HTML5Networking
LogPluginManager: Mounting plugin PlatformCrypto
LogPluginManager: Mounting plugin ProxyLODPlugin
LogPluginManager: Mounting plugin SkeletalReduction
LogPluginManager: Mounting plugin MagicLeap
LogPluginManager: Mounting plugin MagicLeapMedia
LogPluginManager: Mounting plugin AndroidMedia
LogPluginManager: Mounting plugin AvfMedia
LogPluginManager: Mounting plugin ImgMedia
LogPluginManager: Mounting plugin MediaCompositing
LogPluginManager: Mounting plugin MediaPlayerEditor
LogPluginManager: Mounting plugin WebMMedia
LogPluginManager: Mounting plugin WmfMedia
LogPluginManager: Mounting plugin TcpMessaging
LogPluginManager: Mounting plugin UdpMessaging
LogPluginManager: Mounting plugin ActorSequence
LogPluginManager: Mounting plugin LevelSequenceEditor
LogPluginManager: Mounting plugin MatineeToLevelSequence
LogPluginManager: Mounting plugin NetcodeUnitTest
LogPluginManager: Mounting plugin NUTUnrealEngine4
LogPluginManager: Mounting plugin OnlineSubsystemGooglePlay
LogPluginManager: Mounting plugin OnlineSubsystemIOS
LogPluginManager: Mounting plugin OnlineSubsystem
LogPluginManager: Mounting plugin OnlineSubsystemNull
LogPluginManager: Mounting plugin OnlineSubsystemUtils
LogPluginManager: Mounting plugin LauncherChunkInstaller
LogPluginManager: Mounting plugin AndroidDeviceProfileSelector
LogPluginManager: Mounting plugin AndroidMoviePlayer
LogPluginManager: Mounting plugin AndroidPermission
LogPluginManager: Mounting plugin AppleImageUtils
LogPluginManager: Mounting plugin AppleMoviePlayer
LogPluginManager: Mounting plugin ArchVisCharacter
LogPluginManager: Mounting plugin AudioCapture
LogPluginManager: Mounting plugin CableComponent
LogPluginManager: Mounting plugin CustomMeshComponent
LogPluginManager: Mounting plugin EditableMesh
LogPluginManager: Mounting plugin ExampleDeviceProfileSelector
LogPluginManager: Mounting plugin GoogleCloudMessaging
LogPluginManager: Mounting plugin IOSDeviceProfileSelector
LogPluginManager: Mounting plugin LinuxDeviceProfileSelector
LogPluginManager: Mounting plugin LocationServicesBPLibrary
LogPluginManager: Mounting plugin MobilePatchingUtils
LogPluginManager: Mounting plugin PhysXVehicles
LogPluginManager: Mounting plugin ProceduralMeshComponent
LogPluginManager: Mounting plugin RuntimePhysXCooking
LogPluginManager: Mounting plugin SignificanceManager
LogPluginManager: Mounting plugin WebMMoviePlayer
LogPluginManager: Mounting plugin WindowsMoviePlayer
LogPluginManager: Mounting plugin ScreenshotTools
LogInit: Warning: Incompatible or missing module: IsolationUE4
Running C:/Program Files/UE_4.23/Engine/Binaries/DotNET/UnrealBuildTool.exe Development Win64 -Project="D:/UE4/CONTAGIOSOS/Isolation/IsolationUE4/IsolationUE4.uproject" -TargetType=Editor -Progress -NoHotReloadFromIDE
Using 'git status' to determine working set for adaptive non-unity build (D:\UE4\CONTAGIOSOS\Isolation).
Creating makefile for IsolationUE4Editor (no existing makefile)
@progress push 5%
Parsing headers for IsolationUE4Editor
  Running UnrealHeaderTool "D:\UE4\CONTAGIOSOS\Isolation\IsolationUE4\IsolationUE4.uproject" "D:\UE4\CONTAGIOSOS\Isolation\IsolationUE4\Intermediate\Build\Win64\IsolationUE4Editor\Development\IsolationUE4Editor.uhtmanifest" -LogCmds="loginit warning, logexit warning, logdatabase error" -Unattended -WarningsAsErrors -installed
Reflection code generated for IsolationUE4Editor in 5,2391779 seconds
@progress pop
Using Visual Studio 2017 14.16.27023 toolchain (C:\Program Files (x86)\Microsoft Visual Studio\2017\Professional\VC\Tools\MSVC\14.16.27023) and Windows 10.0.17763.0 SDK (C:\Program Files (x86)\Windows Kits\10).
Building 2 actions with 6 processes...
  @progress 'Compiling C++ source code...' 0%
  @progress 'Compiling C++ source code...' 50%
  [1/2] UE4Editor-IsolationUE4.dll
     Creando biblioteca D:\UE4\CONTAGIOSOS\Isolation\IsolationUE4\Intermediate\Build\Win64\UE4Editor\Development\IsolationUE4\UE4Editor-IsolationUE4.suppressed.lib y objeto D:\UE4\CONTAGIOSOS\Isolation\IsolationUE4\Intermediate\Build\Win64\UE4Editor\Development\IsolationUE4\UE4Editor-IsolationUE4.suppressed.exp
  @progress 'Compiling C++ source code...' 100%
  [2/2] IsolationUE4Editor.target
Total time in Parallel executor: 1,17 seconds
Total execution time: 8,27 seconds
LogInit: Using libcurl 7.55.1-DEV
LogInit:  - built for x86_64-pc-win32
LogInit:  - supports SSL with OpenSSL/1.1.1
LogInit:  - supports HTTP deflate (compression) using libz 1.2.8
LogInit:  - other features:
LogInit:      CURL_VERSION_SSL
LogInit:      CURL_VERSION_LIBZ
LogInit:      CURL_VERSION_IPV6
LogInit:      CURL_VERSION_ASYNCHDNS
LogInit:      CURL_VERSION_LARGEFILE
LogInit:      CURL_VERSION_IDN
LogInit:  CurlRequestOptions (configurable via config and command line):
LogInit:  - bVerifyPeer = true  - Libcurl will verify peer certificate
LogInit:  - bUseHttpProxy = false  - Libcurl will NOT use HTTP proxy
LogInit:  - bDontReuseConnections = false  - Libcurl will reuse connections
LogInit:  - MaxHostConnections = 16  - Libcurl will limit the number of connections to a host
LogInit:  - LocalHostAddr = Default
LogInit:  - BufferSize = 65536
LogOnline: OSS: Creating online subsystem instance for: NULL
LogInit: WinSock: version 1.1 (2.2), MaxSocks=32767, MaxUdp=65467
LogInit: Build: ++UE4+Release-4.23-CL-9631420
LogInit: Engine Version: 4.23.1-9631420+++UE4+Release-4.23
LogInit: Compatible Engine Version: 4.23.0-8386587+++UE4+Release-4.23
LogInit: Net CL: 8386587
LogInit: OS: Windows 10 (Release 1903) (), CPU: Intel(R) Core(TM) i5-8400 CPU @ 2.80GHz, GPU: NVIDIA GeForce GTX 1070
LogInit: Compiled (64-bit): Oct 18 2019 02:07:44
LogInit: Compiled with Visual C++: 19.16.27030.01
LogInit: Build Configuration: Development
LogInit: Branch Name: ++UE4+Release-4.23
LogInit: Command Line: 
LogInit: Base Directory: C:/Program Files/UE_4.23/Engine/Binaries/Win64/
LogInit: Installed Engine Build: 1
LogDevObjectVersion: Number of dev versions registered: 23
LogDevObjectVersion:   Dev-Blueprints (B0D832E4-1F89-4F0D-ACCF-7EB736FD4AA2): 10
LogDevObjectVersion:   Dev-Build (E1C64328-A22C-4D53-A36C-8E866417BD8C): 0
LogDevObjectVersion:   Dev-Core (375EC13C-06E4-48FB-B500-84F0262A717E): 3
LogDevObjectVersion:   Dev-Editor (E4B068ED-F494-42E9-A231-DA0B2E46BB41): 34
LogDevObjectVersion:   Dev-Framework (CFFC743F-43B0-4480-9391-14DF171D2073): 35
LogDevObjectVersion:   Dev-Mobile (B02B49B5-BB20-44E9-A304-32B752E40360): 2
LogDevObjectVersion:   Dev-Networking (A4E4105C-59A1-49B5-A7C5-40C4547EDFEE): 0
LogDevObjectVersion:   Dev-Online (39C831C9-5AE6-47DC-9A44-9C173E1C8E7C): 0
LogDevObjectVersion:   Dev-Physics (78F01B33-EBEA-4F98-B9B4-84EACCB95AA2): 0
LogDevObjectVersion:   Dev-Platform (6631380F-2D4D-43E0-8009-CF276956A95A): 0
LogDevObjectVersion:   Dev-Rendering (12F88B9F-8875-4AFC-A67C-D90C383ABD29): 31
LogDevObjectVersion:   Dev-Sequencer (7B5AE74C-D270-4C10-A958-57980B212A5A): 11
LogDevObjectVersion:   Dev-VR (D7296918-1DD6-4BDD-9DE2-64A83CC13884): 2
LogDevObjectVersion:   Dev-LoadTimes (C2A15278-BFE7-4AFE-6C17-90FF531DF755): 1
LogDevObjectVersion:   Private-Geometry (6EACA3D4-40EC-4CC1-B786-8BED09428FC5): 3
LogDevObjectVersion:   Dev-AnimPhys (29E575DD-E0A3-4627-9D10-D276232CDCEA): 17
LogDevObjectVersion:   Dev-Anim (AF43A65D-7FD3-4947-9873-3E8ED9C1BB05): 2
LogDevObjectVersion:   Dev-ReflectionCapture (6B266CEC-1EC7-4B8F-A30B-E4D90942FC07): 1
LogDevObjectVersion:   Dev-Automation (0DF73D61-A23F-47EA-B727-89E90C41499A): 1
LogDevObjectVersion:   FortniteMain (601D1886-AC64-4F84-AA16-D3DE0DEAC7D6): 27
LogDevObjectVersion:   Dev-Enterprise (9DFFBCD6-494F-0158-E221-12823C92A888): 6
LogDevObjectVersion:   Dev-Niagara (F2AED0AC-9AFE-416F-8664-AA7FFA26D6FC): 1
LogDevObjectVersion:   Dev-Destruction (174F1F0B-B4C6-45A5-B13F-2EE8D0FB917D): 9
LogInit: Presizing for max 16777216 objects, including 0 objects not considered by GC, pre-allocating 0 bytes for permanent pool.
LogInit: Object subsystem initialized
LogConfig: Setting CVar [[con.DebugEarlyDefault:1]]
LogConfig: Setting CVar [[r.setres:1280x720]]
[2020.03.20-16.14.16:082][  0]LogConfig: Setting CVar [[r.VSync:0]]
[2020.03.20-16.14.16:082][  0]LogConfig: Setting CVar [[r.RHICmdBypass:0]]
[2020.03.20-16.14.16:082][  0]LogConfig: Applying CVar settings from Section [/Script/Engine.RendererSettings] File [D:/UE4/CONTAGIOSOS/Isolation/IsolationUE4/Saved/Config/Windows/Engine.ini]
[2020.03.20-16.14.16:082][  0]LogConfig: Setting CVar [[r.GPUCrashDebugging:0]]
[2020.03.20-16.14.16:082][  0]LogConfig: Applying CVar settings from Section [/Script/Engine.RendererOverrideSettings] File [D:/UE4/CONTAGIOSOS/Isolation/IsolationUE4/Saved/Config/Windows/Engine.ini]
[2020.03.20-16.14.16:082][  0]LogConfig: Applying CVar settings from Section [/Script/Engine.StreamingSettings] File [D:/UE4/CONTAGIOSOS/Isolation/IsolationUE4/Saved/Config/Windows/Engine.ini]
[2020.03.20-16.14.16:082][  0]LogConfig: Setting CVar [[s.MinBulkDataSizeForAsyncLoading:131072]]
[2020.03.20-16.14.16:082][  0]LogConfig: Setting CVar [[s.AsyncLoadingThreadEnabled:0]]
[2020.03.20-16.14.16:082][  0]LogConfig: Setting CVar [[s.EventDrivenLoaderEnabled:1]]
[2020.03.20-16.14.16:082][  0]LogConfig: Setting CVar [[s.WarnIfTimeLimitExceeded:0]]
[2020.03.20-16.14.16:082][  0]LogConfig: Setting CVar [[s.TimeLimitExceededMultiplier:1.5]]
[2020.03.20-16.14.16:082][  0]LogConfig: Setting CVar [[s.TimeLimitExceededMinTime:0.005]]
[2020.03.20-16.14.16:082][  0]LogConfig: Setting CVar [[s.UseBackgroundLevelStreaming:1]]
[2020.03.20-16.14.16:082][  0]LogConfig: Setting CVar [[s.PriorityAsyncLoadingExtraTime:15.0]]
[2020.03.20-16.14.16:082][  0]LogConfig: Setting CVar [[s.LevelStreamingActorsUpdateTimeLimit:5.0]]
[2020.03.20-16.14.16:082][  0]LogConfig: Setting CVar [[s.PriorityLevelStreamingActorsUpdateExtraTime:5.0]]
[2020.03.20-16.14.16:082][  0]LogConfig: Setting CVar [[s.LevelStreamingComponentsRegistrationGranularity:10]]
[2020.03.20-16.14.16:082][  0]LogConfig: Setting CVar [[s.UnregisterComponentsTimeLimit:1.0]]
[2020.03.20-16.14.16:082][  0]LogConfig: Setting CVar [[s.LevelStreamingComponentsUnregistrationGranularity:5]]
[2020.03.20-16.14.16:082][  0]LogConfig: Applying CVar settings from Section [/Script/Engine.GarbageCollectionSettings] File [D:/UE4/CONTAGIOSOS/Isolation/IsolationUE4/Saved/Config/Windows/Engine.ini]
[2020.03.20-16.14.16:082][  0]LogConfig: Setting CVar [[gc.MaxObjectsNotConsideredByGC:1]]
[2020.03.20-16.14.16:082][  0]LogConfig: Setting CVar [[gc.SizeOfPermanentObjectPool:0]]
[2020.03.20-16.14.16:082][  0]LogConfig: Setting CVar [[gc.FlushStreamingOnGC:0]]
[2020.03.20-16.14.16:082][  0]LogConfig: Setting CVar [[gc.NumRetriesBeforeForcingGC:10]]
[2020.03.20-16.14.16:082][  0]LogConfig: Setting CVar [[gc.AllowParallelGC:1]]
[2020.03.20-16.14.16:082][  0]LogConfig: Setting CVar [[gc.TimeBetweenPurgingPendingKillObjects:61.1]]
[2020.03.20-16.14.16:082][  0]LogConfig: Setting CVar [[gc.MaxObjectsInEditor:16777216]]
[2020.03.20-16.14.16:082][  0]LogConfig: Setting CVar [[gc.IncrementalBeginDestroyEnabled:1]]
[2020.03.20-16.14.16:082][  0]LogConfig: Setting CVar [[gc.CreateGCClusters:1]]
[2020.03.20-16.14.16:082][  0]LogConfig: Setting CVar [[gc.MinGCClusterSize:5]]
[2020.03.20-16.14.16:082][  0]LogConfig: Setting CVar [[gc.ActorClusteringEnabled:0]]
[2020.03.20-16.14.16:082][  0]LogConfig: Setting CVar [[gc.BlueprintClusteringEnabled:0]]
[2020.03.20-16.14.16:082][  0]LogConfig: Setting CVar [[gc.UseDisregardForGCOnDedicatedServers:0]]
[2020.03.20-16.14.16:082][  0]LogConfig: Applying CVar settings from Section [/Script/Engine.NetworkSettings] File [D:/UE4/CONTAGIOSOS/Isolation/IsolationUE4/Saved/Config/Windows/Engine.ini]
[2020.03.20-16.14.16:082][  0]LogConfig: Applying CVar settings from Section [/Script/UnrealEd.CookerSettings] File [D:/UE4/CONTAGIOSOS/Isolation/IsolationUE4/Saved/Config/Windows/Engine.ini]
[2020.03.20-16.14.16:087][  0]LogConfig: Applying CVar settings from Section [ViewDistanceQuality@3] File [D:/UE4/CONTAGIOSOS/Isolation/IsolationUE4/Saved/Config/Windows/Scalability.ini]
[2020.03.20-16.14.16:087][  0]LogConfig: Setting CVar [[r.SkeletalMeshLODBias:0]]
[2020.03.20-16.14.16:087][  0]LogConfig: Setting CVar [[r.ViewDistanceScale:1.0]]
[2020.03.20-16.14.16:087][  0]LogConfig: Applying CVar settings from Section [AntiAliasingQuality@3] File [D:/UE4/CONTAGIOSOS/Isolation/IsolationUE4/Saved/Config/Windows/Scalability.ini]
[2020.03.20-16.14.16:087][  0]LogConfig: Setting CVar [[r.PostProcessAAQuality:4]]
[2020.03.20-16.14.16:087][  0]LogConfig: Applying CVar settings from Section [ShadowQuality@3] File [D:/UE4/CONTAGIOSOS/Isolation/IsolationUE4/Saved/Config/Windows/Scalability.ini]
[2020.03.20-16.14.16:087][  0]LogConfig: Setting CVar [[r.LightFunctionQuality:1]]
[2020.03.20-16.14.16:087][  0]LogConfig: Setting CVar [[r.ShadowQuality:5]]
[2020.03.20-16.14.16:087][  0]LogConfig: Setting CVar [[r.Shadow.CSM.MaxCascades:10]]
[2020.03.20-16.14.16:087][  0]LogConfig: Setting CVar [[r.Shadow.MaxResolution:2048]]
[2020.03.20-16.14.16:087][  0]LogConfig: Setting CVar [[r.Shadow.MaxCSMResolution:2048]]
[2020.03.20-16.14.16:087][  0]LogConfig: Setting CVar [[r.Shadow.RadiusThreshold:0.01]]
[2020.03.20-16.14.16:087][  0]LogConfig: Setting CVar [[r.Shadow.DistanceScale:1.0]]
[2020.03.20-16.14.16:087][  0]LogConfig: Setting CVar [[r.Shadow.CSM.TransitionScale:1.0]]
[2020.03.20-16.14.16:087][  0]LogConfig: Setting CVar [[r.Shadow.PreShadowResolutionFactor:1.0]]
[2020.03.20-16.14.16:087][  0]LogConfig: Setting CVar [[r.DistanceFieldShadowing:1]]
[2020.03.20-16.14.16:087][  0]LogConfig: Setting CVar [[r.DistanceFieldAO:1]]
[2020.03.20-16.14.16:087][  0]LogConfig: Setting CVar [[r.AOQuality:2]]
[2020.03.20-16.14.16:087][  0]LogConfig: Setting CVar [[r.VolumetricFog:1]]
[2020.03.20-16.14.16:087][  0]LogConfig: Setting CVar [[r.VolumetricFog.GridPixelSize:8]]
[2020.03.20-16.14.16:087][  0]LogConfig: Setting CVar [[r.VolumetricFog.GridSizeZ:128]]
[2020.03.20-16.14.16:087][  0]LogConfig: Setting CVar [[r.VolumetricFog.HistoryMissSupersampleCount:4]]
[2020.03.20-16.14.16:087][  0]LogConfig: Setting CVar [[r.LightMaxDrawDistanceScale:1]]
[2020.03.20-16.14.16:087][  0]LogConfig: Setting CVar [[r.CapsuleShadows:1]]
[2020.03.20-16.14.16:087][  0]LogConfig: Applying CVar settings from Section [PostProcessQuality@3] File [D:/UE4/CONTAGIOSOS/Isolation/IsolationUE4/Saved/Config/Windows/Scalability.ini]
[2020.03.20-16.14.16:087][  0]LogConfig: Setting CVar [[r.MotionBlurQuality:4]]
[2020.03.20-16.14.16:087][  0]LogConfig: Setting CVar [[r.AmbientOcclusionMipLevelFactor:0.4]]
[2020.03.20-16.14.16:087][  0]LogConfig: Setting CVar [[r.AmbientOcclusionMaxQuality:100]]
[2020.03.20-16.14.16:087][  0]LogConfig: Setting CVar [[r.AmbientOcclusionLevels:-1]]
[2020.03.20-16.14.16:087][  0]LogConfig: Setting CVar [[r.AmbientOcclusionRadiusScale:1.0]]
[2020.03.20-16.14.16:087][  0]LogConfig: Setting CVar [[r.DepthOfFieldQuality:2]]
[2020.03.20-16.14.16:087][  0]LogConfig: Setting CVar [[r.RenderTargetPoolMin:400]]
[2020.03.20-16.14.16:087][  0]LogConfig: Setting CVar [[r.LensFlareQuality:2]]
[2020.03.20-16.14.16:087][  0]LogConfig: Setting CVar [[r.SceneColorFringeQuality:1]]
[2020.03.20-16.14.16:087][  0]LogConfig: Setting CVar [[r.EyeAdaptationQuality:2]]
[2020.03.20-16.14.16:087][  0]LogConfig: Setting CVar [[r.BloomQuality:5]]
[2020.03.20-16.14.16:087][  0]LogConfig: Setting CVar [[r.FastBlurThreshold:100]]
[2020.03.20-16.14.16:087][  0]LogConfig: Setting CVar [[r.Upscale.Quality:3]]
[2020.03.20-16.14.16:087][  0]LogConfig: Setting CVar [[r.Tonemapper.GrainQuantization:1]]
[2020.03.20-16.14.16:087][  0]LogConfig: Setting CVar [[r.LightShaftQuality:1]]
[2020.03.20-16.14.16:087][  0]LogConfig: Setting CVar [[r.Filter.SizeScale:1]]
[2020.03.20-16.14.16:087][  0]LogConfig: Setting CVar [[r.Tonemapper.Quality:5]]
[2020.03.20-16.14.16:087][  0]LogConfig: Setting CVar [[r.DOF.Gather.AccumulatorQuality:1        ; higher gathering accumulator quality]]
[2020.03.20-16.14.16:087][  0]LogConfig: Setting CVar [[r.DOF.Gather.PostfilterMethod:1          ; Median3x3 postfilering method]]
[2020.03.20-16.14.16:087][  0]LogConfig: Setting CVar [[r.DOF.Gather.EnableBokehSettings:0       ; no bokeh simulation when gathering]]
[2020.03.20-16.14.16:087][  0]LogConfig: Setting CVar [[r.DOF.Gather.RingCount:4                 ; medium number of samples when gathering]]
[2020.03.20-16.14.16:087][  0]LogConfig: Setting CVar [[r.DOF.Scatter.ForegroundCompositing:1    ; additive foreground scattering]]
[2020.03.20-16.14.16:087][  0]LogConfig: Setting CVar [[r.DOF.Scatter.BackgroundCompositing:2    ; additive background scattering]]
[2020.03.20-16.14.16:087][  0]LogConfig: Setting CVar [[r.DOF.Scatter.EnableBokehSettings:1      ; bokeh simulation when scattering]]
[2020.03.20-16.14.16:087][  0]LogConfig: Setting CVar [[r.DOF.Scatter.MaxSpriteRatio:0.1         ; only a maximum of 10% of scattered bokeh]]
[2020.03.20-16.14.16:087][  0]LogConfig: Setting CVar [[r.DOF.Recombine.Quality:1                ; cheap slight out of focus]]
[2020.03.20-16.14.16:087][  0]LogConfig: Setting CVar [[r.DOF.Recombine.EnableBokehSettings:0    ; no bokeh simulation on slight out of focus]]
[2020.03.20-16.14.16:087][  0]LogConfig: Setting CVar [[r.DOF.TemporalAAQuality:1                ; more stable temporal accumulation]]
[2020.03.20-16.14.16:087][  0]LogConfig: Setting CVar [[r.DOF.Kernel.MaxForegroundRadius:0.025]]
[2020.03.20-16.14.16:087][  0]LogConfig: Setting CVar [[r.DOF.Kernel.MaxBackgroundRadius:0.025]]
[2020.03.20-16.14.16:087][  0]LogConfig: Applying CVar settings from Section [TextureQuality@3] File [D:/UE4/CONTAGIOSOS/Isolation/IsolationUE4/Saved/Config/Windows/Scalability.ini]
[2020.03.20-16.14.16:087][  0]LogConfig: Setting CVar [[r.Streaming.MipBias:0]]
[2020.03.20-16.14.16:087][  0]LogConfig: Setting CVar [[r.Streaming.AmortizeCPUToGPUCopy:0]]
[2020.03.20-16.14.16:087][  0]LogConfig: Setting CVar [[r.Streaming.MaxNumTexturesToStreamPerFrame:0]]
[2020.03.20-16.14.16:087][  0]LogConfig: Setting CVar [[r.Streaming.Boost:1]]
[2020.03.20-16.14.16:087][  0]LogConfig: Setting CVar [[r.MaxAnisotropy:8]]
[2020.03.20-16.14.16:087][  0]LogConfig: Setting CVar [[r.Streaming.LimitPoolSizeToVRAM:0]]
[2020.03.20-16.14.16:087][  0]LogConfig: Setting CVar [[r.Streaming.PoolSize:1000]]
[2020.03.20-16.14.16:087][  0]LogConfig: Setting CVar [[r.Streaming.MaxEffectiveScreenSize:0]]
[2020.03.20-16.14.16:087][  0]LogConfig: Applying CVar settings from Section [EffectsQuality@3] File [D:/UE4/CONTAGIOSOS/Isolation/IsolationUE4/Saved/Config/Windows/Scalability.ini]
[2020.03.20-16.14.16:087][  0]LogConfig: Setting CVar [[r.TranslucencyLightingVolumeDim:64]]
[2020.03.20-16.14.16:087][  0]LogConfig: Setting CVar [[r.RefractionQuality:2]]
[2020.03.20-16.14.16:087][  0]LogConfig: Setting CVar [[r.SSR.Quality:3]]
[2020.03.20-16.14.16:088][  0]LogConfig: Setting CVar [[r.SceneColorFormat:4]]
[2020.03.20-16.14.16:088][  0]LogConfig: Setting CVar [[r.DetailMode:2]]
[2020.03.20-16.14.16:088][  0]LogConfig: Setting CVar [[r.TranslucencyVolumeBlur:1]]
[2020.03.20-16.14.16:088][  0]LogConfig: Setting CVar [[r.MaterialQualityLevel:1 ; High quality]]
[2020.03.20-16.14.16:088][  0]LogConfig: Setting CVar [[r.SSS.Scale:1]]
[2020.03.20-16.14.16:088][  0]LogConfig: Setting CVar [[r.SSS.SampleSet:2]]
[2020.03.20-16.14.16:088][  0]LogConfig: Setting CVar [[r.SSS.Quality:1]]
[2020.03.20-16.14.16:088][  0]LogConfig: Setting CVar [[r.SSS.HalfRes:1]]
[2020.03.20-16.14.16:088][  0]LogConfig: Setting CVar [[r.EmitterSpawnRateScale:1.0]]
[2020.03.20-16.14.16:088][  0]LogConfig: Setting CVar [[r.ParticleLightQuality:2]]
[2020.03.20-16.14.16:088][  0]LogConfig: Applying CVar settings from Section [FoliageQuality@3] File [D:/UE4/CONTAGIOSOS/Isolation/IsolationUE4/Saved/Config/Windows/Scalability.ini]
[2020.03.20-16.14.16:088][  0]LogConfig: Setting CVar [[foliage.DensityScale:1.0]]
[2020.03.20-16.14.16:088][  0]LogConfig: Setting CVar [[grass.DensityScale:1.0]]
[2020.03.20-16.14.16:088][  0]LogInit: Selected Device Profile: [Windows]
[2020.03.20-16.14.16:088][  0]LogInit: Applying CVar settings loaded from the selected device profile: [Windows]
[2020.03.20-16.14.16:090][  0]LogHAL: Display: Platform has ~ 16 GB [17106812928 / 17179869184 / 16], which maps to Larger [LargestMinGB=32, LargerMinGB=12, DefaultMinGB=8, SmallerMinGB=6, SmallestMinGB=0)
[2020.03.20-16.14.16:090][  0]LogInit: Going up to parent DeviceProfile []
[2020.03.20-16.14.16:090][  0]LogConfig: Applying CVar settings from Section [ViewDistanceQuality@3] File [D:/UE4/CONTAGIOSOS/Isolation/IsolationUE4/Saved/Config/Windows/Scalability.ini]
[2020.03.20-16.14.16:090][  0]LogConfig: Setting CVar [[r.SkeletalMeshLODBias:0]]
[2020.03.20-16.14.16:090][  0]LogConfig: Setting CVar [[r.ViewDistanceScale:1.0]]
[2020.03.20-16.14.16:090][  0]LogConfig: Applying CVar settings from Section [AntiAliasingQuality@3] File [D:/UE4/CONTAGIOSOS/Isolation/IsolationUE4/Saved/Config/Windows/Scalability.ini]
[2020.03.20-16.14.16:090][  0]LogConfig: Setting CVar [[r.PostProcessAAQuality:4]]
[2020.03.20-16.14.16:090][  0]LogConfig: Applying CVar settings from Section [ShadowQuality@3] File [D:/UE4/CONTAGIOSOS/Isolation/IsolationUE4/Saved/Config/Windows/Scalability.ini]
[2020.03.20-16.14.16:090][  0]LogConfig: Setting CVar [[r.LightFunctionQuality:1]]
[2020.03.20-16.14.16:090][  0]LogConfig: Setting CVar [[r.ShadowQuality:5]]
[2020.03.20-16.14.16:090][  0]LogConfig: Setting CVar [[r.Shadow.CSM.MaxCascades:10]]
[2020.03.20-16.14.16:090][  0]LogConfig: Setting CVar [[r.Shadow.MaxResolution:2048]]
[2020.03.20-16.14.16:090][  0]LogConfig: Setting CVar [[r.Shadow.MaxCSMResolution:2048]]
[2020.03.20-16.14.16:090][  0]LogConfig: Setting CVar [[r.Shadow.RadiusThreshold:0.01]]
[2020.03.20-16.14.16:090][  0]LogConfig: Setting CVar [[r.Shadow.DistanceScale:1.0]]
[2020.03.20-16.14.16:090][  0]LogConfig: Setting CVar [[r.Shadow.CSM.TransitionScale:1.0]]
[2020.03.20-16.14.16:090][  0]LogConfig: Setting CVar [[r.Shadow.PreShadowResolutionFactor:1.0]]
[2020.03.20-16.14.16:090][  0]LogConfig: Setting CVar [[r.DistanceFieldShadowing:1]]
[2020.03.20-16.14.16:090][  0]LogConfig: Setting CVar [[r.DistanceFieldAO:1]]
[2020.03.20-16.14.16:090][  0]LogConfig: Setting CVar [[r.AOQuality:2]]
[2020.03.20-16.14.16:090][  0]LogConfig: Setting CVar [[r.VolumetricFog:1]]
[2020.03.20-16.14.16:090][  0]LogConfig: Setting CVar [[r.VolumetricFog.GridPixelSize:8]]
[2020.03.20-16.14.16:090][  0]LogConfig: Setting CVar [[r.VolumetricFog.GridSizeZ:128]]
[2020.03.20-16.14.16:090][  0]LogConfig: Setting CVar [[r.VolumetricFog.HistoryMissSupersampleCount:4]]
[2020.03.20-16.14.16:090][  0]LogConfig: Setting CVar [[r.LightMaxDrawDistanceScale:1]]
[2020.03.20-16.14.16:090][  0]LogConfig: Setting CVar [[r.CapsuleShadows:1]]
[2020.03.20-16.14.16:090][  0]LogConfig: Applying CVar settings from Section [PostProcessQuality@3] File [D:/UE4/CONTAGIOSOS/Isolation/IsolationUE4/Saved/Config/Windows/Scalability.ini]
[2020.03.20-16.14.16:090][  0]LogConfig: Setting CVar [[r.MotionBlurQuality:4]]
[2020.03.20-16.14.16:090][  0]LogConfig: Setting CVar [[r.AmbientOcclusionMipLevelFactor:0.4]]
[2020.03.20-16.14.16:090][  0]LogConfig: Setting CVar [[r.AmbientOcclusionMaxQuality:100]]
[2020.03.20-16.14.16:090][  0]LogConfig: Setting CVar [[r.AmbientOcclusionLevels:-1]]
[2020.03.20-16.14.16:090][  0]LogConfig: Setting CVar [[r.AmbientOcclusionRadiusScale:1.0]]
[2020.03.20-16.14.16:090][  0]LogConfig: Setting CVar [[r.DepthOfFieldQuality:2]]
[2020.03.20-16.14.16:090][  0]LogConfig: Setting CVar [[r.RenderTargetPoolMin:400]]
[2020.03.20-16.14.16:090][  0]LogConfig: Setting CVar [[r.LensFlareQuality:2]]
[2020.03.20-16.14.16:090][  0]LogConfig: Setting CVar [[r.SceneColorFringeQuality:1]]
[2020.03.20-16.14.16:090][  0]LogConfig: Setting CVar [[r.EyeAdaptationQuality:2]]
[2020.03.20-16.14.16:090][  0]LogConfig: Setting CVar [[r.BloomQuality:5]]
[2020.03.20-16.14.16:090][  0]LogConfig: Setting CVar [[r.FastBlurThreshold:100]]
[2020.03.20-16.14.16:090][  0]LogConfig: Setting CVar [[r.Upscale.Quality:3]]
[2020.03.20-16.14.16:090][  0]LogConfig: Setting CVar [[r.Tonemapper.GrainQuantization:1]]
[2020.03.20-16.14.16:090][  0]LogConfig: Setting CVar [[r.LightShaftQuality:1]]
[2020.03.20-16.14.16:090][  0]LogConfig: Setting CVar [[r.Filter.SizeScale:1]]
[2020.03.20-16.14.16:090][  0]LogConfig: Setting CVar [[r.Tonemapper.Quality:5]]
[2020.03.20-16.14.16:090][  0]LogConfig: Setting CVar [[r.DOF.Gather.AccumulatorQuality:1        ; higher gathering accumulator quality]]
[2020.03.20-16.14.16:090][  0]LogConfig: Setting CVar [[r.DOF.Gather.PostfilterMethod:1          ; Median3x3 postfilering method]]
[2020.03.20-16.14.16:090][  0]LogConfig: Setting CVar [[r.DOF.Gather.EnableBokehSettings:0       ; no bokeh simulation when gathering]]
[2020.03.20-16.14.16:090][  0]LogConfig: Setting CVar [[r.DOF.Gather.RingCount:4                 ; medium number of samples when gathering]]
[2020.03.20-16.14.16:091][  0]LogConfig: Setting CVar [[r.DOF.Scatter.ForegroundCompositing:1    ; additive foreground scattering]]
[2020.03.20-16.14.16:091][  0]LogConfig: Setting CVar [[r.DOF.Scatter.BackgroundCompositing:2    ; additive background scattering]]
[2020.03.20-16.14.16:091][  0]LogConfig: Setting CVar [[r.DOF.Scatter.EnableBokehSettings:1      ; bokeh simulation when scattering]]
[2020.03.20-16.14.16:091][  0]LogConfig: Setting CVar [[r.DOF.Scatter.MaxSpriteRatio:0.1         ; only a maximum of 10% of scattered bokeh]]
[2020.03.20-16.14.16:091][  0]LogConfig: Setting CVar [[r.DOF.Recombine.Quality:1                ; cheap slight out of focus]]
[2020.03.20-16.14.16:091][  0]LogConfig: Setting CVar [[r.DOF.Recombine.EnableBokehSettings:0    ; no bokeh simulation on slight out of focus]]
[2020.03.20-16.14.16:091][  0]LogConfig: Setting CVar [[r.DOF.TemporalAAQuality:1                ; more stable temporal accumulation]]
[2020.03.20-16.14.16:091][  0]LogConfig: Setting CVar [[r.DOF.Kernel.MaxForegroundRadius:0.025]]
[2020.03.20-16.14.16:091][  0]LogConfig: Setting CVar [[r.DOF.Kernel.MaxBackgroundRadius:0.025]]
[2020.03.20-16.14.16:091][  0]LogConfig: Applying CVar settings from Section [TextureQuality@3] File [D:/UE4/CONTAGIOSOS/Isolation/IsolationUE4/Saved/Config/Windows/Scalability.ini]
[2020.03.20-16.14.16:091][  0]LogConfig: Setting CVar [[r.Streaming.MipBias:0]]
[2020.03.20-16.14.16:091][  0]LogConfig: Setting CVar [[r.Streaming.AmortizeCPUToGPUCopy:0]]
[2020.03.20-16.14.16:091][  0]LogConfig: Setting CVar [[r.Streaming.MaxNumTexturesToStreamPerFrame:0]]
[2020.03.20-16.14.16:091][  0]LogConfig: Setting CVar [[r.Streaming.Boost:1]]
[2020.03.20-16.14.16:091][  0]LogConfig: Setting CVar [[r.MaxAnisotropy:8]]
[2020.03.20-16.14.16:091][  0]LogConfig: Setting CVar [[r.Streaming.LimitPoolSizeToVRAM:0]]
[2020.03.20-16.14.16:091][  0]LogConfig: Setting CVar [[r.Streaming.PoolSize:1000]]
[2020.03.20-16.14.16:091][  0]LogConfig: Setting CVar [[r.Streaming.MaxEffectiveScreenSize:0]]
[2020.03.20-16.14.16:091][  0]LogConfig: Applying CVar settings from Section [EffectsQuality@3] File [D:/UE4/CONTAGIOSOS/Isolation/IsolationUE4/Saved/Config/Windows/Scalability.ini]
[2020.03.20-16.14.16:091][  0]LogConfig: Setting CVar [[r.TranslucencyLightingVolumeDim:64]]
[2020.03.20-16.14.16:091][  0]LogConfig: Setting CVar [[r.RefractionQuality:2]]
[2020.03.20-16.14.16:091][  0]LogConfig: Setting CVar [[r.SSR.Quality:3]]
[2020.03.20-16.14.16:091][  0]LogConfig: Setting CVar [[r.SceneColorFormat:4]]
[2020.03.20-16.14.16:091][  0]LogConfig: Setting CVar [[r.DetailMode:2]]
[2020.03.20-16.14.16:091][  0]LogConfig: Setting CVar [[r.TranslucencyVolumeBlur:1]]
[2020.03.20-16.14.16:091][  0]LogConfig: Setting CVar [[r.MaterialQualityLevel:1 ; High quality]]
[2020.03.20-16.14.16:091][  0]LogConfig: Setting CVar [[r.SSS.Scale:1]]
[2020.03.20-16.14.16:091][  0]LogConfig: Setting CVar [[r.SSS.SampleSet:2]]
[2020.03.20-16.14.16:091][  0]LogConfig: Setting CVar [[r.SSS.Quality:1]]
[2020.03.20-16.14.16:091][  0]LogConfig: Setting CVar [[r.SSS.HalfRes:1]]
[2020.03.20-16.14.16:091][  0]LogConfig: Setting CVar [[r.EmitterSpawnRateScale:1.0]]
[2020.03.20-16.14.16:091][  0]LogConfig: Setting CVar [[r.ParticleLightQuality:2]]
[2020.03.20-16.14.16:091][  0]LogConfig: Applying CVar settings from Section [FoliageQuality@3] File [D:/UE4/CONTAGIOSOS/Isolation/IsolationUE4/Saved/Config/Windows/Scalability.ini]
[2020.03.20-16.14.16:091][  0]LogConfig: Setting CVar [[foliage.DensityScale:1.0]]
[2020.03.20-16.14.16:091][  0]LogConfig: Setting CVar [[grass.DensityScale:1.0]]
[2020.03.20-16.14.16:091][  0]LogConfig: Applying CVar settings from Section [Startup] File [../../../Engine/Config/ConsoleVariables.ini]
[2020.03.20-16.14.16:091][  0]LogConfig: Setting CVar [[net.UseAdaptiveNetUpdateFrequency:0]]
[2020.03.20-16.14.16:092][  0]LogConfig: Setting CVar [[p.chaos.AllowCreatePhysxBodies:1]]
[2020.03.20-16.14.16:092][  0]LogConfig: Applying CVar settings from Section [ConsoleVariables] File [D:/UE4/CONTAGIOSOS/Isolation/IsolationUE4/Saved/Config/Windows/Engine.ini]
[2020.03.20-16.14.16:092][  0]LogInit: Computer: DESKTOP-05VDUJJ
[2020.03.20-16.14.16:092][  0]LogInit: User: Usuario
[2020.03.20-16.14.16:092][  0]LogInit: CPU Page size=4096, Cores=6
[2020.03.20-16.14.16:092][  0]LogInit: High frequency timer resolution =10.000000 MHz
[2020.03.20-16.14.16:092][  0]LogMemory: Memory total: Physical=15.9GB (16GB approx)
[2020.03.20-16.14.16:092][  0]LogMemory: Platform Memory Stats for Windows
[2020.03.20-16.14.16:092][  0]LogMemory: Process Physical Memory: 105.63 MB used, 105.63 MB peak
[2020.03.20-16.14.16:092][  0]LogMemory: Process Virtual Memory: 99.43 MB used, 99.43 MB peak
[2020.03.20-16.14.16:092][  0]LogMemory: Physical Memory: 5251.38 MB used,  11062.95 MB free, 16314.33 MB total
[2020.03.20-16.14.16:092][  0]LogMemory: Virtual Memory: 4709.47 MB used,  134213016.00 MB free, 134217728.00 MB total
[2020.03.20-16.14.16:094][  0]LogWindows: WindowsPlatformFeatures enabled
[2020.03.20-16.14.16:117][  0]LogInit: Overriding language with editor language configuration option (en).
[2020.03.20-16.14.16:117][  0]LogInit: Overriding locale with editor culture configuration option ().
[2020.03.20-16.14.16:117][  0]LogInit: Using OS detected locale (es-ES).
[2020.03.20-16.14.16:279][  0]LogInit: Setting process to per monitor DPI aware
[2020.03.20-16.14.16:308][  0]LogSlate: New Slate User Created.  User Index 0, Is Virtual User: 0
[2020.03.20-16.14.16:308][  0]LogSlate: Slate User Registered.  User Index 0, Is Virtual User: 0
[2020.03.20-16.14.16:445][  0]LogD3D11RHI: D3D11 adapters:
[2020.03.20-16.14.16:503][  0]LogD3D11RHI:    0. 'NVIDIA GeForce GTX 1070' (Feature Level 11_0)
[2020.03.20-16.14.16:504][  0]LogD3D11RHI:       8088/0/8157 MB DedicatedVideo/DedicatedSystem/SharedSystem, Outputs:2, VendorId:0x10de
[2020.03.20-16.14.16:505][  0]LogD3D11RHI:    1. 'Microsoft Basic Render Driver' (Feature Level 11_0)
[2020.03.20-16.14.16:505][  0]LogD3D11RHI:       0/0/8157 MB DedicatedVideo/DedicatedSystem/SharedSystem, Outputs:0, VendorId:0x1414
[2020.03.20-16.14.16:505][  0]LogD3D11RHI: Chosen D3D11 Adapter: 0
[2020.03.20-16.14.16:511][  0]LogD3D11RHI: Creating new Direct3DDevice
[2020.03.20-16.14.16:511][  0]LogD3D11RHI:     GPU DeviceId: 0x1b81 (for the marketing name, search the web for "GPU Device Id")
[2020.03.20-16.14.16:511][  0]LogWindows: EnumDisplayDevices:
[2020.03.20-16.14.16:511][  0]LogWindows:    0. 'NVIDIA GeForce GTX 1070' (P:1 D:1)
[2020.03.20-16.14.16:512][  0]LogWindows:    1. 'NVIDIA GeForce GTX 1070' (P:0 D:1)
[2020.03.20-16.14.16:512][  0]LogWindows:    2. 'NVIDIA GeForce GTX 1070' (P:0 D:0)
[2020.03.20-16.14.16:512][  0]LogWindows:    3. 'NVIDIA GeForce GTX 1070' (P:0 D:0)
[2020.03.20-16.14.16:512][  0]LogWindows: DebugString: FoundDriverCount:4 
[2020.03.20-16.14.16:512][  0]LogD3D11RHI:     Adapter Name: NVIDIA GeForce GTX 1070
[2020.03.20-16.14.16:512][  0]LogD3D11RHI:   Driver Version: 442.59 (internal:26.21.14.4259, unified:442.59)
[2020.03.20-16.14.16:512][  0]LogD3D11RHI:      Driver Date: 3-4-2020
[2020.03.20-16.14.16:512][  0]LogRHI: Texture pool is 5661 MB (70% of 8088 MB)
[2020.03.20-16.14.16:548][  0]LogD3D11RHI: Async texture creation enabled
[2020.03.20-16.14.16:559][  0]LogD3D11RHI: GPU Timing Frequency: 1000.000000 (Debug: 2 1)
[2020.03.20-16.14.16:815][  0]LogTemp: Display: Module 'AllDesktopTargetPlatform' loaded TargetPlatform 'AllDesktop'
[2020.03.20-16.14.16:824][  0]LogTemp: Display: Module 'MacClientTargetPlatform' loaded TargetPlatform 'MacClient'
[2020.03.20-16.14.16:832][  0]LogTemp: Display: Module 'MacNoEditorTargetPlatform' loaded TargetPlatform 'MacNoEditor'
[2020.03.20-16.14.16:840][  0]LogTemp: Display: Module 'MacServerTargetPlatform' loaded TargetPlatform 'MacServer'
[2020.03.20-16.14.16:848][  0]LogTemp: Display: Module 'MacTargetPlatform' loaded TargetPlatform 'Mac'
[2020.03.20-16.14.16:856][  0]LogTemp: Display: Module 'WindowsClientTargetPlatform' loaded TargetPlatform 'WindowsClient'
[2020.03.20-16.14.16:863][  0]LogTemp: Display: Module 'WindowsNoEditorTargetPlatform' loaded TargetPlatform 'WindowsNoEditor'
[2020.03.20-16.14.16:872][  0]LogTemp: Display: Module 'WindowsServerTargetPlatform' loaded TargetPlatform 'WindowsServer'
[2020.03.20-16.14.16:876][  0]LogTemp: Display: Module 'WindowsTargetPlatform' loaded TargetPlatform 'Windows'
[2020.03.20-16.14.16:905][  0]LogTemp: Display: Module 'AndroidTargetPlatform' loaded TargetPlatform 'Android'
[2020.03.20-16.14.16:905][  0]LogTemp: Display: Module 'AndroidTargetPlatform' loaded TargetPlatform 'Android_ASTC'
[2020.03.20-16.14.16:905][  0]LogTemp: Display: Module 'AndroidTargetPlatform' loaded TargetPlatform 'Android_ATC'
[2020.03.20-16.14.16:905][  0]LogTemp: Display: Module 'AndroidTargetPlatform' loaded TargetPlatform 'Android_DXT'
[2020.03.20-16.14.16:905][  0]LogTemp: Display: Module 'AndroidTargetPlatform' loaded TargetPlatform 'Android_ETC1'
[2020.03.20-16.14.16:905][  0]LogTemp: Display: Module 'AndroidTargetPlatform' loaded TargetPlatform 'Android_ETC1a'
[2020.03.20-16.14.16:905][  0]LogTemp: Display: Module 'AndroidTargetPlatform' loaded TargetPlatform 'Android_ETC2'
[2020.03.20-16.14.16:905][  0]LogTemp: Display: Module 'AndroidTargetPlatform' loaded TargetPlatform 'Android_PVRTC'
[2020.03.20-16.14.16:905][  0]LogTemp: Display: Module 'AndroidTargetPlatform' loaded TargetPlatform 'AndroidClient'
[2020.03.20-16.14.16:905][  0]LogTemp: Display: Module 'AndroidTargetPlatform' loaded TargetPlatform 'Android_ASTCClient'
[2020.03.20-16.14.16:905][  0]LogTemp: Display: Module 'AndroidTargetPlatform' loaded TargetPlatform 'Android_ATCClient'
[2020.03.20-16.14.16:905][  0]LogTemp: Display: Module 'AndroidTargetPlatform' loaded TargetPlatform 'Android_DXTClient'
[2020.03.20-16.14.16:905][  0]LogTemp: Display: Module 'AndroidTargetPlatform' loaded TargetPlatform 'Android_ETC1Client'
[2020.03.20-16.14.16:905][  0]LogTemp: Display: Module 'AndroidTargetPlatform' loaded TargetPlatform 'Android_ETC1aClient'
[2020.03.20-16.14.16:905][  0]LogTemp: Display: Module 'AndroidTargetPlatform' loaded TargetPlatform 'Android_ETC2Client'
[2020.03.20-16.14.16:905][  0]LogTemp: Display: Module 'AndroidTargetPlatform' loaded TargetPlatform 'Android_PVRTCClient'
[2020.03.20-16.14.16:905][  0]LogTemp: Display: Module 'AndroidTargetPlatform' loaded TargetPlatform 'Android_Multi'
[2020.03.20-16.14.16:905][  0]LogTemp: Display: Module 'AndroidTargetPlatform' loaded TargetPlatform 'Android_MultiClient'
[2020.03.20-16.14.16:907][  0]LogTemp: Display: Module 'HTML5TargetPlatform' loaded TargetPlatform 'HTML5'
[2020.03.20-16.14.16:923][  0]LogTemp: Display: Module 'IOSTargetPlatform' loaded TargetPlatform 'IOSClient'
[2020.03.20-16.14.16:923][  0]LogTemp: Display: Module 'IOSTargetPlatform' loaded TargetPlatform 'IOS'
[2020.03.20-16.14.16:935][  0]LogTemp: Display: Module 'TVOSTargetPlatform' loaded TargetPlatform 'TVOSClient'
[2020.03.20-16.14.16:936][  0]LogTemp: Display: Module 'TVOSTargetPlatform' loaded TargetPlatform 'TVOS'
[2020.03.20-16.14.16:942][  0]LogTemp: Display: Module 'LinuxClientTargetPlatform' loaded TargetPlatform 'LinuxClient'
[2020.03.20-16.14.16:948][  0]LogTemp: Display: Module 'LinuxNoEditorTargetPlatform' loaded TargetPlatform 'LinuxNoEditor'
[2020.03.20-16.14.16:955][  0]LogTemp: Display: Module 'LinuxServerTargetPlatform' loaded TargetPlatform 'LinuxServer'
[2020.03.20-16.14.16:961][  0]LogTemp: Display: Module 'LinuxTargetPlatform' loaded TargetPlatform 'Linux'
[2020.03.20-16.14.16:982][  0]LogTemp: Display: Module 'LuminTargetPlatform' loaded TargetPlatform 'Lumin'
[2020.03.20-16.14.16:982][  0]LogTemp: Display: Module 'LuminTargetPlatform' loaded TargetPlatform 'LuminClient'
[2020.03.20-16.14.16:982][  0]LogTargetPlatformManager: Display: Building Assets For Windows
[2020.03.20-16.14.16:990][  0]LogAudioDebug: Display: Lib vorbis DLL was dynamically loaded.
[2020.03.20-16.14.17:041][  0]LogShaderCompilers: Guid format shader working directory is 6 characters bigger than the processId version (D:/UE4/CONTAGIOSOS/Isolation/IsolationUE4/Intermediate/Shaders/WorkingDirectory/21164/).
[2020.03.20-16.14.17:041][  0]LogShaderCompilers: Cleaned the shader compiler working directory 'C:/Users/Usuario/AppData/Local/Temp/UnrealShaderWorkingDir/916533664AF46A8715E43B83CC371A57/'.
[2020.03.20-16.14.17:043][  0]LogXGEController: Cleaning working directory: C:/Users/Usuario/AppData/Local/Temp/UnrealXGEWorkingDir/
[2020.03.20-16.14.17:043][  0]LogXGEController: Cannot use XGE Controller as Incredibuild is not installed on this machine.
[2020.03.20-16.14.17:043][  0]LogShaderCompilers: Cannot use XGE Shader Compiler as Incredibuild is not installed on this machine.
[2020.03.20-16.14.17:043][  0]LogShaderCompilers: Display: Using Local Shader Compiler.
[2020.03.20-16.14.17:604][  0]LogDerivedDataCache: Display: Max Cache Size: 512 MB
[2020.03.20-16.14.17:669][  0]LogDerivedDataCache: Loaded boot cache 0.06s 108MB C:/Users/Usuario/AppData/Local/UnrealEngine/4.23/DerivedDataCache/Boot.ddc.
[2020.03.20-16.14.17:669][  0]LogDerivedDataCache: Display: Loaded Boot cache: C:/Users/Usuario/AppData/Local/UnrealEngine/4.23/DerivedDataCache/Boot.ddc
[2020.03.20-16.14.17:669][  0]LogDerivedDataCache: FDerivedDataBackendGraph:  Pak pak cache file D:/UE4/CONTAGIOSOS/Isolation/IsolationUE4/DerivedDataCache/DDC.ddp not found, will not use a pak cache.
[2020.03.20-16.14.17:669][  0]LogDerivedDataCache: Unable to find inner node Pak for hierarchical cache Hierarchy.
[2020.03.20-16.14.17:669][  0]LogDerivedDataCache: FDerivedDataBackendGraph:  CompressedPak pak cache file D:/UE4/CONTAGIOSOS/Isolation/IsolationUE4/DerivedDataCache/Compressed.ddp not found, will not use a pak cache.
[2020.03.20-16.14.17:669][  0]LogDerivedDataCache: Unable to find inner node CompressedPak for hierarchical cache Hierarchy.
[2020.03.20-16.14.17:679][  0]LogDerivedDataCache: Display: Pak cache opened for reading ../../../Engine/DerivedDataCache/Compressed.ddp.
[2020.03.20-16.14.17:679][  0]LogDerivedDataCache: FDerivedDataBackendGraph:  EnterprisePak pak cache file ../../../Enterprise/DerivedDataCache/Compressed.ddp not found, will not use a pak cache.
[2020.03.20-16.14.17:679][  0]LogDerivedDataCache: Unable to find inner node EnterprisePak for hierarchical cache Hierarchy.
[2020.03.20-16.14.17:680][  0]LogDerivedDataCache: Using Local data cache path C:/Users/Usuario/AppData/Local/UnrealEngine/Common/DerivedDataCache: Writable
[2020.03.20-16.14.17:680][  0]LogDerivedDataCache: Shared data cache path not found in *engine.ini, will not use an Shared cache.
[2020.03.20-16.14.17:680][  0]LogDerivedDataCache: Unable to find inner node Shared for hierarchical cache Hierarchy.
[2020.03.20-16.14.17:699][  0]LogMaterial: Verifying Global Shaders for PCD3D_SM5
[2020.03.20-16.14.17:701][  0]LogSlate: Using FreeType 2.6.0
[2020.03.20-16.14.17:702][  0]LogSlate: SlateFontServices - WITH_FREETYPE: 1, WITH_HARFBUZZ: 1
[2020.03.20-16.14.17:755][  0]LogAssetRegistry: FAssetRegistry took 0.0022 seconds to start up
[2020.03.20-16.14.17:995][  0]LogInit: Selected Device Profile: [Windows]
[2020.03.20-16.14.18:130][  0]LogMeshReduction: Using QuadricMeshReduction for automatic static mesh reduction
[2020.03.20-16.14.18:130][  0]LogMeshReduction: Using SimplygonMeshReduction for automatic skeletal mesh reduction
[2020.03.20-16.14.18:130][  0]LogMeshReduction: Using ProxyLODMeshReduction for automatic mesh merging
[2020.03.20-16.14.18:130][  0]LogMeshReduction: No distributed automatic mesh merging module available
[2020.03.20-16.14.18:130][  0]LogMeshMerging: No distributed automatic mesh merging module available
[2020.03.20-16.14.18:139][  0]LogNetVersion: IsolationUE4 1.0.0, NetCL: 8386587, EngineNetVer: 11, GameNetVer: 0 (Checksum: 3818486625)
[2020.03.20-16.14.18:507][  0]LogPackageLocalizationCache: Processed 10 localized package path(s) for 1 prioritized culture(s) in 0.040118 seconds
[2020.03.20-16.14.18:513][  0]LogUObjectArray: 43008 objects as part of root set at end of initial load.
[2020.03.20-16.14.18:513][  0]LogUObjectAllocator: 7476840 out of 0 bytes used by permanent object pool.
[2020.03.20-16.14.18:513][  0]LogUObjectArray: CloseDisregardForGC: 0/0 objects in disregard for GC pool
[2020.03.20-16.14.19:278][  0]LogTcpMessaging: Initializing TcpMessaging bridge
[2020.03.20-16.14.19:281][  0]LogUdpMessaging: Initializing bridge on interface 0.0.0.0:0 to multicast group 230.0.0.1:6666.
[2020.03.20-16.14.20:694][  0]SourceControl: Source control is disabled
[2020.03.20-16.14.20:694][  0]SourceControl: Source control is disabled
[2020.03.20-16.14.20:695][  0]SourceControl: Source control is disabled
[2020.03.20-16.14.20:696][  0]SourceControl: Source control is disabled
[2020.03.20-16.14.20:786][  0]LogAndroidPermission: UAndroidPermissionCallbackProxy::GetInstance
[2020.03.20-16.14.21:121][  0]LogEngine: Initializing Engine...
[2020.03.20-16.14.21:124][  0]LogStats: UGameplayTagsManager::InitializeManager -  0.000 s
[2020.03.20-16.14.21:321][  0]LogInit: Initializing FReadOnlyCVARCache
[2020.03.20-16.14.21:338][  0]LogAIModule: Creating AISystem for world Untitled
[2020.03.20-16.14.21:399][  0]LogInit: XAudio2 using 'Los Kraken de toa la vida (Razer Kraken 7.1)' : 2 channels at 48 kHz using 16 bits per sample (channel mask 0x3)
[2020.03.20-16.14.21:434][  0]LogInit: FAudioDevice initialized.
[2020.03.20-16.14.21:434][  0]LogNetVersion: Set ProjectVersion to 1.0.0.0. Version Checksum will be recalculated on next use.
[2020.03.20-16.14.21:514][  0]LogDerivedDataCache: Saved boot cache 0.08s 108MB C:/Users/Usuario/AppData/Local/UnrealEngine/4.23/DerivedDataCache/Boot.ddc.
[2020.03.20-16.14.21:522][  0]LogInit: Texture streaming: Enabled
[2020.03.20-16.14.21:540][  0]LogEngineSessionManager: EngineSessionManager initialized
[2020.03.20-16.14.21:541][  0]LogEditorSessionSummary: Verbose: Initializing EditorSessionSummaryWriter for editor session tracking
[2020.03.20-16.14.21:541][  0]LogEditorSessionSummary: EditorSessionSummaryWriter initialized
[2020.03.20-16.14.21:610][  0]LogInit: Transaction tracking system initialized
[2020.03.20-16.14.21:641][  0]BlueprintLog: New page: Editor Load
[2020.03.20-16.14.21:721][  0]LocalizationService: Localization service is disabled
[2020.03.20-16.14.21:784][  0]LogLinker: Warning: Failed to load '/Game/FirstPersonBP/FirstPersonOverview': Can't find file.
[2020.03.20-16.14.21:784][  0]LogLinker: Warning: Failed to load '/Game/FirstPersonBP/FirstPersonOverview': Can't find file.
[2020.03.20-16.14.21:784][  0]LogUObjectGlobals: Warning: Failed to find object 'Class /Game/FirstPersonBP/FirstPersonOverview.FirstPersonOverview_C'
[2020.03.20-16.14.21:970][  0]LogFileCache: Scanning file cache for directory 'D:/UE4/CONTAGIOSOS/Isolation/IsolationUE4/Content/' took 0.00s
[2020.03.20-16.14.21:970][  0]LogCook: Display: Max memory allowance for cook 16384mb min free memory 0mb
[2020.03.20-16.14.21:970][  0]LogCook: Display: Mobile HDR setting 1
[2020.03.20-16.14.22:098][  0]SourceControl: Source control is disabled
[2020.03.20-16.14.22:098][  0]Cmd: MAP LOAD FILE="D:/UE4/CONTAGIOSOS/Isolation/IsolationUE4/Content/TopDownCPP/Maps/MenuPrincipal.umap" TEMPLATE=0 SHOWPROGRESS=1 FEATURELEVEL=3
[2020.03.20-16.14.22:098][  0]LightingResults: New page: Lighting Build
[2020.03.20-16.14.22:101][  0]LogWorld: UWorld::CleanupWorld for Untitled, bSessionEnded=true, bCleanupResources=true
[2020.03.20-16.14.22:101][  0]MapCheck: New page: Map Check
[2020.03.20-16.14.22:101][  0]LightingResults: New page: Lighting Build
[2020.03.20-16.14.22:144][  0]LogUObjectHash: Compacting FUObjectHashTables data took   2.62ms
[2020.03.20-16.14.22:169][  0]LogAIModule: Creating AISystem for world MenuPrincipal
[2020.03.20-16.14.22:170][  0]LogEditorServer: Finished looking for orphan Actors (0.000 secs)
[2020.03.20-16.14.22:194][  0]LogUObjectHash: Compacting FUObjectHashTables data took   2.38ms
[2020.03.20-16.14.22:194][  0]Cmd: MAP CHECKDEP NOCLEARLOG
[2020.03.20-16.14.22:194][  0]MapCheck: Map check complete: 0 Error(s), 0 Warning(s), took 0,082ms to complete.
[2020.03.20-16.14.22:194][  0]LogFileHelpers: Loading map 'MenuPrincipal' took 0.096
[2020.03.20-16.14.22:293][  0]LogSlate: Updating window title bar state: overlay mode, drag disabled, window buttons hidden, title bar hidden
[2020.03.20-16.14.22:300][  0]LogSlate: Updating window title bar state: overlay mode, drag disabled, window buttons hidden, title bar hidden
[2020.03.20-16.14.22:307][  0]LogSlate: Updating window title bar state: overlay mode, drag disabled, window buttons hidden, title bar hidden
[2020.03.20-16.14.22:313][  0]LogSlate: Updating window title bar state: overlay mode, drag disabled, window buttons hidden, title bar hidden
[2020.03.20-16.14.22:319][  0]LogCollectionManager: Loaded 0 collections in 0.001857 seconds
[2020.03.20-16.14.22:327][  0]LogFileCache: Scanning file cache for directory 'D:/UE4/CONTAGIOSOS/Isolation/IsolationUE4/Saved/Collections/' took 0.00s
[2020.03.20-16.14.22:327][  0]LogFileCache: Scanning file cache for directory 'D:/UE4/CONTAGIOSOS/Isolation/IsolationUE4/Content/Developers/Usuario/Collections/' took 0.00s
[2020.03.20-16.14.22:327][  0]LogFileCache: Scanning file cache for directory 'D:/UE4/CONTAGIOSOS/Isolation/IsolationUE4/Content/Collections/' took 0.00s
[2020.03.20-16.14.22:327][  0]LogCollectionManager: Rebuilt the GUID cache for 0 collections in 0.000001 seconds
[2020.03.20-16.14.22:334][  0]LogContentBrowser: Native class hierarchy populated in 0.0077 seconds. Added 2854 classes and 668 folders.
[2020.03.20-16.14.22:342][  0]LogContentBrowser: Native class hierarchy updated for 'WidgetCarousel' in 0.0004 seconds. Added 0 classes and 0 folders.
[2020.03.20-16.14.22:381][  0]LogContentBrowser: Native class hierarchy updated for 'AddContentDialog' in 0.0005 seconds. Added 0 classes and 0 folders.
[2020.03.20-16.14.22:389][  0]LogContentBrowser: Native class hierarchy updated for 'SceneOutliner' in 0.0004 seconds. Added 1 classes and 2 folders.
[2020.03.20-16.14.22:396][  0]LogContentBrowser: Native class hierarchy updated for 'WorldBrowser' in 0.0004 seconds. Added 2 classes and 3 folders.
[2020.03.20-16.14.22:481][  0]LogSlate: Took 0.000127 seconds to synchronously load lazily loaded font '../../../Engine/Content/Slate/Fonts/Roboto-Regular.ttf' (155K)
[2020.03.20-16.14.22:483][  0]LogSlate: Took 0.000152 seconds to synchronously load lazily loaded font '../../../Engine/Content/Slate/Fonts/Roboto-Bold.ttf' (160K)
[2020.03.20-16.14.22:488][  0]LogSlate: Took 0.000128 seconds to synchronously load lazily loaded font '../../../Engine/Content/Editor/Slate/Fonts/FontAwesome.ttf' (139K)
[2020.03.20-16.14.22:544][  0]LogRenderer: Reallocating scene render targets to support 1152x628 Format 10 NumSamples 1 (Frame:1).
[2020.03.20-16.14.22:613][  0]LogContentBrowser: Native class hierarchy updated for 'HierarchicalLODOutliner' in 0.0004 seconds. Added 0 classes and 0 folders.
[2020.03.20-16.14.22:613][  0]LogLoad: (Engine Initialization) Total time: 17.71 seconds
[2020.03.20-16.14.22:613][  0]LogLoad: (Engine Initialization) Total Blueprint compile time: 0.00 seconds
[2020.03.20-16.14.22:654][  0]LogAssetRegistry: Asset discovery search completed in 4.9003 seconds
[2020.03.20-16.14.22:657][  0]LogCollectionManager: Rebuilt the object cache for 0 collections in 0.000004 seconds (found 0 objects)
[2020.03.20-16.14.22:657][  0]LogCollectionManager: Fixed up redirectors for 0 collections in 0.000075 seconds (updated 0 objects)
[2020.03.20-16.14.22:659][  0]LogContentStreaming: Texture pool size now 1000 MB
[2020.03.20-16.14.22:693][  0]LogSlate: Took 0.000108 seconds to synchronously load lazily loaded font '../../../Engine/Content/Slate/Fonts/Roboto-Light.ttf' (167K)
[2020.03.20-16.14.22:712][  1]LogScript: Warning: Accessed None trying to read property CallFunc_GetPlayerPawn_ReturnValue_1
	PlayerAnimInstance_C /Engine/Transient.World_0:PersistentLevel.TopDownCharacter_C_0.CharacterMesh0.PlayerAnimInstance_C_0
	Function /Game/TopDownCPP/Player/Animations/PlayerAnimInstance.PlayerAnimInstance_C:ExecuteUbergraph_PlayerAnimInstance:00D9
[2020.03.20-16.14.23:984][ 32]LogSlate: Took 0.000162 seconds to synchronously load lazily loaded font '../../../Engine/Content/Slate/Fonts/Roboto-Light.ttf' (167K)
[2020.03.20-16.15.17:628][379]LogSlate: FSceneViewport::OnFocusLost() reason 0
[2020.03.20-16.15.17:747][390]LogAssetEditorManager: Opening Asset editor for Blueprint /Game/TopDownCPP/GameplayMechanics/Puzzle_Bombillas_BP.Puzzle_Bombillas_BP
[2020.03.20-16.15.17:960][390]LogContentBrowser: Native class hierarchy updated for 'BlueprintGraph' in 0.0006 seconds. Added 121 classes and 0 folders.
[2020.03.20-16.15.18:842][390]LogAssetEditorManager: Opening Asset editor for Blueprint /Game/TopDownCPP/Blueprints/PruebaGeneradorDeSalas.PruebaGeneradorDeSalas
[2020.03.20-16.15.19:152][390]LogAssetEditorManager: Opening Asset editor for Blueprint /Game/TopDownCPP/Blueprints/MainPlayerController_BP.MainPlayerController_BP
[2020.03.20-16.15.19:475][390]LogSlate: Took 0.000262 seconds to synchronously load lazily loaded font '../../../Engine/Content/Slate/Fonts/Roboto-BoldCondensed.ttf' (158K)
[2020.03.20-16.15.19:579][391]LogSlate: Took 0.000333 seconds to synchronously load lazily loaded font '../../../Engine/Content/Slate/Fonts/Roboto-Italic.ttf' (157K)
[2020.03.20-16.15.28:987][697]LogTemp: Repeating last play command: Standalone Game
[2020.03.20-16.15.29:043][697]LogUObjectHash: Compacting FUObjectHashTables data took   3.62ms
[2020.03.20-16.16.31:998][878]LogAssetEditorManager: Opening Asset editor for Blueprint /Game/TopDownCPP/Blueprints/TopDownCharacter.TopDownCharacter
[2020.03.20-16.16.32:299][878]LogScript: Warning: Accessed None trying to read property CallFunc_GetPlayerPawn_ReturnValue_1
	PlayerAnimInstance_C /Engine/Transient.World_5:PersistentLevel.TopDownCharacter_C_0.CharacterMesh0.PlayerAnimInstance_C_0
	Function /Game/TopDownCPP/Player/Animations/PlayerAnimInstance.PlayerAnimInstance_C:ExecuteUbergraph_PlayerAnimInstance:00D9
[2020.03.20-16.16.32:300][878]LogScript: Warning: Accessed None trying to read property CallFunc_GetPlayerPawn_ReturnValue_1
	PlayerAnimInstance_C /Engine/Transient.World_5:PersistentLevel.TopDownCharacter_C_0.CharacterMesh0.PlayerAnimInstance_C_0
	Function /Game/TopDownCPP/Player/Animations/PlayerAnimInstance.PlayerAnimInstance_C:ExecuteUbergraph_PlayerAnimInstance:00D9
[2020.03.20-16.16.32:387][879]LogScript: Warning: Accessed None trying to read property CallFunc_GetPlayerPawn_ReturnValue_1
	PlayerAnimInstance_C /Engine/Transient.World_5:PersistentLevel.TopDownCharacter_C_0.CharacterMesh0.PlayerAnimInstance_C_0
	Function /Game/TopDownCPP/Player/Animations/PlayerAnimInstance.PlayerAnimInstance_C:ExecuteUbergraph_PlayerAnimInstance:00D9
[2020.03.20-16.16.32:409][880]LogScript: Warning: Accessed None trying to read property CallFunc_GetPlayerPawn_ReturnValue_1
	PlayerAnimInstance_C /Engine/Transient.World_5:PersistentLevel.TopDownCharacter_C_0.CharacterMesh0.PlayerAnimInstance_C_0
	Function /Game/TopDownCPP/Player/Animations/PlayerAnimInstance.PlayerAnimInstance_C:ExecuteUbergraph_PlayerAnimInstance:00D9
[2020.03.20-16.16.32:417][881]LogScript: Warning: Accessed None trying to read property CallFunc_GetPlayerPawn_ReturnValue_1
	PlayerAnimInstance_C /Engine/Transient.World_5:PersistentLevel.TopDownCharacter_C_0.CharacterMesh0.PlayerAnimInstance_C_0
	Function /Game/TopDownCPP/Player/Animations/PlayerAnimInstance.PlayerAnimInstance_C:ExecuteUbergraph_PlayerAnimInstance:00D9
[2020.03.20-16.16.32:426][882]LogScript: Warning: Accessed None trying to read property CallFunc_GetPlayerPawn_ReturnValue_1
	PlayerAnimInstance_C /Engine/Transient.World_5:PersistentLevel.TopDownCharacter_C_0.CharacterMesh0.PlayerAnimInstance_C_0
	Function /Game/TopDownCPP/Player/Animations/PlayerAnimInstance.PlayerAnimInstance_C:ExecuteUbergraph_PlayerAnimInstance:00D9
[2020.03.20-16.16.32:434][883]LogScript: Warning: Accessed None trying to read property CallFunc_GetPlayerPawn_ReturnValue_1
	PlayerAnimInstance_C /Engine/Transient.World_5:PersistentLevel.TopDownCharacter_C_0.CharacterMesh0.PlayerAnimInstance_C_0
	Function /Game/TopDownCPP/Player/Animations/PlayerAnimInstance.PlayerAnimInstance_C:ExecuteUbergraph_PlayerAnimInstance:00D9
[2020.03.20-16.16.32:442][884]LogScript: Warning: Accessed None trying to read property CallFunc_GetPlayerPawn_ReturnValue_1
	PlayerAnimInstance_C /Engine/Transient.World_5:PersistentLevel.TopDownCharacter_C_0.CharacterMesh0.PlayerAnimInstance_C_0
	Function /Game/TopDownCPP/Player/Animations/PlayerAnimInstance.PlayerAnimInstance_C:ExecuteUbergraph_PlayerAnimInstance:00D9
[2020.03.20-16.16.32:451][885]LogScript: Warning: Accessed None trying to read property CallFunc_GetPlayerPawn_ReturnValue_1
	PlayerAnimInstance_C /Engine/Transient.World_5:PersistentLevel.TopDownCharacter_C_0.CharacterMesh0.PlayerAnimInstance_C_0
	Function /Game/TopDownCPP/Player/Animations/PlayerAnimInstance.PlayerAnimInstance_C:ExecuteUbergraph_PlayerAnimInstance:00D9
[2020.03.20-16.16.32:459][886]LogScript: Warning: Accessed None trying to read property CallFunc_GetPlayerPawn_ReturnValue_1
	PlayerAnimInstance_C /Engine/Transient.World_5:PersistentLevel.TopDownCharacter_C_0.CharacterMesh0.PlayerAnimInstance_C_0
	Function /Game/TopDownCPP/Player/Animations/PlayerAnimInstance.PlayerAnimInstance_C:ExecuteUbergraph_PlayerAnimInstance:00D9
[2020.03.20-16.16.32:467][887]LogScript: Warning: Accessed None trying to read property CallFunc_GetPlayerPawn_ReturnValue_1
	PlayerAnimInstance_C /Engine/Transient.World_5:PersistentLevel.TopDownCharacter_C_0.CharacterMesh0.PlayerAnimInstance_C_0
	Function /Game/TopDownCPP/Player/Animations/PlayerAnimInstance.PlayerAnimInstance_C:ExecuteUbergraph_PlayerAnimInstance:00D9
[2020.03.20-16.16.32:476][888]LogScript: Warning: Accessed None trying to read property CallFunc_GetPlayerPawn_ReturnValue_1
	PlayerAnimInstance_C /Engine/Transient.World_5:PersistentLevel.TopDownCharacter_C_0.CharacterMesh0.PlayerAnimInstance_C_0
	Function /Game/TopDownCPP/Player/Animations/PlayerAnimInstance.PlayerAnimInstance_C:ExecuteUbergraph_PlayerAnimInstance:00D9
[2020.03.20-16.16.32:484][889]LogScript: Warning: Accessed None trying to read property CallFunc_GetPlayerPawn_ReturnValue_1
	PlayerAnimInstance_C /Engine/Transient.World_5:PersistentLevel.TopDownCharacter_C_0.CharacterMesh0.PlayerAnimInstance_C_0
	Function /Game/TopDownCPP/Player/Animations/PlayerAnimInstance.PlayerAnimInstance_C:ExecuteUbergraph_PlayerAnimInstance:00D9
[2020.03.20-16.16.32:493][890]LogScript: Warning: Accessed None trying to read property CallFunc_GetPlayerPawn_ReturnValue_1
	PlayerAnimInstance_C /Engine/Transient.World_5:PersistentLevel.TopDownCharacter_C_0.CharacterMesh0.PlayerAnimInstance_C_0
	Function /Game/TopDownCPP/Player/Animations/PlayerAnimInstance.PlayerAnimInstance_C:ExecuteUbergraph_PlayerAnimInstance:00D9
[2020.03.20-16.16.32:501][891]LogScript: Warning: Accessed None trying to read property CallFunc_GetPlayerPawn_ReturnValue_1
	PlayerAnimInstance_C /Engine/Transient.World_5:PersistentLevel.TopDownCharacter_C_0.CharacterMesh0.PlayerAnimInstance_C_0
	Function /Game/TopDownCPP/Player/Animations/PlayerAnimInstance.PlayerAnimInstance_C:ExecuteUbergraph_PlayerAnimInstance:00D9
[2020.03.20-16.16.32:509][892]LogScript: Warning: Accessed None trying to read property CallFunc_GetPlayerPawn_ReturnValue_1
	PlayerAnimInstance_C /Engine/Transient.World_5:PersistentLevel.TopDownCharacter_C_0.CharacterMesh0.PlayerAnimInstance_C_0
	Function /Game/TopDownCPP/Player/Animations/PlayerAnimInstance.PlayerAnimInstance_C:ExecuteUbergraph_PlayerAnimInstance:00D9
[2020.03.20-16.16.52:552][286]BlueprintLog: New page: Compile TopDownCharacter
[2020.03.20-16.16.53:369][286]LogScript: Warning: Accessed None trying to read property CallFunc_GetPlayerPawn_ReturnValue_1
	PlayerAnimInstance_C /Engine/Transient.World_0:PersistentLevel.TopDownCharacter_C_0.CharacterMesh0.PlayerAnimInstance_C_1
	Function /Game/TopDownCPP/Player/Animations/PlayerAnimInstance.PlayerAnimInstance_C:ExecuteUbergraph_PlayerAnimInstance:00D9
[2020.03.20-16.16.53:370][286]LogScript: Warning: Accessed None trying to read property CallFunc_GetPlayerPawn_ReturnValue_1
	PlayerAnimInstance_C /Engine/Transient.World_5:PersistentLevel.TopDownCharacter_C_0.CharacterMesh0.PlayerAnimInstance_C_1
	Function /Game/TopDownCPP/Player/Animations/PlayerAnimInstance.PlayerAnimInstance_C:ExecuteUbergraph_PlayerAnimInstance:00D9
[2020.03.20-16.16.53:619][286]LogUObjectHash: Compacting FUObjectHashTables data took   4.47ms
[2020.03.20-16.16.53:674][286]LogScript: Warning: Accessed None trying to read property CallFunc_GetPlayerPawn_ReturnValue_1
	PlayerAnimInstance_C /Engine/Transient.World_0:PersistentLevel.TopDownCharacter_C_0.CharacterMesh0.PlayerAnimInstance_C_1
	Function /Game/TopDownCPP/Player/Animations/PlayerAnimInstance.PlayerAnimInstance_C:ExecuteUbergraph_PlayerAnimInstance:00D9
[2020.03.20-16.16.53:675][286]LogScript: Warning: Accessed None trying to read property CallFunc_GetPlayerPawn_ReturnValue_1
	PlayerAnimInstance_C /Engine/Transient.World_5:PersistentLevel.TopDownCharacter_C_0.CharacterMesh0.PlayerAnimInstance_C_1
	Function /Game/TopDownCPP/Player/Animations/PlayerAnimInstance.PlayerAnimInstance_C:ExecuteUbergraph_PlayerAnimInstance:00D9
[2020.03.20-16.16.53:732][286]LogScript: Warning: Accessed None trying to read property CallFunc_GetPlayerPawn_ReturnValue_1
	PlayerAnimInstance_C /Engine/Transient.World_5:PersistentLevel.TopDownCharacter_C_0.CharacterMesh0.PlayerAnimInstance_C_1
	Function /Game/TopDownCPP/Player/Animations/PlayerAnimInstance.PlayerAnimInstance_C:ExecuteUbergraph_PlayerAnimInstance:00D9
[2020.03.20-16.16.53:761][286]Cmd: OBJ SAVEPACKAGE PACKAGE="/Game/TopDownCPP/Blueprints/TopDownCharacter" FILE="D:/UE4/CONTAGIOSOS/Isolation/IsolationUE4/Content/TopDownCPP/Blueprints/TopDownCharacter.uasset" SILENT=true
[2020.03.20-16.16.53:814][286]LogSavePackage: Moving 'D:/UE4/CONTAGIOSOS/Isolation/IsolationUE4/Saved/TopDownCharacter9D2EF26746ADEA55D4B2C7BE9565A1FB.tmp' to 'D:/UE4/CONTAGIOSOS/Isolation/IsolationUE4/Content/TopDownCPP/Blueprints/TopDownCharacter.uasset'
[2020.03.20-16.16.53:829][286]LogScript: Warning: Accessed None trying to read property CallFunc_GetPlayerPawn_ReturnValue_1
	PlayerAnimInstance_C /Engine/Transient.World_5:PersistentLevel.TopDownCharacter_C_0.CharacterMesh0.PlayerAnimInstance_C_1
	Function /Game/TopDownCPP/Player/Animations/PlayerAnimInstance.PlayerAnimInstance_C:ExecuteUbergraph_PlayerAnimInstance:00D9
[2020.03.20-16.16.54:100][287]LogScript: Warning: Accessed None trying to read property CallFunc_GetPlayerPawn_ReturnValue_1
	PlayerAnimInstance_C /Engine/Transient.World_5:PersistentLevel.TopDownCharacter_C_0.CharacterMesh0.PlayerAnimInstance_C_1
	Function /Game/TopDownCPP/Player/Animations/PlayerAnimInstance.PlayerAnimInstance_C:ExecuteUbergraph_PlayerAnimInstance:00D9
[2020.03.20-16.16.54:117][288]LogScript: Warning: Accessed None trying to read property CallFunc_GetPlayerPawn_ReturnValue_1
	PlayerAnimInstance_C /Engine/Transient.World_5:PersistentLevel.TopDownCharacter_C_0.CharacterMesh0.PlayerAnimInstance_C_1
	Function /Game/TopDownCPP/Player/Animations/PlayerAnimInstance.PlayerAnimInstance_C:ExecuteUbergraph_PlayerAnimInstance:00D9
[2020.03.20-16.16.54:124][289]LogScript: Warning: Accessed None trying to read property CallFunc_GetPlayerPawn_ReturnValue_1
	PlayerAnimInstance_C /Engine/Transient.World_5:PersistentLevel.TopDownCharacter_C_0.CharacterMesh0.PlayerAnimInstance_C_1
	Function /Game/TopDownCPP/Player/Animations/PlayerAnimInstance.PlayerAnimInstance_C:ExecuteUbergraph_PlayerAnimInstance:00D9
[2020.03.20-16.16.54:133][290]LogScript: Warning: Accessed None trying to read property CallFunc_GetPlayerPawn_ReturnValue_1
	PlayerAnimInstance_C /Engine/Transient.World_5:PersistentLevel.TopDownCharacter_C_0.CharacterMesh0.PlayerAnimInstance_C_1
	Function /Game/TopDownCPP/Player/Animations/PlayerAnimInstance.PlayerAnimInstance_C:ExecuteUbergraph_PlayerAnimInstance:00D9
[2020.03.20-16.16.54:142][291]LogScript: Warning: Accessed None trying to read property CallFunc_GetPlayerPawn_ReturnValue_1
	PlayerAnimInstance_C /Engine/Transient.World_5:PersistentLevel.TopDownCharacter_C_0.CharacterMesh0.PlayerAnimInstance_C_1
	Function /Game/TopDownCPP/Player/Animations/PlayerAnimInstance.PlayerAnimInstance_C:ExecuteUbergraph_PlayerAnimInstance:00D9
[2020.03.20-16.16.54:153][292]LogScript: Warning: Accessed None trying to read property CallFunc_GetPlayerPawn_ReturnValue_1
	PlayerAnimInstance_C /Engine/Transient.World_5:PersistentLevel.TopDownCharacter_C_0.CharacterMesh0.PlayerAnimInstance_C_1
	Function /Game/TopDownCPP/Player/Animations/PlayerAnimInstance.PlayerAnimInstance_C:ExecuteUbergraph_PlayerAnimInstance:00D9
[2020.03.20-16.16.54:163][293]LogScript: Warning: Accessed None trying to read property CallFunc_GetPlayerPawn_ReturnValue_1
	PlayerAnimInstance_C /Engine/Transient.World_5:PersistentLevel.TopDownCharacter_C_0.CharacterMesh0.PlayerAnimInstance_C_1
	Function /Game/TopDownCPP/Player/Animations/PlayerAnimInstance.PlayerAnimInstance_C:ExecuteUbergraph_PlayerAnimInstance:00D9
[2020.03.20-16.16.54:172][294]LogScript: Warning: Accessed None trying to read property CallFunc_GetPlayerPawn_ReturnValue_1
	PlayerAnimInstance_C /Engine/Transient.World_5:PersistentLevel.TopDownCharacter_C_0.CharacterMesh0.PlayerAnimInstance_C_1
	Function /Game/TopDownCPP/Player/Animations/PlayerAnimInstance.PlayerAnimInstance_C:ExecuteUbergraph_PlayerAnimInstance:00D9
[2020.03.20-16.16.54:182][295]LogScript: Warning: Accessed None trying to read property CallFunc_GetPlayerPawn_ReturnValue_1
	PlayerAnimInstance_C /Engine/Transient.World_5:PersistentLevel.TopDownCharacter_C_0.CharacterMesh0.PlayerAnimInstance_C_1
	Function /Game/TopDownCPP/Player/Animations/PlayerAnimInstance.PlayerAnimInstance_C:ExecuteUbergraph_PlayerAnimInstance:00D9
[2020.03.20-16.16.54:193][296]LogScript: Warning: Accessed None trying to read property CallFunc_GetPlayerPawn_ReturnValue_1
	PlayerAnimInstance_C /Engine/Transient.World_5:PersistentLevel.TopDownCharacter_C_0.CharacterMesh0.PlayerAnimInstance_C_1
	Function /Game/TopDownCPP/Player/Animations/PlayerAnimInstance.PlayerAnimInstance_C:ExecuteUbergraph_PlayerAnimInstance:00D9
[2020.03.20-16.16.54:201][297]LogScript: Warning: Accessed None trying to read property CallFunc_GetPlayerPawn_ReturnValue_1
	PlayerAnimInstance_C /Engine/Transient.World_5:PersistentLevel.TopDownCharacter_C_0.CharacterMesh0.PlayerAnimInstance_C_1
	Function /Game/TopDownCPP/Player/Animations/PlayerAnimInstance.PlayerAnimInstance_C:ExecuteUbergraph_PlayerAnimInstance:00D9
[2020.03.20-16.16.55:499][451]LogTemp: Repeating last play command: Standalone Game
[2020.03.20-16.16.55:568][451]LogUObjectHash: Compacting FUObjectHashTables data took   4.10ms
[2020.03.20-16.17.35:548][277]LogAssetEditorManager: Opening Asset editor for Blueprint /Game/TopDownCPP/Niveles/Nivel_Trampilla.Nivel_Trampilla
[2020.03.20-16.17.37:222][373]LogRenderer: Reallocating scene render targets to support 1152x708 Format 10 NumSamples 1 (Frame:1).
[2020.03.20-16.17.54:345][378]LogSlate: FSceneViewport::OnFocusLost() reason 0
[2020.03.20-16.17.56:949][687]LogSlate: FSceneViewport::OnFocusLost() reason 0
[2020.03.20-16.17.59:706][995]LogSlate: FSceneViewport::OnFocusLost() reason 0
[2020.03.20-16.18.01:571][216]LogSlate: FSceneViewport::OnFocusLost() reason 0
[2020.03.20-16.18.05:748][694]LogSlate: FSceneViewport::OnFocusLost() reason 0
[2020.03.20-16.18.07:700][925]LogSlate: FSceneViewport::OnFocusLost() reason 0
[2020.03.20-16.18.10:147][196]LogSlate: FSceneViewport::OnFocusLost() reason 0
[2020.03.20-16.18.13:032][519]LogSlate: FSceneViewport::OnFocusLost() reason 0
[2020.03.20-16.18.17:478][ 28]LogSlate: FSceneViewport::OnFocusLost() reason 0
[2020.03.20-16.18.20:879][433]LogSlate: FSceneViewport::OnFocusLost() reason 0
[2020.03.20-16.18.23:507][745]LogSlate: FSceneViewport::OnFocusLost() reason 0
[2020.03.20-16.18.25:940][ 12]LogSlate: FSceneViewport::OnFocusLost() reason 0
[2020.03.20-16.18.29:768][448]LogSlate: FSceneViewport::OnFocusLost() reason 0
[2020.03.20-16.18.34:221][959]LogSlate: FSceneViewport::OnFocusLost() reason 0
[2020.03.20-16.18.36:235][198]LogSlate: FSceneViewport::OnFocusLost() reason 0
[2020.03.20-16.18.39:236][555]LogSlate: FSceneViewport::OnFocusLost() reason 0
[2020.03.20-16.18.44:806][215]LogSlate: FSceneViewport::OnFocusLost() reason 0
[2020.03.20-16.18.48:547][639]LogSlate: FSceneViewport::OnFocusLost() reason 0
[2020.03.20-16.18.51:296][966]LogSlate: FSceneViewport::OnFocusLost() reason 0
[2020.03.20-16.18.54:250][297]LogSlate: FSceneViewport::OnFocusLost() reason 0
[2020.03.20-16.18.57:255][655]LogSlate: FSceneViewport::OnFocusLost() reason 0
[2020.03.20-16.18.59:656][920]LogSlate: FSceneViewport::OnFocusLost() reason 0
[2020.03.20-16.19.02:190][201]LogSlate: FSceneViewport::OnFocusLost() reason 0
[2020.03.20-16.19.05:209][539]LogSlate: FSceneViewport::OnFocusLost() reason 0
[2020.03.20-16.19.09:587][ 40]LogSlate: FSceneViewport::OnFocusLost() reason 0
[2020.03.20-16.19.13:564][514]LogSlate: FSceneViewport::OnFocusLost() reason 0
[2020.03.20-16.19.16:434][836]LogSlate: FSceneViewport::OnFocusLost() reason 0
[2020.03.20-16.19.18:739][ 90]LogSlate: FSceneViewport::OnFocusLost() reason 0
[2020.03.20-16.19.21:046][343]LogSlate: FSceneViewport::OnFocusLost() reason 0
[2020.03.20-16.19.23:469][609]LogSlate: FSceneViewport::OnFocusLost() reason 0
[2020.03.20-16.19.26:477][946]LogSlate: FSceneViewport::OnFocusLost() reason 0
[2020.03.20-16.19.29:610][298]LogSlate: FSceneViewport::OnFocusLost() reason 0
[2020.03.20-16.19.31:707][547]LogSlate: FSceneViewport::OnFocusLost() reason 0
[2020.03.20-16.19.34:334][840]LogSlate: FSceneViewport::OnFocusLost() reason 0
[2020.03.20-16.20.08:304][858]LogSlate: FSceneViewport::OnFocusLost() reason 0
[2020.03.20-16.20.10:053][ 64]LogSlate: FSceneViewport::OnFocusLost() reason 0
[2020.03.20-16.20.14:043][515]LogSlate: FSceneViewport::OnFocusLost() reason 0
[2020.03.20-16.20.17:781][938]LogSlate: FSceneViewport::OnFocusLost() reason 0
[2020.03.20-16.20.21:141][298]LogSlate: FSceneViewport::OnFocusLost() reason 0
[2020.03.20-16.20.26:209][899]LogSlate: FSceneViewport::OnFocusLost() reason 0
[2020.03.20-16.20.37:024][158]LogSlate: FSceneViewport::OnFocusLost() reason 0
[2020.03.20-16.20.46:170][233]LogSlate: FSceneViewport::OnFocusLost() reason 0
[2020.03.20-16.20.48:040][434]LogSlate: FSceneViewport::OnFocusLost() reason 0
[2020.03.20-16.20.56:374][399]LogSlate: FSceneViewport::OnFocusLost() reason 0
[2020.03.20-16.20.58:343][632]LogSlate: FSceneViewport::OnFocusLost() reason 0
[2020.03.20-16.21.02:175][ 65]LogSlate: FSceneViewport::OnFocusLost() reason 0
[2020.03.20-16.21.05:340][418]LogSlate: FSceneViewport::OnFocusLost() reason 0
[2020.03.20-16.21.12:733][272]LogSlate: FSceneViewport::OnFocusLost() reason 0
[2020.03.20-16.21.14:483][479]LogSlate: FSceneViewport::OnFocusLost() reason 0
[2020.03.20-16.21.16:934][748]LogSlate: FSceneViewport::OnFocusLost() reason 0
[2020.03.20-16.21.20:768][184]LogSlate: FSceneViewport::OnFocusLost() reason 0
[2020.03.20-16.21.23:707][533]LogSlate: FSceneViewport::OnFocusLost() reason 0
[2020.03.20-16.21.26:379][848]LogSlate: FSceneViewport::OnFocusLost() reason 0
[2020.03.20-16.21.28:934][130]LogSlate: FSceneViewport::OnFocusLost() reason 0
[2020.03.20-16.21.33:048][597]LogSlate: FSceneViewport::OnFocusLost() reason 0
[2020.03.20-16.21.33:130][606]BlueprintLog: New page: Compile Nivel_Trampilla
[2020.03.20-16.21.34:156][606]LogUObjectHash: Compacting FUObjectHashTables data took   4.84ms
[2020.03.20-16.21.34:338][606]Cmd: OBJ SAVEPACKAGE PACKAGE="/Game/TopDownCPP/Niveles/Nivel_Trampilla" FILE="D:/UE4/CONTAGIOSOS/Isolation/IsolationUE4/Content/TopDownCPP/Niveles/Nivel_Trampilla.uasset" SILENT=true
[2020.03.20-16.21.34:450][606]LogSavePackage: Moving 'D:/UE4/CONTAGIOSOS/Isolation/IsolationUE4/Saved/Nivel_Trampilla07F495C7401A81F0850297B096BE4B6C.tmp' to 'D:/UE4/CONTAGIOSOS/Isolation/IsolationUE4/Content/TopDownCPP/Niveles/Nivel_Trampilla.uasset'
[2020.03.20-16.21.34:685][623]Cmd: OBJ SAVEPACKAGE PACKAGE="/Game/TopDownCPP/Niveles/Nivel_Trampilla" FILE="D:/UE4/CONTAGIOSOS/Isolation/IsolationUE4/Content/TopDownCPP/Niveles/Nivel_Trampilla.uasset" SILENT=true
[2020.03.20-16.21.34:784][623]LogSavePackage: Moving 'D:/UE4/CONTAGIOSOS/Isolation/IsolationUE4/Saved/Nivel_Trampilla16B9DABC44511287C174B3A9884276B4.tmp' to 'D:/UE4/CONTAGIOSOS/Isolation/IsolationUE4/Content/TopDownCPP/Niveles/Nivel_Trampilla.uasset'
[2020.03.20-16.21.52:765][757]LogSlate: FSceneViewport::OnFocusLost() reason 0
[2020.03.20-16.22.25:221][628]LogSlate: FSceneViewport::OnFocusLost() reason 0
[2020.03.20-16.22.39:040][233]LogSlate: FSceneViewport::OnFocusLost() reason 0
[2020.03.20-16.22.45:517][979]LogSlate: FSceneViewport::OnFocusLost() reason 0
[2020.03.20-16.22.56:797][282]LogSlate: FSceneViewport::OnFocusLost() reason 0
[2020.03.20-16.22.56:880][292]BlueprintLog: New page: Compile Nivel_Trampilla
[2020.03.20-16.22.57:349][292]LogUObjectHash: Compacting FUObjectHashTables data took   4.62ms
[2020.03.20-16.22.57:524][292]Cmd: OBJ SAVEPACKAGE PACKAGE="/Game/TopDownCPP/Niveles/Nivel_Trampilla" FILE="D:/UE4/CONTAGIOSOS/Isolation/IsolationUE4/Content/TopDownCPP/Niveles/Nivel_Trampilla.uasset" SILENT=true
[2020.03.20-16.22.57:632][292]LogSavePackage: Moving 'D:/UE4/CONTAGIOSOS/Isolation/IsolationUE4/Saved/Nivel_Trampilla1AF40BBB41120C1660106EB691D63F3A.tmp' to 'D:/UE4/CONTAGIOSOS/Isolation/IsolationUE4/Content/TopDownCPP/Niveles/Nivel_Trampilla.uasset'
[2020.03.20-16.22.57:788][300]Cmd: OBJ SAVEPACKAGE PACKAGE="/Game/TopDownCPP/Niveles/Nivel_Trampilla" FILE="D:/UE4/CONTAGIOSOS/Isolation/IsolationUE4/Content/TopDownCPP/Niveles/Nivel_Trampilla.uasset" SILENT=true
[2020.03.20-16.22.57:886][300]LogSavePackage: Moving 'D:/UE4/CONTAGIOSOS/Isolation/IsolationUE4/Saved/Nivel_Trampilla645503474CD994FCB3930497FF215EFE.tmp' to 'D:/UE4/CONTAGIOSOS/Isolation/IsolationUE4/Content/TopDownCPP/Niveles/Nivel_Trampilla.uasset'
[2020.03.20-16.23.03:057][918]LogTemp: Repeating last play command: Standalone Game
[2020.03.20-16.23.03:122][918]LogUObjectHash: Compacting FUObjectHashTables data took   3.81ms
[2020.03.20-16.24.23:270][276]LogEditorSessionSummary: EditorSessionSummary sent report. Type=Shutdown, SessionId={03ABCB15-4F4D-B3F9-AF1C-2BB8799987A4}
[2020.03.20-16.27.44:943][ 89]LogWorld: UWorld::CleanupWorld for World_2, bSessionEnded=true, bCleanupResources=true
[2020.03.20-16.27.45:801][165]LogActorComponent: UnregisterComponent: (/Engine/Transient.EditorFloorComp) Not registered. Aborting.
[2020.03.20-16.27.45:801][165]LogWorld: UWorld::CleanupWorld for World_3, bSessionEnded=true, bCleanupResources=true
[2020.03.20-16.27.46:337][223]LogActorComponent: UnregisterComponent: (/Engine/Transient.EditorFloorComp) Not registered. Aborting.
[2020.03.20-16.27.46:337][223]LogWorld: UWorld::CleanupWorld for World_5, bSessionEnded=true, bCleanupResources=true
[2020.03.20-16.27.46:801][270]LogActorComponent: UnregisterComponent: (/Engine/Transient.EditorFloorComp) Not registered. Aborting.
[2020.03.20-16.27.46:801][270]LogWorld: UWorld::CleanupWorld for World_22, bSessionEnded=true, bCleanupResources=true
[2020.03.20-16.27.47:537][350]LogActorComponent: UnregisterComponent: (/Engine/Transient.EditorFloorComp) Not registered. Aborting.
[2020.03.20-16.27.47:537][350]LogWorld: UWorld::CleanupWorld for World_1, bSessionEnded=true, bCleanupResources=true
[2020.03.20-16.27.51:496][813]LogAssetEditorManager: Opening Asset editor for Blueprint /Game/TopDownCPP/Effects/VolumetricGas/Volumetrics_BP.Volumetrics_BP
[2020.03.20-16.28.05:774][488]BlueprintLog: New page: Compile Volumetrics_BP
[2020.03.20-16.28.06:085][488]LogUObjectHash: Compacting FUObjectHashTables data took   3.77ms
[2020.03.20-16.28.06:489][517]LogSavePackage: Moving 'D:/UE4/CONTAGIOSOS/Isolation/IsolationUE4/Saved/Volumetrics_BP7182CCAE4FF98B4B4E43B2BB36C0AAA7.tmp' to 'D:/UE4/CONTAGIOSOS/Isolation/IsolationUE4/Content/TopDownCPP/Effects/VolumetricGas/Volumetrics_BP.uasset'
[2020.03.20-16.28.06:999][576]LogWorld: UWorld::CleanupWorld for World_25, bSessionEnded=true, bCleanupResources=true
[2020.03.20-16.28.20:008][130]LogAssetEditorManager: Opening Asset editor for Blueprint /Game/TopDownCPP/Effects/VolumetricGas/Volumetrics_BP.Volumetrics_BP
[2020.03.20-16.28.33:367][696]BlueprintLog: New page: Compile Volumetrics_BP
[2020.03.20-16.28.33:682][696]LogUObjectHash: Compacting FUObjectHashTables data took   3.87ms
[2020.03.20-16.28.33:926][707]LogSavePackage: Moving 'D:/UE4/CONTAGIOSOS/Isolation/IsolationUE4/Saved/Volumetrics_BP0CD137F34E7AFD5375D484BDF9A99754.tmp' to 'D:/UE4/CONTAGIOSOS/Isolation/IsolationUE4/Content/TopDownCPP/Effects/VolumetricGas/Volumetrics_BP.uasset'
[2020.03.20-16.28.34:567][782]LogWorld: UWorld::CleanupWorld for World_26, bSessionEnded=true, bCleanupResources=true
[2020.03.20-16.29.07:786][725]LogAssetEditorManager: Opening Asset editor for Blueprint /Game/TopDownCPP/Niveles/Nivel_Laser04.Nivel_Laser04
[2020.03.20-16.29.11:499][ 79]LogSlate: FSceneViewport::OnFocusLost() reason 0
[2020.03.20-16.29.12:358][177]LogAssetEditorManager: Opening Asset editor for Blueprint /Game/TopDownCPP/Niveles/Nivel_Laser03.Nivel_Laser03
[2020.03.20-16.29.14:524][360]LogWorld: UWorld::CleanupWorld for World_29, bSessionEnded=true, bCleanupResources=true
[2020.03.20-16.33.19:216][599]LogSlate: FSceneViewport::OnFocusLost() reason 2
[2020.03.20-16.33.19:713][646]LogSlate: FSceneViewport::OnFocusLost() reason 2
[2020.03.20-16.33.25:544][307]LogSlate: FSceneViewport::OnFocusLost() reason 2
[2020.03.20-16.33.26:238][372]LogSlate: FSceneViewport::OnFocusLost() reason 2
[2020.03.20-16.33.34:299][278]LogSlate: FSceneViewport::OnFocusLost() reason 2
[2020.03.20-16.33.34:838][332]LogSlate: FSceneViewport::OnFocusLost() reason 2
[2020.03.20-16.33.37:001][533]LogSlate: FSceneViewport::OnFocusLost() reason 2
[2020.03.20-16.33.37:562][591]LogSlate: FSceneViewport::OnFocusLost() reason 2
[2020.03.20-16.33.50:648][ 30]LogSlate: FSceneViewport::OnFocusLost() reason 2
[2020.03.20-16.33.51:246][ 91]LogSlate: FSceneViewport::OnFocusLost() reason 2
[2020.03.20-16.33.53:891][341]LogSlate: FSceneViewport::OnFocusLost() reason 2
[2020.03.20-16.33.54:593][414]LogSlate: FSceneViewport::OnFocusLost() reason 2
[2020.03.20-16.34.20:527][376]LogSlate: FSceneViewport::OnFocusLost() reason 2
[2020.03.20-16.34.21:595][474]LogSlate: FSceneViewport::OnFocusLost() reason 2
[2020.03.20-16.34.43:465][640]LogSlate: FSceneViewport::OnFocusLost() reason 0
[2020.03.20-16.34.52:797][664]LogSlate: FSceneViewport::OnFocusLost() reason 2
[2020.03.20-16.34.53:913][786]LogSlate: FSceneViewport::OnFocusLost() reason 2
[2020.03.20-16.35.08:862][430]LogSlate: FSceneViewport::OnFocusLost() reason 2
[2020.03.20-16.35.10:759][633]LogSlate: FSceneViewport::OnFocusLost() reason 2
[2020.03.20-16.35.30:768][862]LogSlate: FSceneViewport::OnFocusLost() reason 0
[2020.03.20-16.35.30:851][872]BlueprintLog: New page: Compile Nivel_Laser04
[2020.03.20-16.35.32:831][872]LogUObjectHash: Compacting FUObjectHashTables data took   7.58ms
[2020.03.20-16.35.32:915][872]Cmd: OBJ SAVEPACKAGE PACKAGE="/Game/TopDownCPP/Niveles/Nivel_Laser04" FILE="D:/UE4/CONTAGIOSOS/Isolation/IsolationUE4/Content/TopDownCPP/Niveles/Nivel_Laser04.uasset" SILENT=true
[2020.03.20-16.35.33:013][872]LogSavePackage: Moving 'D:/UE4/CONTAGIOSOS/Isolation/IsolationUE4/Saved/Nivel_Laser04EF1969F949F033318678F295B73C4AB9.tmp' to 'D:/UE4/CONTAGIOSOS/Isolation/IsolationUE4/Content/TopDownCPP/Niveles/Nivel_Laser04.uasset'
[2020.03.20-16.36.28:463][506]LogAssetEditorManager: Opening Asset editor for Blueprint /Game/TopDownCPP/Blueprints/MainPlayerController_BP.MainPlayerController_BP
[2020.03.20-16.36.38:512][655]BlueprintLog: New page: Compile MainPlayerController_BP
[2020.03.20-16.36.39:651][655]LogUObjectHash: Compacting FUObjectHashTables data took   5.11ms
[2020.03.20-16.36.39:811][655]Cmd: OBJ SAVEPACKAGE PACKAGE="/Game/TopDownCPP/Blueprints/MainPlayerController_BP" FILE="D:/UE4/CONTAGIOSOS/Isolation/IsolationUE4/Content/TopDownCPP/Blueprints/MainPlayerController_BP.uasset" SILENT=true
[2020.03.20-16.36.39:857][655]LogSavePackage: Moving 'D:/UE4/CONTAGIOSOS/Isolation/IsolationUE4/Saved/MainPlayerController_BP2830F52E41846F615EA8A2AB666FB20D.tmp' to 'D:/UE4/CONTAGIOSOS/Isolation/IsolationUE4/Content/TopDownCPP/Blueprints/MainPlayerController_BP.uasset'
[2020.03.20-16.36.44:765][231]LogTemp: Repeating last play command: Standalone Game
[2020.03.20-16.36.44:836][231]LogUObjectHash: Compacting FUObjectHashTables data took   4.45ms
[2020.03.20-16.37.44:622][696]LogAssetEditorManager: Opening Asset editor for Blueprint /Game/TopDownCPP/GameplayMechanics/Puzzle_Bombillas_BP.Puzzle_Bombillas_BP
[2020.03.20-16.38.24:157][247]LogWorld: UWorld::CleanupWorld for World_44, bSessionEnded=true, bCleanupResources=true
[2020.03.20-16.38.25:827][439]LogActorComponent: UnregisterComponent: (/Engine/Transient.EditorFloorComp) Not registered. Aborting.
[2020.03.20-16.38.25:827][439]LogWorld: UWorld::CleanupWorld for World_31, bSessionEnded=true, bCleanupResources=true
[2020.03.20-16.38.28:248][716]LogTemp: Repeating last play command: Standalone Game
[2020.03.20-16.38.28:297][716]LogUObjectHash: Compacting FUObjectHashTables data took   3.26ms
[2020.03.20-16.39.14:861][ 91]LogUObjectHash: Compacting FUObjectHashTables data took   0.81ms
